This is pdfTeX, Version 3.14159265-2.6-1.40.16 (TeX Live 2015) (preloaded format=pdflatex 2016.5.28)  31 OCT 2016 17:01
entering extended mode
 restricted \write18 enabled.
 %&-line parsing enabled.
**template
(./template.tex
LaTeX2e <2016/03/31>
Babel <3.9q> and hyphenation patterns for 3 language(s) loaded.

LaTeX Warning: File `example.eps' already exists on the system.
               Not generating it from this source.

(./svjour3.cls
Document Class: svjour3 2007/05/08 v3.2 
LaTeX document class for Springer journals
(/home/blackarrow/texlive/2016/texmf-dist/tex/latex/base/fleqn.clo
File: fleqn.clo 2015/03/31 v1.1i Standard LaTeX option (flush left equations)
\mathindent=\dimen102
Applying: [2015/01/01] Make \[ robust on input line 50.
LaTeX Info: Redefining \[ on input line 51.
Already applied: [0000/00/00] Make \[ robust on input line 62.
Applying: [2015/01/01] Make \] robust on input line 74.
LaTeX Info: Redefining \] on input line 75.
Already applied: [0000/00/00] Make \] robust on input line 83.
)
Class Springer-SVJour3 Info: extra/valid Springer sub-package (-> *.clo) 
(Springer-SVJour3)           not found in option list of \documentclass
(Springer-SVJour3)           - autoactivating "global" style.

(./svglov3.clo
File: svglov3.clo 2009/12/18 v3.2 style option for standardised journals

SVJour Class option: svglov3.clo for standardised journals
)
LaTeX Font Info:    Redeclaring math symbol \Gamma on input line 147.
LaTeX Font Info:    Redeclaring math symbol \Delta on input line 148.
LaTeX Font Info:    Redeclaring math symbol \Theta on input line 149.
LaTeX Font Info:    Redeclaring math symbol \Lambda on input line 150.
LaTeX Font Info:    Redeclaring math symbol \Xi on input line 151.
LaTeX Font Info:    Redeclaring math symbol \Pi on input line 152.
LaTeX Font Info:    Redeclaring math symbol \Sigma on input line 153.
LaTeX Font Info:    Redeclaring math symbol \Upsilon on input line 154.
LaTeX Font Info:    Redeclaring math symbol \Phi on input line 155.
LaTeX Font Info:    Redeclaring math symbol \Psi on input line 156.
LaTeX Font Info:    Redeclaring math symbol \Omega on input line 157.
\logodepth=\dimen103
\headerboxheight=\dimen104
\betweenumberspace=\dimen105
\aftertext=\dimen106
\headlineindent=\dimen107
\c@inst=\count79
\c@auth=\count80
\instindent=\dimen108
\authrun=\box26
\authorrunning=\toks14
\titrun=\box27
\titlerunning=\toks15
\combirun=\box28
\c@lastpage=\count81
\rubricwidth=\dimen109
\c@section=\count82
\c@subsection=\count83
\c@subsubsection=\count84
\c@paragraph=\count85
\c@subparagraph=\count86
\spthmsep=\dimen110
\c@theorem=\count87
\c@case=\count88
\c@conjecture=\count89
\c@corollary=\count90
\c@definition=\count91
\c@example=\count92
\c@exercise=\count93
\c@lemma=\count94
\c@note=\count95
\c@problem=\count96
\c@property=\count97
\c@proposition=\count98
\c@question=\count99
\c@solution=\count100
\c@remark=\count101
\c@figure=\count102
\c@table=\count103
\abovecaptionskip=\skip41
\belowcaptionskip=\skip42
\figcapgap=\dimen111
\tabcapgap=\dimen112
\figgap=\dimen113
\bibindent=\dimen114
\@tempcntc=\count104
) (/home/blackarrow/texlive/2016/texmf-dist/tex/latex/natbib/natbib.sty
Package: natbib 2010/09/13 8.31b (PWD, AO)
\bibhang=\skip43
\bibsep=\skip44
LaTeX Info: Redefining \cite on input line 694.
\c@NAT@ctr=\count105
)
(/home/blackarrow/texlive/2016/texmf-dist/tex/latex/amsfonts/amssymb.sty
Package: amssymb 2013/01/14 v3.01 AMS font symbols

(/home/blackarrow/texlive/2016/texmf-dist/tex/latex/amsfonts/amsfonts.sty
Package: amsfonts 2013/01/14 v3.01 Basic AMSFonts support
\@emptytoks=\toks16
\symAMSa=\mathgroup4
\symAMSb=\mathgroup5
LaTeX Font Info:    Overwriting math alphabet `\mathfrak' in version `bold'
(Font)                  U/euf/m/n --> U/euf/b/n on input line 106.
))
(/home/blackarrow/texlive/2016/texmf-dist/tex/latex/amsmath/amsmath.sty
Package: amsmath 2016/03/10 v2.15b AMS math features
\@mathmargin=\skip45

For additional information on amsmath, use the `?' option.
(/home/blackarrow/texlive/2016/texmf-dist/tex/latex/amsmath/amstext.sty
Package: amstext 2000/06/29 v2.01 AMS text

(/home/blackarrow/texlive/2016/texmf-dist/tex/latex/amsmath/amsgen.sty
File: amsgen.sty 1999/11/30 v2.0 generic functions
\@emptytoks=\toks17
\ex@=\dimen115
))
(/home/blackarrow/texlive/2016/texmf-dist/tex/latex/amsmath/amsbsy.sty
Package: amsbsy 1999/11/29 v1.2d Bold Symbols
\pmbraise@=\dimen116
)
(/home/blackarrow/texlive/2016/texmf-dist/tex/latex/amsmath/amsopn.sty
Package: amsopn 2016/03/08 v2.02 operator names
)
\inf@bad=\count106
LaTeX Info: Redefining \frac on input line 199.
\uproot@=\count107
\leftroot@=\count108
LaTeX Info: Redefining \overline on input line 297.
\classnum@=\count109
\DOTSCASE@=\count110
LaTeX Info: Redefining \ldots on input line 394.
LaTeX Info: Redefining \dots on input line 397.
LaTeX Info: Redefining \cdots on input line 518.
\Mathstrutbox@=\box29
\strutbox@=\box30
\big@size=\dimen117
LaTeX Font Info:    Redeclaring font encoding OML on input line 634.
LaTeX Font Info:    Redeclaring font encoding OMS on input line 635.


Package amsmath Warning: Unable to redefine math accent \vec.

\macc@depth=\count111
\c@MaxMatrixCols=\count112
\dotsspace@=\muskip10
\c@parentequation=\count113
\dspbrk@lvl=\count114
\tag@help=\toks18
\row@=\count115
\column@=\count116
\maxfields@=\count117
\andhelp@=\toks19
\eqnshift@=\dimen118
\alignsep@=\dimen119
\tagshift@=\dimen120
\tagwidth@=\dimen121
\totwidth@=\dimen122
\lineht@=\dimen123
\@envbody=\toks20
\multlinegap=\skip46
\multlinetaggap=\skip47
\mathdisplay@stack=\toks21
LaTeX Info: Redefining \[ on input line 2739.
LaTeX Info: Redefining \] on input line 2740.
) (/home/blackarrow/texlive/2016/texmf-dist/tex/latex/base/textcomp.sty
Package: textcomp 2005/09/27 v1.99g Standard LaTeX package
Package textcomp Info: Sub-encoding information:
(textcomp)               5 = only ISO-Adobe without \textcurrency
(textcomp)               4 = 5 + \texteuro
(textcomp)               3 = 4 + \textohm
(textcomp)               2 = 3 + \textestimated + \textcurrency
(textcomp)               1 = TS1 - \textcircled - \t
(textcomp)               0 = TS1 (full)
(textcomp)             Font families with sub-encoding setting implement
(textcomp)             only a restricted character set as indicated.
(textcomp)             Family '?' is the default used for unknown fonts.
(textcomp)             See the documentation for details.
Package textcomp Info: Setting ? sub-encoding to TS1/1 on input line 79.

(/home/blackarrow/texlive/2016/texmf-dist/tex/latex/base/ts1enc.def
File: ts1enc.def 2001/06/05 v3.0e (jk/car/fm) Standard LaTeX file
)
LaTeX Info: Redefining \oldstylenums on input line 334.
Package textcomp Info: Setting cmr sub-encoding to TS1/0 on input line 349.
Package textcomp Info: Setting cmss sub-encoding to TS1/0 on input line 350.
Package textcomp Info: Setting cmtt sub-encoding to TS1/0 on input line 351.
Package textcomp Info: Setting cmvtt sub-encoding to TS1/0 on input line 352.
Package textcomp Info: Setting cmbr sub-encoding to TS1/0 on input line 353.
Package textcomp Info: Setting cmtl sub-encoding to TS1/0 on input line 354.
Package textcomp Info: Setting ccr sub-encoding to TS1/0 on input line 355.
Package textcomp Info: Setting ptm sub-encoding to TS1/4 on input line 356.
Package textcomp Info: Setting pcr sub-encoding to TS1/4 on input line 357.
Package textcomp Info: Setting phv sub-encoding to TS1/4 on input line 358.
Package textcomp Info: Setting ppl sub-encoding to TS1/3 on input line 359.
Package textcomp Info: Setting pag sub-encoding to TS1/4 on input line 360.
Package textcomp Info: Setting pbk sub-encoding to TS1/4 on input line 361.
Package textcomp Info: Setting pnc sub-encoding to TS1/4 on input line 362.
Package textcomp Info: Setting pzc sub-encoding to TS1/4 on input line 363.
Package textcomp Info: Setting bch sub-encoding to TS1/4 on input line 364.
Package textcomp Info: Setting put sub-encoding to TS1/5 on input line 365.
Package textcomp Info: Setting uag sub-encoding to TS1/5 on input line 366.
Package textcomp Info: Setting ugq sub-encoding to TS1/5 on input line 367.
Package textcomp Info: Setting ul8 sub-encoding to TS1/4 on input line 368.
Package textcomp Info: Setting ul9 sub-encoding to TS1/4 on input line 369.
Package textcomp Info: Setting augie sub-encoding to TS1/5 on input line 370.
Package textcomp Info: Setting dayrom sub-encoding to TS1/3 on input line 371.
Package textcomp Info: Setting dayroms sub-encoding to TS1/3 on input line 372.

Package textcomp Info: Setting pxr sub-encoding to TS1/0 on input line 373.
Package textcomp Info: Setting pxss sub-encoding to TS1/0 on input line 374.
Package textcomp Info: Setting pxtt sub-encoding to TS1/0 on input line 375.
Package textcomp Info: Setting txr sub-encoding to TS1/0 on input line 376.
Package textcomp Info: Setting txss sub-encoding to TS1/0 on input line 377.
Package textcomp Info: Setting txtt sub-encoding to TS1/0 on input line 378.
Package textcomp Info: Setting lmr sub-encoding to TS1/0 on input line 379.
Package textcomp Info: Setting lmdh sub-encoding to TS1/0 on input line 380.
Package textcomp Info: Setting lmss sub-encoding to TS1/0 on input line 381.
Package textcomp Info: Setting lmssq sub-encoding to TS1/0 on input line 382.
Package textcomp Info: Setting lmvtt sub-encoding to TS1/0 on input line 383.
Package textcomp Info: Setting lmtt sub-encoding to TS1/0 on input line 384.
Package textcomp Info: Setting qhv sub-encoding to TS1/0 on input line 385.
Package textcomp Info: Setting qag sub-encoding to TS1/0 on input line 386.
Package textcomp Info: Setting qbk sub-encoding to TS1/0 on input line 387.
Package textcomp Info: Setting qcr sub-encoding to TS1/0 on input line 388.
Package textcomp Info: Setting qcs sub-encoding to TS1/0 on input line 389.
Package textcomp Info: Setting qpl sub-encoding to TS1/0 on input line 390.
Package textcomp Info: Setting qtm sub-encoding to TS1/0 on input line 391.
Package textcomp Info: Setting qzc sub-encoding to TS1/0 on input line 392.
Package textcomp Info: Setting qhvc sub-encoding to TS1/0 on input line 393.
Package textcomp Info: Setting futs sub-encoding to TS1/4 on input line 394.
Package textcomp Info: Setting futx sub-encoding to TS1/4 on input line 395.
Package textcomp Info: Setting futj sub-encoding to TS1/4 on input line 396.
Package textcomp Info: Setting hlh sub-encoding to TS1/3 on input line 397.
Package textcomp Info: Setting hls sub-encoding to TS1/3 on input line 398.
Package textcomp Info: Setting hlst sub-encoding to TS1/3 on input line 399.
Package textcomp Info: Setting hlct sub-encoding to TS1/5 on input line 400.
Package textcomp Info: Setting hlx sub-encoding to TS1/5 on input line 401.
Package textcomp Info: Setting hlce sub-encoding to TS1/5 on input line 402.
Package textcomp Info: Setting hlcn sub-encoding to TS1/5 on input line 403.
Package textcomp Info: Setting hlcw sub-encoding to TS1/5 on input line 404.
Package textcomp Info: Setting hlcf sub-encoding to TS1/5 on input line 405.
Package textcomp Info: Setting pplx sub-encoding to TS1/3 on input line 406.
Package textcomp Info: Setting pplj sub-encoding to TS1/3 on input line 407.
Package textcomp Info: Setting ptmx sub-encoding to TS1/4 on input line 408.
Package textcomp Info: Setting ptmj sub-encoding to TS1/4 on input line 409.
)
(/home/blackarrow/texlive/2016/texmf-dist/tex/latex/base/fontenc.sty
Package: fontenc 2005/09/27 v1.99g Standard LaTeX package

(/home/blackarrow/texlive/2016/texmf-dist/tex/latex/base/t1enc.def
File: t1enc.def 2005/09/27 v1.99g Standard LaTeX file
LaTeX Font Info:    Redeclaring font encoding T1 on input line 48.
))
(/home/blackarrow/texlive/2016/texmf-dist/tex/latex/base/inputenc.sty
Package: inputenc 2015/03/17 v1.2c Input encoding file
\inpenc@prehook=\toks22
\inpenc@posthook=\toks23

(/home/blackarrow/texlive/2016/texmf-dist/tex/latex/base/utf8.def
File: utf8.def 2016/02/28 v1.1s UTF-8 support for inputenc
Now handling font encoding OML ...
... no UTF-8 mapping file for font encoding OML
Now handling font encoding T1 ...
... processing UTF-8 mapping file for font encoding T1

(/home/blackarrow/texlive/2016/texmf-dist/tex/latex/base/t1enc.dfu
File: t1enc.dfu 2016/02/28 v1.1s UTF-8 support for inputenc
   defining Unicode char U+00A0 (decimal 160)
   defining Unicode char U+00A1 (decimal 161)
   defining Unicode char U+00A3 (decimal 163)
   defining Unicode char U+00AB (decimal 171)
   defining Unicode char U+00AD (decimal 173)
   defining Unicode char U+00BB (decimal 187)
   defining Unicode char U+00BF (decimal 191)
   defining Unicode char U+00C0 (decimal 192)
   defining Unicode char U+00C1 (decimal 193)
   defining Unicode char U+00C2 (decimal 194)
   defining Unicode char U+00C3 (decimal 195)
   defining Unicode char U+00C4 (decimal 196)
   defining Unicode char U+00C5 (decimal 197)
   defining Unicode char U+00C6 (decimal 198)
   defining Unicode char U+00C7 (decimal 199)
   defining Unicode char U+00C8 (decimal 200)
   defining Unicode char U+00C9 (decimal 201)
   defining Unicode char U+00CA (decimal 202)
   defining Unicode char U+00CB (decimal 203)
   defining Unicode char U+00CC (decimal 204)
   defining Unicode char U+00CD (decimal 205)
   defining Unicode char U+00CE (decimal 206)
   defining Unicode char U+00CF (decimal 207)
   defining Unicode char U+00D0 (decimal 208)
   defining Unicode char U+00D1 (decimal 209)
   defining Unicode char U+00D2 (decimal 210)
   defining Unicode char U+00D3 (decimal 211)
   defining Unicode char U+00D4 (decimal 212)
   defining Unicode char U+00D5 (decimal 213)
   defining Unicode char U+00D6 (decimal 214)
   defining Unicode char U+00D8 (decimal 216)
   defining Unicode char U+00D9 (decimal 217)
   defining Unicode char U+00DA (decimal 218)
   defining Unicode char U+00DB (decimal 219)
   defining Unicode char U+00DC (decimal 220)
   defining Unicode char U+00DD (decimal 221)
   defining Unicode char U+00DE (decimal 222)
   defining Unicode char U+00DF (decimal 223)
   defining Unicode char U+00E0 (decimal 224)
   defining Unicode char U+00E1 (decimal 225)
   defining Unicode char U+00E2 (decimal 226)
   defining Unicode char U+00E3 (decimal 227)
   defining Unicode char U+00E4 (decimal 228)
   defining Unicode char U+00E5 (decimal 229)
   defining Unicode char U+00E6 (decimal 230)
   defining Unicode char U+00E7 (decimal 231)
   defining Unicode char U+00E8 (decimal 232)
   defining Unicode char U+00E9 (decimal 233)
   defining Unicode char U+00EA (decimal 234)
   defining Unicode char U+00EB (decimal 235)
   defining Unicode char U+00EC (decimal 236)
   defining Unicode char U+00ED (decimal 237)
   defining Unicode char U+00EE (decimal 238)
   defining Unicode char U+00EF (decimal 239)
   defining Unicode char U+00F0 (decimal 240)
   defining Unicode char U+00F1 (decimal 241)
   defining Unicode char U+00F2 (decimal 242)
   defining Unicode char U+00F3 (decimal 243)
   defining Unicode char U+00F4 (decimal 244)
   defining Unicode char U+00F5 (decimal 245)
   defining Unicode char U+00F6 (decimal 246)
   defining Unicode char U+00F8 (decimal 248)
   defining Unicode char U+00F9 (decimal 249)
   defining Unicode char U+00FA (decimal 250)
   defining Unicode char U+00FB (decimal 251)
   defining Unicode char U+00FC (decimal 252)
   defining Unicode char U+00FD (decimal 253)
   defining Unicode char U+00FE (decimal 254)
   defining Unicode char U+00FF (decimal 255)
   defining Unicode char U+0100 (decimal 256)
   defining Unicode char U+0101 (decimal 257)
   defining Unicode char U+0102 (decimal 258)
   defining Unicode char U+0103 (decimal 259)
   defining Unicode char U+0104 (decimal 260)
   defining Unicode char U+0105 (decimal 261)
   defining Unicode char U+0106 (decimal 262)
   defining Unicode char U+0107 (decimal 263)
   defining Unicode char U+0108 (decimal 264)
   defining Unicode char U+0109 (decimal 265)
   defining Unicode char U+010A (decimal 266)
   defining Unicode char U+010B (decimal 267)
   defining Unicode char U+010C (decimal 268)
   defining Unicode char U+010D (decimal 269)
   defining Unicode char U+010E (decimal 270)
   defining Unicode char U+010F (decimal 271)
   defining Unicode char U+0110 (decimal 272)
   defining Unicode char U+0111 (decimal 273)
   defining Unicode char U+0112 (decimal 274)
   defining Unicode char U+0113 (decimal 275)
   defining Unicode char U+0114 (decimal 276)
   defining Unicode char U+0115 (decimal 277)
   defining Unicode char U+0116 (decimal 278)
   defining Unicode char U+0117 (decimal 279)
   defining Unicode char U+0118 (decimal 280)
   defining Unicode char U+0119 (decimal 281)
   defining Unicode char U+011A (decimal 282)
   defining Unicode char U+011B (decimal 283)
   defining Unicode char U+011C (decimal 284)
   defining Unicode char U+011D (decimal 285)
   defining Unicode char U+011E (decimal 286)
   defining Unicode char U+011F (decimal 287)
   defining Unicode char U+0120 (decimal 288)
   defining Unicode char U+0121 (decimal 289)
   defining Unicode char U+0122 (decimal 290)
   defining Unicode char U+0123 (decimal 291)
   defining Unicode char U+0124 (decimal 292)
   defining Unicode char U+0125 (decimal 293)
   defining Unicode char U+0128 (decimal 296)
   defining Unicode char U+0129 (decimal 297)
   defining Unicode char U+012A (decimal 298)
   defining Unicode char U+012B (decimal 299)
   defining Unicode char U+012C (decimal 300)
   defining Unicode char U+012D (decimal 301)
   defining Unicode char U+012E (decimal 302)
   defining Unicode char U+012F (decimal 303)
   defining Unicode char U+0130 (decimal 304)
   defining Unicode char U+0131 (decimal 305)
   defining Unicode char U+0132 (decimal 306)
   defining Unicode char U+0133 (decimal 307)
   defining Unicode char U+0134 (decimal 308)
   defining Unicode char U+0135 (decimal 309)
   defining Unicode char U+0136 (decimal 310)
   defining Unicode char U+0137 (decimal 311)
   defining Unicode char U+0139 (decimal 313)
   defining Unicode char U+013A (decimal 314)
   defining Unicode char U+013B (decimal 315)
   defining Unicode char U+013C (decimal 316)
   defining Unicode char U+013D (decimal 317)
   defining Unicode char U+013E (decimal 318)
   defining Unicode char U+0141 (decimal 321)
   defining Unicode char U+0142 (decimal 322)
   defining Unicode char U+0143 (decimal 323)
   defining Unicode char U+0144 (decimal 324)
   defining Unicode char U+0145 (decimal 325)
   defining Unicode char U+0146 (decimal 326)
   defining Unicode char U+0147 (decimal 327)
   defining Unicode char U+0148 (decimal 328)
   defining Unicode char U+014A (decimal 330)
   defining Unicode char U+014B (decimal 331)
   defining Unicode char U+014C (decimal 332)
   defining Unicode char U+014D (decimal 333)
   defining Unicode char U+014E (decimal 334)
   defining Unicode char U+014F (decimal 335)
   defining Unicode char U+0150 (decimal 336)
   defining Unicode char U+0151 (decimal 337)
   defining Unicode char U+0152 (decimal 338)
   defining Unicode char U+0153 (decimal 339)
   defining Unicode char U+0154 (decimal 340)
   defining Unicode char U+0155 (decimal 341)
   defining Unicode char U+0156 (decimal 342)
   defining Unicode char U+0157 (decimal 343)
   defining Unicode char U+0158 (decimal 344)
   defining Unicode char U+0159 (decimal 345)
   defining Unicode char U+015A (decimal 346)
   defining Unicode char U+015B (decimal 347)
   defining Unicode char U+015C (decimal 348)
   defining Unicode char U+015D (decimal 349)
   defining Unicode char U+015E (decimal 350)
   defining Unicode char U+015F (decimal 351)
   defining Unicode char U+0160 (decimal 352)
   defining Unicode char U+0161 (decimal 353)
   defining Unicode char U+0162 (decimal 354)
   defining Unicode char U+0163 (decimal 355)
   defining Unicode char U+0164 (decimal 356)
   defining Unicode char U+0165 (decimal 357)
   defining Unicode char U+0168 (decimal 360)
   defining Unicode char U+0169 (decimal 361)
   defining Unicode char U+016A (decimal 362)
   defining Unicode char U+016B (decimal 363)
   defining Unicode char U+016C (decimal 364)
   defining Unicode char U+016D (decimal 365)
   defining Unicode char U+016E (decimal 366)
   defining Unicode char U+016F (decimal 367)
   defining Unicode char U+0170 (decimal 368)
   defining Unicode char U+0171 (decimal 369)
   defining Unicode char U+0172 (decimal 370)
   defining Unicode char U+0173 (decimal 371)
   defining Unicode char U+0174 (decimal 372)
   defining Unicode char U+0175 (decimal 373)
   defining Unicode char U+0176 (decimal 374)
   defining Unicode char U+0177 (decimal 375)
   defining Unicode char U+0178 (decimal 376)
   defining Unicode char U+0179 (decimal 377)
   defining Unicode char U+017A (decimal 378)
   defining Unicode char U+017B (decimal 379)
   defining Unicode char U+017C (decimal 380)
   defining Unicode char U+017D (decimal 381)
   defining Unicode char U+017E (decimal 382)
   defining Unicode char U+01CD (decimal 461)
   defining Unicode char U+01CE (decimal 462)
   defining Unicode char U+01CF (decimal 463)
   defining Unicode char U+01D0 (decimal 464)
   defining Unicode char U+01D1 (decimal 465)
   defining Unicode char U+01D2 (decimal 466)
   defining Unicode char U+01D3 (decimal 467)
   defining Unicode char U+01D4 (decimal 468)
   defining Unicode char U+01E2 (decimal 482)
   defining Unicode char U+01E3 (decimal 483)
   defining Unicode char U+01E6 (decimal 486)
   defining Unicode char U+01E7 (decimal 487)
   defining Unicode char U+01E8 (decimal 488)
   defining Unicode char U+01E9 (decimal 489)
   defining Unicode char U+01EA (decimal 490)
   defining Unicode char U+01EB (decimal 491)
   defining Unicode char U+01F0 (decimal 496)
   defining Unicode char U+01F4 (decimal 500)
   defining Unicode char U+01F5 (decimal 501)
   defining Unicode char U+0218 (decimal 536)
   defining Unicode char U+0219 (decimal 537)
   defining Unicode char U+021A (decimal 538)
   defining Unicode char U+021B (decimal 539)
   defining Unicode char U+1E02 (decimal 7682)
   defining Unicode char U+1E03 (decimal 7683)
   defining Unicode char U+200C (decimal 8204)
   defining Unicode char U+2010 (decimal 8208)
   defining Unicode char U+2011 (decimal 8209)
   defining Unicode char U+2012 (decimal 8210)
   defining Unicode char U+2013 (decimal 8211)
   defining Unicode char U+2014 (decimal 8212)
   defining Unicode char U+2015 (decimal 8213)
   defining Unicode char U+2018 (decimal 8216)
   defining Unicode char U+2019 (decimal 8217)
   defining Unicode char U+201A (decimal 8218)
   defining Unicode char U+201C (decimal 8220)
   defining Unicode char U+201D (decimal 8221)
   defining Unicode char U+201E (decimal 8222)
   defining Unicode char U+2030 (decimal 8240)
   defining Unicode char U+2031 (decimal 8241)
   defining Unicode char U+2039 (decimal 8249)
   defining Unicode char U+203A (decimal 8250)
   defining Unicode char U+2423 (decimal 9251)
)
Now handling font encoding OT1 ...
... processing UTF-8 mapping file for font encoding OT1

(/home/blackarrow/texlive/2016/texmf-dist/tex/latex/base/ot1enc.dfu
File: ot1enc.dfu 2016/02/28 v1.1s UTF-8 support for inputenc
   defining Unicode char U+00A0 (decimal 160)
   defining Unicode char U+00A1 (decimal 161)
   defining Unicode char U+00A3 (decimal 163)
   defining Unicode char U+00AD (decimal 173)
   defining Unicode char U+00B8 (decimal 184)
   defining Unicode char U+00BF (decimal 191)
   defining Unicode char U+00C5 (decimal 197)
   defining Unicode char U+00C6 (decimal 198)
   defining Unicode char U+00D8 (decimal 216)
   defining Unicode char U+00DF (decimal 223)
   defining Unicode char U+00E6 (decimal 230)
   defining Unicode char U+00EC (decimal 236)
   defining Unicode char U+00ED (decimal 237)
   defining Unicode char U+00EE (decimal 238)
   defining Unicode char U+00EF (decimal 239)
   defining Unicode char U+00F8 (decimal 248)
   defining Unicode char U+0131 (decimal 305)
   defining Unicode char U+0141 (decimal 321)
   defining Unicode char U+0142 (decimal 322)
   defining Unicode char U+0152 (decimal 338)
   defining Unicode char U+0153 (decimal 339)
   defining Unicode char U+0174 (decimal 372)
   defining Unicode char U+0175 (decimal 373)
   defining Unicode char U+0176 (decimal 374)
   defining Unicode char U+0177 (decimal 375)
   defining Unicode char U+0218 (decimal 536)
   defining Unicode char U+0219 (decimal 537)
   defining Unicode char U+021A (decimal 538)
   defining Unicode char U+021B (decimal 539)
   defining Unicode char U+2013 (decimal 8211)
   defining Unicode char U+2014 (decimal 8212)
   defining Unicode char U+2018 (decimal 8216)
   defining Unicode char U+2019 (decimal 8217)
   defining Unicode char U+201C (decimal 8220)
   defining Unicode char U+201D (decimal 8221)
)
Now handling font encoding OMS ...
... processing UTF-8 mapping file for font encoding OMS

(/home/blackarrow/texlive/2016/texmf-dist/tex/latex/base/omsenc.dfu
File: omsenc.dfu 2016/02/28 v1.1s UTF-8 support for inputenc
   defining Unicode char U+00A7 (decimal 167)
   defining Unicode char U+00B6 (decimal 182)
   defining Unicode char U+00B7 (decimal 183)
   defining Unicode char U+2020 (decimal 8224)
   defining Unicode char U+2021 (decimal 8225)
   defining Unicode char U+2022 (decimal 8226)
)
Now handling font encoding OMX ...
... no UTF-8 mapping file for font encoding OMX
Now handling font encoding U ...
... no UTF-8 mapping file for font encoding U
Now handling font encoding TS1 ...
... processing UTF-8 mapping file for font encoding TS1

(/home/blackarrow/texlive/2016/texmf-dist/tex/latex/base/ts1enc.dfu
File: ts1enc.dfu 2016/02/28 v1.1s UTF-8 support for inputenc
   defining Unicode char U+00A2 (decimal 162)
   defining Unicode char U+00A3 (decimal 163)
   defining Unicode char U+00A4 (decimal 164)
   defining Unicode char U+00A5 (decimal 165)
   defining Unicode char U+00A6 (decimal 166)
   defining Unicode char U+00A7 (decimal 167)
   defining Unicode char U+00A8 (decimal 168)
   defining Unicode char U+00A9 (decimal 169)
   defining Unicode char U+00AA (decimal 170)
   defining Unicode char U+00AC (decimal 172)
   defining Unicode char U+00AE (decimal 174)
   defining Unicode char U+00AF (decimal 175)
   defining Unicode char U+00B0 (decimal 176)
   defining Unicode char U+00B1 (decimal 177)
   defining Unicode char U+00B2 (decimal 178)
   defining Unicode char U+00B3 (decimal 179)
   defining Unicode char U+00B4 (decimal 180)
   defining Unicode char U+00B5 (decimal 181)
   defining Unicode char U+00B6 (decimal 182)
   defining Unicode char U+00B7 (decimal 183)
   defining Unicode char U+00B9 (decimal 185)
   defining Unicode char U+00BA (decimal 186)
   defining Unicode char U+00BC (decimal 188)
   defining Unicode char U+00BD (decimal 189)
   defining Unicode char U+00BE (decimal 190)
   defining Unicode char U+00D7 (decimal 215)
   defining Unicode char U+00F7 (decimal 247)
   defining Unicode char U+0192 (decimal 402)
   defining Unicode char U+02C7 (decimal 711)
   defining Unicode char U+02D8 (decimal 728)
   defining Unicode char U+02DD (decimal 733)
   defining Unicode char U+0E3F (decimal 3647)
   defining Unicode char U+2016 (decimal 8214)
   defining Unicode char U+2020 (decimal 8224)
   defining Unicode char U+2021 (decimal 8225)
   defining Unicode char U+2022 (decimal 8226)
   defining Unicode char U+2030 (decimal 8240)
   defining Unicode char U+2031 (decimal 8241)
   defining Unicode char U+203B (decimal 8251)
   defining Unicode char U+203D (decimal 8253)
   defining Unicode char U+2044 (decimal 8260)
   defining Unicode char U+204E (decimal 8270)
   defining Unicode char U+2052 (decimal 8274)
   defining Unicode char U+20A1 (decimal 8353)
   defining Unicode char U+20A4 (decimal 8356)
   defining Unicode char U+20A6 (decimal 8358)
   defining Unicode char U+20A9 (decimal 8361)
   defining Unicode char U+20AB (decimal 8363)
   defining Unicode char U+20AC (decimal 8364)
   defining Unicode char U+20B1 (decimal 8369)
   defining Unicode char U+2103 (decimal 8451)
   defining Unicode char U+2116 (decimal 8470)
   defining Unicode char U+2117 (decimal 8471)
   defining Unicode char U+211E (decimal 8478)
   defining Unicode char U+2120 (decimal 8480)
   defining Unicode char U+2122 (decimal 8482)
   defining Unicode char U+2126 (decimal 8486)
   defining Unicode char U+2127 (decimal 8487)
   defining Unicode char U+212E (decimal 8494)
   defining Unicode char U+2190 (decimal 8592)
   defining Unicode char U+2191 (decimal 8593)
   defining Unicode char U+2192 (decimal 8594)
   defining Unicode char U+2193 (decimal 8595)
   defining Unicode char U+2329 (decimal 9001)
   defining Unicode char U+232A (decimal 9002)
   defining Unicode char U+2422 (decimal 9250)
   defining Unicode char U+25E6 (decimal 9702)
   defining Unicode char U+25EF (decimal 9711)
   defining Unicode char U+266A (decimal 9834)
)
   defining Unicode char U+00A9 (decimal 169)
   defining Unicode char U+00AA (decimal 170)
   defining Unicode char U+00AE (decimal 174)
   defining Unicode char U+00BA (decimal 186)
   defining Unicode char U+02C6 (decimal 710)
   defining Unicode char U+02DC (decimal 732)
   defining Unicode char U+200C (decimal 8204)
   defining Unicode char U+2026 (decimal 8230)
   defining Unicode char U+2122 (decimal 8482)
   defining Unicode char U+2423 (decimal 9251)
))
(/home/blackarrow/texlive/2016/texmf-dist/tex/generic/babel/babel.sty
Package: babel 2016/02/24 3.9q The Babel package

(/home/blackarrow/texlive/2016/texmf-dist/tex/generic/babel-spanish/spanish.ldf
Language: spanish.ldf 2016/03/03 v5.0p Spanish support from the babel system
(/home/blackarrow/texlive/2016/texmf-dist/tex/generic/babel/babel.def
File: babel.def 2016/02/24 3.9q Babel common definitions
\babel@savecnt=\count118
\U@D=\dimen124
)

Package babel Warning: No hyphenation patterns were preloaded for
(babel)                the language `Spanish' into the format.
(babel)                Please, configure your TeX system to add them and
(babel)                rebuild the format. Now I will use the patterns
(babel)                preloaded for english instead on input line 51.

\l@spanish = a dialect from \language0
\es@quottoks=\toks24
\es@quotdepth=\count119
Package babel Info: Making " an active character on input line 561.
Package babel Info: Making . an active character on input line 662.
Package babel Info: Making < an active character on input line 707.
Package babel Info: Making > an active character on input line 707.
)
(/home/blackarrow/texlive/2016/texmf-dist/tex/generic/babel-english/english.ldf
Language: english 2012/08/20 v3.3p English support from the babel system
\l@british = a dialect from \language\l@english 
\l@UKenglish = a dialect from \language\l@english 
\l@canadian = a dialect from \language\l@american 
\l@australian = a dialect from \language\l@british 
\l@newzealand = a dialect from \language\l@british 
)) (/home/blackarrow/texlive/2016/texmf-dist/tex/latex/csquotes/csquotes.sty
Package: csquotes 2016/07/14 v5.1h context-sensitive quotations (JAW)

(/home/blackarrow/texlive/2016/texmf-dist/tex/latex/etoolbox/etoolbox.sty
Package: etoolbox 2015/08/02 v2.2a e-TeX tools for LaTeX (JAW)
\etb@tempcnta=\count120
)
(/home/blackarrow/texlive/2016/texmf-dist/tex/latex/graphics/keyval.sty
Package: keyval 2014/10/28 v1.15 key=value parser (DPC)
\KV@toks@=\toks25
)
\csq@reset=\count121
\csq@gtype=\count122
\csq@glevel=\count123
\csq@qlevel=\count124
\csq@maxlvl=\count125
\csq@tshold=\count126
\csq@ltx@everypar=\toks26

(/home/blackarrow/texlive/2016/texmf-dist/tex/latex/csquotes/csquotes.def
File: csquotes.def 2016/07/14 v5.1h csquotes generic definitions (JAW)
)
Package csquotes Info: Trying to load configuration file 'csquotes.cfg'...
Package csquotes Info: ... configuration file loaded successfully.

(/home/blackarrow/texlive/2016/texmf-dist/tex/latex/csquotes/csquotes.cfg
File: csquotes.cfg 
))
(/home/blackarrow/texlive/2016/texmf-dist/tex/latex/tools/enumerate.sty
Package: enumerate 2015/07/23 v3.00 enumerate extensions (DPC)
\@enLab=\toks27
)
(/home/blackarrow/texlive/2016/texmf-dist/tex/latex/enumitem/enumitem.sty
Package: enumitem 2011/09/28 v3.5.2 Customized lists
\labelindent=\skip48
\enit@outerparindent=\dimen125
\enit@toks=\toks28
\enit@inbox=\box31
\enitdp@description=\count127
)
(/home/blackarrow/texlive/2016/texmf-dist/tex/latex/caption/caption.sty
Package: caption 2016/02/21 v3.3-144 Customizing captions (AR)

(/home/blackarrow/texlive/2016/texmf-dist/tex/latex/caption/caption3.sty
Package: caption3 2016/05/22 v1.7-166 caption3 kernel (AR)
Package caption3 Info: TeX engine: e-TeX on input line 67.
\captionmargin=\dimen126
\captionmargin@=\dimen127
\captionwidth=\dimen128
\caption@tempdima=\dimen129
\caption@indent=\dimen130
\caption@parindent=\dimen131
\caption@hangindent=\dimen132
Package caption Info: Unknown document class (or package),
(caption)             standard defaults will be used.
)

Package caption Warning: Unsupported document class (or package) detected,
(caption)                usage of the caption package is not recommended.
See the caption package documentation for explanation.

Package caption Info: \@makecaption = \long macro:#1#2->\captionstyle \ifx \@ca
ptype \fig@type \vskip \figcapgap \fi \setbox \@tempboxa \hbox {{\floatlegendst
yle #1\floatcounterend }\capstrut #2}\ifdim \wd \@tempboxa >\hsize {\floatlegen
dstyle #1\floatcounterend }\capstrut #2\par \else \hbox to\hsize {\leftlegendgl
ue \unhbox \@tempboxa \hfil }\fi \ifx \@captype \fig@type \else \vskip \tabcapg
ap \fi .
\c@ContinuedFloat=\count128
) (/home/blackarrow/texlive/2016/texmf-dist/tex/latex/caption/subcaption.sty
Package: subcaption 2016/05/22 v1.1-161 Sub-captions (AR)
\c@subfigure=\count129
\c@subtable=\count130
)
(/home/blackarrow/texlive/2016/texmf-dist/tex/latex/listings/listings.sty
\lst@mode=\count131
\lst@gtempboxa=\box32
\lst@token=\toks29
\lst@length=\count132
\lst@currlwidth=\dimen133
\lst@column=\count133
\lst@pos=\count134
\lst@lostspace=\dimen134
\lst@width=\dimen135
\lst@newlines=\count135
\lst@lineno=\count136
\lst@maxwidth=\dimen136

(/home/blackarrow/texlive/2016/texmf-dist/tex/latex/listings/lstmisc.sty
File: lstmisc.sty 2015/06/04 1.6 (Carsten Heinz)
\c@lstnumber=\count137
\lst@skipnumbers=\count138
\lst@framebox=\box33
)
(/home/blackarrow/texlive/2016/texmf-dist/tex/latex/listings/listings.cfg
File: listings.cfg 2015/06/04 1.6 listings configuration
))
Package: listings 2015/06/04 1.6 (Carsten Heinz)

(/home/blackarrow/texlive/2016/texmf-dist/tex/latex/tools/array.sty
Package: array 2014/10/28 v2.4c Tabular extension package (FMi)
\col@sep=\dimen137
\extrarowheight=\dimen138
\NC@list=\toks30
\extratabsurround=\skip49
\backup@length=\skip50
)
(/home/blackarrow/texlive/2016/texmf-dist/tex/latex/multirow/multirow.sty
Package: multirow 2016/09/27 v2.0 Span multiple rows of a table
\multirow@colwidth=\skip51
\multirow@cnta=\count139
\multirow@cntb=\count140
\multirow@dima=\skip52
\bigstrutjot=\dimen139
)
(/home/blackarrow/texlive/2016/texmf-dist/tex/latex/units/nicefrac.sty
Package: nicefrac 1998/08/04 v0.9b Nice fractions
\L@UnitsRaiseDisplaystyle=\skip53
\L@UnitsRaiseTextstyle=\skip54
\L@UnitsRaiseScriptstyle=\skip55

(/home/blackarrow/texlive/2016/texmf-dist/tex/latex/base/ifthen.sty
Package: ifthen 2014/09/29 v1.1c Standard LaTeX ifthen package (DPC)
))
(/home/blackarrow/texlive/2016/texmf-dist/tex/latex/xcolor/xcolor.sty
Package: xcolor 2016/05/11 v2.12 LaTeX color extensions (UK)

(/home/blackarrow/texlive/2016/texmf-dist/tex/latex/latexconfig/color.cfg
File: color.cfg 2007/01/18 v1.5 color configuration of teTeX/TeXLive
)
Package xcolor Info: Driver file: pdftex.def on input line 225.

(/home/blackarrow/texlive/2016/texmf-dist/tex/latex/pdftex-def/pdftex.def
File: pdftex.def 2011/05/27 v0.06d Graphics/color for pdfTeX

(/home/blackarrow/texlive/2016/texmf-dist/tex/generic/oberdiek/infwarerr.sty
Package: infwarerr 2010/04/08 v1.3 Providing info/warning/error messages (HO)
)
(/home/blackarrow/texlive/2016/texmf-dist/tex/generic/oberdiek/ltxcmds.sty
Package: ltxcmds 2011/11/09 v1.22 LaTeX kernel commands for general use (HO)
)
\Gread@gobject=\count141
)
Package xcolor Info: Model `cmy' substituted by `cmy0' on input line 1348.
Package xcolor Info: Model `hsb' substituted by `rgb' on input line 1352.
Package xcolor Info: Model `RGB' extended on input line 1364.
Package xcolor Info: Model `HTML' substituted by `rgb' on input line 1366.
Package xcolor Info: Model `Hsb' substituted by `hsb' on input line 1367.
Package xcolor Info: Model `tHsb' substituted by `hsb' on input line 1368.
Package xcolor Info: Model `HSB' substituted by `hsb' on input line 1369.
Package xcolor Info: Model `Gray' substituted by `gray' on input line 1370.
Package xcolor Info: Model `wave' substituted by `hsb' on input line 1371.

(/home/blackarrow/texlive/2016/texmf-dist/tex/latex/graphics/dvipsnam.def
File: dvipsnam.def 2015/12/30 v3.0k Driver-dependent file (DPC,SPQR)
))
(/home/blackarrow/texlive/2016/texmf-dist/tex/latex/pgfplots/pgfplots.sty
(/home/blackarrow/texlive/2016/texmf-dist/tex/generic/pgfplots/pgfplots.revisio
n.tex)
Package: pgfplots 2016/08/10 v1.14 Data Visualization (1.14)

(/home/blackarrow/texlive/2016/texmf-dist/tex/latex/graphics/graphicx.sty
Package: graphicx 2014/10/28 v1.0g Enhanced LaTeX Graphics (DPC,SPQR)

(/home/blackarrow/texlive/2016/texmf-dist/tex/latex/graphics/graphics.sty
Package: graphics 2016/01/03 v1.0q Standard LaTeX Graphics (DPC,SPQR)

(/home/blackarrow/texlive/2016/texmf-dist/tex/latex/graphics/trig.sty
Package: trig 2016/01/03 v1.10 sin cos tan (DPC)
)
(/home/blackarrow/texlive/2016/texmf-dist/tex/latex/latexconfig/graphics.cfg
File: graphics.cfg 2010/04/23 v1.9 graphics configuration of TeX Live
)
Package graphics Info: Driver file: pdftex.def on input line 95.
)
\Gin@req@height=\dimen140
\Gin@req@width=\dimen141
) (/home/blackarrow/texlive/2016/texmf-dist/tex/latex/pgf/frontendlayer/tikz.st
y (/home/blackarrow/texlive/2016/texmf-dist/tex/latex/pgf/basiclayer/pgf.sty
(/home/blackarrow/texlive/2016/texmf-dist/tex/latex/pgf/utilities/pgfrcs.sty
(/home/blackarrow/texlive/2016/texmf-dist/tex/generic/pgf/utilities/pgfutil-com
mon.tex
\pgfutil@everybye=\toks31
\pgfutil@tempdima=\dimen142
\pgfutil@tempdimb=\dimen143

(/home/blackarrow/texlive/2016/texmf-dist/tex/generic/pgf/utilities/pgfutil-com
mon-lists.tex))
(/home/blackarrow/texlive/2016/texmf-dist/tex/generic/pgf/utilities/pgfutil-lat
ex.def
\pgfutil@abb=\box34
 (/home/blackarrow/texlive/2016/texmf-dist/tex/latex/ms/everyshi.sty
Package: everyshi 2001/05/15 v3.00 EveryShipout Package (MS)
))
(/home/blackarrow/texlive/2016/texmf-dist/tex/generic/pgf/utilities/pgfrcs.code
.tex
Package: pgfrcs 2015/08/07 v3.0.1a (rcs-revision 1.31)
))
Package: pgf 2015/08/07 v3.0.1a (rcs-revision 1.15)

(/home/blackarrow/texlive/2016/texmf-dist/tex/latex/pgf/basiclayer/pgfcore.sty
(/home/blackarrow/texlive/2016/texmf-dist/tex/latex/pgf/systemlayer/pgfsys.sty
(/home/blackarrow/texlive/2016/texmf-dist/tex/generic/pgf/systemlayer/pgfsys.co
de.tex
Package: pgfsys 2014/07/09 v3.0.1a (rcs-revision 1.48)

(/home/blackarrow/texlive/2016/texmf-dist/tex/generic/pgf/utilities/pgfkeys.cod
e.tex
\pgfkeys@pathtoks=\toks32
\pgfkeys@temptoks=\toks33

(/home/blackarrow/texlive/2016/texmf-dist/tex/generic/pgf/utilities/pgfkeysfilt
ered.code.tex
\pgfkeys@tmptoks=\toks34
))
\pgf@x=\dimen144
\pgf@y=\dimen145
\pgf@xa=\dimen146
\pgf@ya=\dimen147
\pgf@xb=\dimen148
\pgf@yb=\dimen149
\pgf@xc=\dimen150
\pgf@yc=\dimen151
\w@pgf@writea=\write3
\r@pgf@reada=\read1
\c@pgf@counta=\count142
\c@pgf@countb=\count143
\c@pgf@countc=\count144
\c@pgf@countd=\count145
\t@pgf@toka=\toks35
\t@pgf@tokb=\toks36
\t@pgf@tokc=\toks37

(/home/blackarrow/texlive/2016/texmf-dist/tex/generic/pgf/systemlayer/pgf.cfg
File: pgf.cfg 2008/05/14  (rcs-revision 1.7)
)
Driver file for pgf: pgfsys-pdftex.def

(/home/blackarrow/texlive/2016/texmf-dist/tex/generic/pgf/systemlayer/pgfsys-pd
ftex.def
File: pgfsys-pdftex.def 2014/10/11  (rcs-revision 1.35)

(/home/blackarrow/texlive/2016/texmf-dist/tex/generic/pgf/systemlayer/pgfsys-co
mmon-pdf.def
File: pgfsys-common-pdf.def 2013/10/10  (rcs-revision 1.13)
)))
(/home/blackarrow/texlive/2016/texmf-dist/tex/generic/pgf/systemlayer/pgfsyssof
tpath.code.tex
File: pgfsyssoftpath.code.tex 2013/09/09  (rcs-revision 1.9)
\pgfsyssoftpath@smallbuffer@items=\count146
\pgfsyssoftpath@bigbuffer@items=\count147
)
(/home/blackarrow/texlive/2016/texmf-dist/tex/generic/pgf/systemlayer/pgfsyspro
tocol.code.tex
File: pgfsysprotocol.code.tex 2006/10/16  (rcs-revision 1.4)
))
(/home/blackarrow/texlive/2016/texmf-dist/tex/generic/pgf/basiclayer/pgfcore.co
de.tex
Package: pgfcore 2010/04/11 v3.0.1a (rcs-revision 1.7)

(/home/blackarrow/texlive/2016/texmf-dist/tex/generic/pgf/math/pgfmath.code.tex

(/home/blackarrow/texlive/2016/texmf-dist/tex/generic/pgf/math/pgfmathcalc.code
.tex
(/home/blackarrow/texlive/2016/texmf-dist/tex/generic/pgf/math/pgfmathutil.code
.tex)
(/home/blackarrow/texlive/2016/texmf-dist/tex/generic/pgf/math/pgfmathparser.co
de.tex
\pgfmath@dimen=\dimen152
\pgfmath@count=\count148
\pgfmath@box=\box35
\pgfmath@toks=\toks38
\pgfmath@stack@operand=\toks39
\pgfmath@stack@operation=\toks40
)
(/home/blackarrow/texlive/2016/texmf-dist/tex/generic/pgf/math/pgfmathfunctions
.code.tex
(/home/blackarrow/texlive/2016/texmf-dist/tex/generic/pgf/math/pgfmathfunctions
.basic.code.tex)
(/home/blackarrow/texlive/2016/texmf-dist/tex/generic/pgf/math/pgfmathfunctions
.trigonometric.code.tex)
(/home/blackarrow/texlive/2016/texmf-dist/tex/generic/pgf/math/pgfmathfunctions
.random.code.tex)
(/home/blackarrow/texlive/2016/texmf-dist/tex/generic/pgf/math/pgfmathfunctions
.comparison.code.tex)
(/home/blackarrow/texlive/2016/texmf-dist/tex/generic/pgf/math/pgfmathfunctions
.base.code.tex)
(/home/blackarrow/texlive/2016/texmf-dist/tex/generic/pgf/math/pgfmathfunctions
.round.code.tex)
(/home/blackarrow/texlive/2016/texmf-dist/tex/generic/pgf/math/pgfmathfunctions
.misc.code.tex)
(/home/blackarrow/texlive/2016/texmf-dist/tex/generic/pgf/math/pgfmathfunctions
.integerarithmetics.code.tex)))
(/home/blackarrow/texlive/2016/texmf-dist/tex/generic/pgf/math/pgfmathfloat.cod
e.tex
\c@pgfmathroundto@lastzeros=\count149
))
(/home/blackarrow/texlive/2016/texmf-dist/tex/generic/pgf/basiclayer/pgfcorepoi
nts.code.tex
File: pgfcorepoints.code.tex 2013/10/07  (rcs-revision 1.27)
\pgf@picminx=\dimen153
\pgf@picmaxx=\dimen154
\pgf@picminy=\dimen155
\pgf@picmaxy=\dimen156
\pgf@pathminx=\dimen157
\pgf@pathmaxx=\dimen158
\pgf@pathminy=\dimen159
\pgf@pathmaxy=\dimen160
\pgf@xx=\dimen161
\pgf@xy=\dimen162
\pgf@yx=\dimen163
\pgf@yy=\dimen164
\pgf@zx=\dimen165
\pgf@zy=\dimen166
)
(/home/blackarrow/texlive/2016/texmf-dist/tex/generic/pgf/basiclayer/pgfcorepat
hconstruct.code.tex
File: pgfcorepathconstruct.code.tex 2013/10/07  (rcs-revision 1.29)
\pgf@path@lastx=\dimen167
\pgf@path@lasty=\dimen168
)
(/home/blackarrow/texlive/2016/texmf-dist/tex/generic/pgf/basiclayer/pgfcorepat
husage.code.tex
File: pgfcorepathusage.code.tex 2014/11/02  (rcs-revision 1.24)
\pgf@shorten@end@additional=\dimen169
\pgf@shorten@start@additional=\dimen170
)
(/home/blackarrow/texlive/2016/texmf-dist/tex/generic/pgf/basiclayer/pgfcoresco
pes.code.tex
File: pgfcorescopes.code.tex 2015/05/08  (rcs-revision 1.46)
\pgfpic=\box36
\pgf@hbox=\box37
\pgf@layerbox@main=\box38
\pgf@picture@serial@count=\count150
)
(/home/blackarrow/texlive/2016/texmf-dist/tex/generic/pgf/basiclayer/pgfcoregra
phicstate.code.tex
File: pgfcoregraphicstate.code.tex 2014/11/02  (rcs-revision 1.12)
\pgflinewidth=\dimen171
)
(/home/blackarrow/texlive/2016/texmf-dist/tex/generic/pgf/basiclayer/pgfcoretra
nsformations.code.tex
File: pgfcoretransformations.code.tex 2015/08/07  (rcs-revision 1.20)
\pgf@pt@x=\dimen172
\pgf@pt@y=\dimen173
\pgf@pt@temp=\dimen174
)
(/home/blackarrow/texlive/2016/texmf-dist/tex/generic/pgf/basiclayer/pgfcorequi
ck.code.tex
File: pgfcorequick.code.tex 2008/10/09  (rcs-revision 1.3)
)
(/home/blackarrow/texlive/2016/texmf-dist/tex/generic/pgf/basiclayer/pgfcoreobj
ects.code.tex
File: pgfcoreobjects.code.tex 2006/10/11  (rcs-revision 1.2)
)
(/home/blackarrow/texlive/2016/texmf-dist/tex/generic/pgf/basiclayer/pgfcorepat
hprocessing.code.tex
File: pgfcorepathprocessing.code.tex 2013/09/09  (rcs-revision 1.9)
)
(/home/blackarrow/texlive/2016/texmf-dist/tex/generic/pgf/basiclayer/pgfcorearr
ows.code.tex
File: pgfcorearrows.code.tex 2015/05/14  (rcs-revision 1.43)
\pgfarrowsep=\dimen175
)
(/home/blackarrow/texlive/2016/texmf-dist/tex/generic/pgf/basiclayer/pgfcoresha
de.code.tex
File: pgfcoreshade.code.tex 2013/07/15  (rcs-revision 1.15)
\pgf@max=\dimen176
\pgf@sys@shading@range@num=\count151
)
(/home/blackarrow/texlive/2016/texmf-dist/tex/generic/pgf/basiclayer/pgfcoreima
ge.code.tex
File: pgfcoreimage.code.tex 2013/07/15  (rcs-revision 1.18)

(/home/blackarrow/texlive/2016/texmf-dist/tex/generic/pgf/basiclayer/pgfcoreext
ernal.code.tex
File: pgfcoreexternal.code.tex 2014/07/09  (rcs-revision 1.21)
\pgfexternal@startupbox=\box39
))
(/home/blackarrow/texlive/2016/texmf-dist/tex/generic/pgf/basiclayer/pgfcorelay
ers.code.tex
File: pgfcorelayers.code.tex 2013/07/18  (rcs-revision 1.7)
)
(/home/blackarrow/texlive/2016/texmf-dist/tex/generic/pgf/basiclayer/pgfcoretra
nsparency.code.tex
File: pgfcoretransparency.code.tex 2013/09/30  (rcs-revision 1.5)
)
(/home/blackarrow/texlive/2016/texmf-dist/tex/generic/pgf/basiclayer/pgfcorepat
terns.code.tex
File: pgfcorepatterns.code.tex 2013/11/07  (rcs-revision 1.5)
)))
(/home/blackarrow/texlive/2016/texmf-dist/tex/generic/pgf/modules/pgfmoduleshap
es.code.tex
File: pgfmoduleshapes.code.tex 2014/03/21  (rcs-revision 1.35)
\pgfnodeparttextbox=\box40
)
(/home/blackarrow/texlive/2016/texmf-dist/tex/generic/pgf/modules/pgfmoduleplot
.code.tex
File: pgfmoduleplot.code.tex 2015/08/03  (rcs-revision 1.13)
)
(/home/blackarrow/texlive/2016/texmf-dist/tex/latex/pgf/compatibility/pgfcomp-v
ersion-0-65.sty
Package: pgfcomp-version-0-65 2007/07/03 v3.0.1a (rcs-revision 1.7)
\pgf@nodesepstart=\dimen177
\pgf@nodesepend=\dimen178
)
(/home/blackarrow/texlive/2016/texmf-dist/tex/latex/pgf/compatibility/pgfcomp-v
ersion-1-18.sty
Package: pgfcomp-version-1-18 2007/07/23 v3.0.1a (rcs-revision 1.1)
))
(/home/blackarrow/texlive/2016/texmf-dist/tex/latex/pgf/utilities/pgffor.sty
(/home/blackarrow/texlive/2016/texmf-dist/tex/latex/pgf/utilities/pgfkeys.sty
(/home/blackarrow/texlive/2016/texmf-dist/tex/generic/pgf/utilities/pgfkeys.cod
e.tex))
(/home/blackarrow/texlive/2016/texmf-dist/tex/latex/pgf/math/pgfmath.sty
(/home/blackarrow/texlive/2016/texmf-dist/tex/generic/pgf/math/pgfmath.code.tex
))
(/home/blackarrow/texlive/2016/texmf-dist/tex/generic/pgf/utilities/pgffor.code
.tex
Package: pgffor 2013/12/13 v3.0.1a (rcs-revision 1.25)

(/home/blackarrow/texlive/2016/texmf-dist/tex/generic/pgf/math/pgfmath.code.tex
)
\pgffor@iter=\dimen179
\pgffor@skip=\dimen180
\pgffor@stack=\toks41
\pgffor@toks=\toks42
))
(/home/blackarrow/texlive/2016/texmf-dist/tex/generic/pgf/frontendlayer/tikz/ti
kz.code.tex
Package: tikz 2015/08/07 v3.0.1a (rcs-revision 1.151)

(/home/blackarrow/texlive/2016/texmf-dist/tex/generic/pgf/libraries/pgflibraryp
lothandlers.code.tex
File: pgflibraryplothandlers.code.tex 2013/08/31 v3.0.1a (rcs-revision 1.20)
\pgf@plot@mark@count=\count152
\pgfplotmarksize=\dimen181
)
\tikz@lastx=\dimen182
\tikz@lasty=\dimen183
\tikz@lastxsaved=\dimen184
\tikz@lastysaved=\dimen185
\tikzleveldistance=\dimen186
\tikzsiblingdistance=\dimen187
\tikz@figbox=\box41
\tikz@figbox@bg=\box42
\tikz@tempbox=\box43
\tikz@tempbox@bg=\box44
\tikztreelevel=\count153
\tikznumberofchildren=\count154
\tikznumberofcurrentchild=\count155
\tikz@fig@count=\count156

(/home/blackarrow/texlive/2016/texmf-dist/tex/generic/pgf/modules/pgfmodulematr
ix.code.tex
File: pgfmodulematrix.code.tex 2013/09/17  (rcs-revision 1.8)
\pgfmatrixcurrentrow=\count157
\pgfmatrixcurrentcolumn=\count158
\pgf@matrix@numberofcolumns=\count159
)
\tikz@expandcount=\count160

(/home/blackarrow/texlive/2016/texmf-dist/tex/generic/pgf/frontendlayer/tikz/li
braries/tikzlibrarytopaths.code.tex
File: tikzlibrarytopaths.code.tex 2008/06/17 v3.0.1a (rcs-revision 1.2)
)))
(/home/blackarrow/texlive/2016/texmf-dist/tex/generic/pgfplots/pgfplots.code.te
x
(/home/blackarrow/texlive/2016/texmf-dist/tex/generic/pgfplots/pgfplotscore.cod
e.tex
\t@pgfplots@toka=\toks43
\t@pgfplots@tokb=\toks44
\t@pgfplots@tokc=\toks45
\pgfplots@tmpa=\dimen188
\c@pgfplots@coordindex=\count161
\c@pgfplots@scanlineindex=\count162

(/home/blackarrow/texlive/2016/texmf-dist/tex/generic/pgfplots/sys/pgfplotssysg
eneric.code.tex))
(/home/blackarrow/texlive/2016/texmf-dist/tex/generic/pgfplots/libs/pgfplotslib
rary.code.tex)
(/home/blackarrow/texlive/2016/texmf-dist/tex/generic/pgfplots/oldpgfcompatib/p
gfplotsoldpgfsupp_loader.code.tex
(/home/blackarrow/texlive/2016/texmf-dist/tex/generic/pgf/libraries/pgflibraryf
pu.code.tex)
Package pgfplots: loading complementary arithmetics for your pgf version...

(/home/blackarrow/texlive/2016/texmf-dist/tex/generic/pgfplots/oldpgfcompatib/p
gfplotsoldpgfsupp_pgflibraryfpu.code.tex)
(/home/blackarrow/texlive/2016/texmf-dist/tex/generic/pgfplots/oldpgfcompatib/p
gfplotsoldpgfsupp_pgfmathfloat.code.tex
\c@pgfmathroundto@lastzeros=\count163
))
(/home/blackarrow/texlive/2016/texmf-dist/tex/generic/pgfplots/util/pgfplotsuti
l.code.tex
(/home/blackarrow/texlive/2016/texmf-dist/tex/generic/pgfplots/liststructure/pg
fplotsliststructure.code.tex)
(/home/blackarrow/texlive/2016/texmf-dist/tex/generic/pgfplots/liststructure/pg
fplotsliststructureext.code.tex)
(/home/blackarrow/texlive/2016/texmf-dist/tex/generic/pgfplots/liststructure/pg
fplotsarray.code.tex
\c@pgfplotsarray@tmp=\count164
)
(/home/blackarrow/texlive/2016/texmf-dist/tex/generic/pgfplots/liststructure/pg
fplotsmatrix.code.tex)
(/home/blackarrow/texlive/2016/texmf-dist/tex/generic/pgfplots/numtable/pgfplot
stableshared.code.tex
\c@pgfplotstable@counta=\count165
\t@pgfplotstable@a=\toks46
)
(/home/blackarrow/texlive/2016/texmf-dist/tex/generic/pgfplots/liststructure/pg
fplotsdeque.code.tex)
(/home/blackarrow/texlive/2016/texmf-dist/tex/generic/pgfplots/util/pgfplotsbin
ary.code.tex
(/home/blackarrow/texlive/2016/texmf-dist/tex/generic/pgfplots/util/pgfplotsbin
ary.data.code.tex))
(/home/blackarrow/texlive/2016/texmf-dist/tex/generic/pgfplots/util/pgfplotsuti
l.verb.code.tex)
(/home/blackarrow/texlive/2016/texmf-dist/tex/generic/pgfplots/libs/pgflibraryp
gfplots.surfshading.code.tex
\c@pgfplotslibrarysurf@no=\count166

(/home/blackarrow/texlive/2016/texmf-dist/tex/generic/pgfplots/sys/pgflibrarypg
fplots.surfshading.pgfsys-pdftex.def)))
(/home/blackarrow/texlive/2016/texmf-dist/tex/generic/pgfplots/util/pgfplotscol
ormap.code.tex
(/home/blackarrow/texlive/2016/texmf-dist/tex/generic/pgfplots/util/pgfplotscol
or.code.tex))
(/home/blackarrow/texlive/2016/texmf-dist/tex/generic/pgfplots/pgfplotsstackedp
lots.code.tex)
(/home/blackarrow/texlive/2016/texmf-dist/tex/generic/pgfplots/pgfplotsplothand
lers.code.tex
(/home/blackarrow/texlive/2016/texmf-dist/tex/generic/pgfplots/pgfplotsmeshplot
handler.code.tex
(/home/blackarrow/texlive/2016/texmf-dist/tex/generic/pgfplots/pgfplotsmeshplot
image.code.tex)))
(/home/blackarrow/texlive/2016/texmf-dist/tex/generic/pgfplots/pgfplots.scaling
.code.tex)
(/home/blackarrow/texlive/2016/texmf-dist/tex/generic/pgfplots/pgfplotscoordpro
cessing.code.tex)
(/home/blackarrow/texlive/2016/texmf-dist/tex/generic/pgfplots/pgfplots.errorba
rs.code.tex)
(/home/blackarrow/texlive/2016/texmf-dist/tex/generic/pgfplots/pgfplots.markers
.code.tex)
(/home/blackarrow/texlive/2016/texmf-dist/tex/generic/pgfplots/pgfplotsticks.co
de.tex)
(/home/blackarrow/texlive/2016/texmf-dist/tex/generic/pgfplots/pgfplots.paths.c
ode.tex)
(/home/blackarrow/texlive/2016/texmf-dist/tex/generic/pgf/frontendlayer/tikz/li
braries/tikzlibrarydecorations.code.tex
(/home/blackarrow/texlive/2016/texmf-dist/tex/generic/pgf/modules/pgfmoduledeco
rations.code.tex
\pgfdecoratedcompleteddistance=\dimen189
\pgfdecoratedremainingdistance=\dimen190
\pgfdecoratedinputsegmentcompleteddistance=\dimen191
\pgfdecoratedinputsegmentremainingdistance=\dimen192
\pgf@decorate@distancetomove=\dimen193
\pgf@decorate@repeatstate=\count167
\pgfdecorationsegmentamplitude=\dimen194
\pgfdecorationsegmentlength=\dimen195
)
\tikz@lib@dec@box=\box45
)
(/home/blackarrow/texlive/2016/texmf-dist/tex/generic/pgf/frontendlayer/tikz/li
braries/tikzlibrarydecorations.pathmorphing.code.tex
(/home/blackarrow/texlive/2016/texmf-dist/tex/generic/pgf/libraries/decorations
/pgflibrarydecorations.pathmorphing.code.tex))
(/home/blackarrow/texlive/2016/texmf-dist/tex/generic/pgf/frontendlayer/tikz/li
braries/tikzlibrarydecorations.pathreplacing.code.tex
(/home/blackarrow/texlive/2016/texmf-dist/tex/generic/pgf/libraries/decorations
/pgflibrarydecorations.pathreplacing.code.tex))
\pgfplots@numplots=\count168
\pgfplots@xmin@reg=\dimen196
\pgfplots@xmax@reg=\dimen197
\pgfplots@ymin@reg=\dimen198
\pgfplots@ymax@reg=\dimen199
\pgfplots@zmin@reg=\dimen256
\pgfplots@zmax@reg=\dimen257
)
(/home/blackarrow/texlive/2016/texmf-dist/tex/generic/pgf/frontendlayer/tikz/li
braries/tikzlibraryplotmarks.code.tex
File: tikzlibraryplotmarks.code.tex 2008/01/09 v3.0.1a (rcs-revision 1.1)

(/home/blackarrow/texlive/2016/texmf-dist/tex/generic/pgf/libraries/pgflibraryp
lotmarks.code.tex
File: pgflibraryplotmarks.code.tex 2015/08/03 v3.0.1a (rcs-revision 1.14)
)))
(/home/blackarrow/texlive/2016/texmf-dist/tex/latex/pgfplots/pgfplotstable.sty
(/home/blackarrow/texlive/2016/texmf-dist/tex/generic/pgfplots/pgfplots.revisio
n.tex)
Package: pgfplotstable 2016/08/10 v1.14 Table typesetting and Pretty-printing (
1.14)

(/home/blackarrow/texlive/2016/texmf-dist/tex/generic/pgfplots/numtable/pgfplot
stable.code.tex
(/home/blackarrow/texlive/2016/texmf-dist/tex/generic/pgfplots/numtable/pgfplot
stable.coltype.code.tex)))
(/home/blackarrow/texlive/2016/texmf-dist/tex/generic/pgfplots/libs/tikzlibrary
pgfplots.statistics.code.tex)
(/home/blackarrow/texlive/2016/texmf-dist/tex/generic/pgf/frontendlayer/tikz/li
braries/tikzlibraryspy.code.tex
File: tikzlibraryspy.code.tex 2011/05/19 v3.0.1a (rcs-revision 1.4)
\tikz@lib@spybox=\box46
)
(/home/blackarrow/texlive/2016/texmf-dist/tex/latex/tools/longtable.sty
Package: longtable 2014/10/28 v4.11 Multi-page Table package (DPC)
\LTleft=\skip56
\LTright=\skip57
\LTpre=\skip58
\LTpost=\skip59
\LTchunksize=\count169
\LTcapwidth=\dimen258
\LT@head=\box47
\LT@firsthead=\box48
\LT@foot=\box49
\LT@lastfoot=\box50
\LT@cols=\count170
\LT@rows=\count171
\c@LT@tables=\count172
\c@LT@chunks=\count173
\LT@p@ftn=\toks47
)
(/home/blackarrow/texlive/2016/texmf-dist/tex/latex/oberdiek/pdflscape.sty
Package: pdflscape 2008/08/11 v0.10 Display of landscape pages in PDF (HO)

(/home/blackarrow/texlive/2016/texmf-dist/tex/latex/graphics/lscape.sty
Package: lscape 2000/10/22 v3.01 Landscape Pages (DPC)
)
(/home/blackarrow/texlive/2016/texmf-dist/tex/generic/oberdiek/ifpdf.sty
Package: ifpdf 2011/01/30 v2.3 Provides the ifpdf switch (HO)
Package ifpdf Info: pdfTeX in PDF mode is detected.
)
Package pdflscape Info: Auto-detected driver: pdftex on input line 80.

(/home/blackarrow/texlive/2016/texmf-dist/tex/generic/ifxetex/ifxetex.sty
Package: ifxetex 2010/09/12 v0.6 Provides ifxetex conditional
))
(/home/blackarrow/texlive/2016/texmf-dist/tex/latex/booktabs/booktabs.sty
Package: booktabs 2016/04/27 v1.618033 publication quality tables
\heavyrulewidth=\dimen259
\lightrulewidth=\dimen260
\cmidrulewidth=\dimen261
\belowrulesep=\dimen262
\belowbottomsep=\dimen263
\aboverulesep=\dimen264
\abovetopsep=\dimen265
\cmidrulesep=\dimen266
\cmidrulekern=\dimen267
\defaultaddspace=\dimen268
\@cmidla=\count174
\@cmidlb=\count175
\@aboverulesep=\dimen269
\@belowrulesep=\dimen270
\@thisruleclass=\count176
\@lastruleclass=\count177
\@thisrulewidth=\dimen271
)
   defining Unicode char U+2217 (decimal 8727)
Package csquotes Info: Checking for multilingual support...
Package csquotes Info: ... found 'babel' package.
Package csquotes Info: Adjusting default style.
Package csquotes Info: Redefining alias 'default' -> 'english'.

(./template.aux

LaTeX Warning: Label `ModaMinimo' multiply defined.


LaTeX Warning: Label `fig:Apert1' multiply defined.


LaTeX Warning: Label `sub@fig:Apert1' multiply defined.

)
\openout1 = `template.aux'.

LaTeX Font Info:    Checking defaults for OML/cmm/m/it on input line 91.
LaTeX Font Info:    ... okay on input line 91.
LaTeX Font Info:    Checking defaults for T1/cmr/m/n on input line 91.
LaTeX Font Info:    ... okay on input line 91.
LaTeX Font Info:    Checking defaults for OT1/cmr/m/n on input line 91.
LaTeX Font Info:    ... okay on input line 91.
LaTeX Font Info:    Checking defaults for OMS/cmsy/m/n on input line 91.
LaTeX Font Info:    ... okay on input line 91.
LaTeX Font Info:    Checking defaults for OMX/cmex/m/n on input line 91.
LaTeX Font Info:    ... okay on input line 91.
LaTeX Font Info:    Checking defaults for U/cmr/m/n on input line 91.
LaTeX Font Info:    ... okay on input line 91.
LaTeX Font Info:    Checking defaults for TS1/cmr/m/n on input line 91.
LaTeX Font Info:    Try loading font information for TS1+cmr on input line 91.
 (/home/blackarrow/texlive/2016/texmf-dist/tex/latex/base/ts1cmr.fd
File: ts1cmr.fd 2014/09/29 v2.5h Standard LaTeX font definitions
)
LaTeX Font Info:    ... okay on input line 91.
Package caption Info: Begin \AtBeginDocument code.
Package caption Info: Incompatible package detected (regarding \@caption).
(caption)             \@caption = \long macro:#1[#2]#3->\par \addcontentsline {
\csname ext@#1\endcsname }{#1}{\protect \numberline {\csname the#1\endcsname }{
\ignorespaces #2}}\begingroup \@parboxrestore \@makecaption {\csname fnum@#1\en
dcsname }{\ignorespaces #3}\par \endgroup .


Package caption Warning: Forced redefinition of \caption since the
(caption)                unsupported(!) package option `compatibility=false'
(caption)                was given.
See the caption package documentation for explanation.

Package caption Info: listings package is loaded.
Package caption Info: longtable package is loaded.
(/home/blackarrow/texlive/2016/texmf-dist/tex/latex/caption/ltcaption.sty
Package: ltcaption 2013/06/09 v1.4-94 longtable captions (AR)
)
Package caption Info: End \AtBeginDocument code.
\c@lstlisting=\count178

(/home/blackarrow/texlive/2016/texmf-dist/tex/context/base/supp-pdf.mkii
[Loading MPS to PDF converter (version 2006.09.02).]
\scratchcounter=\count179
\scratchdimen=\dimen272
\scratchbox=\box51
\nofMPsegments=\count180
\nofMParguments=\count181
\everyMPshowfont=\toks48
\MPscratchCnt=\count182
\MPscratchDim=\dimen273
\MPnumerator=\count183
\makeMPintoPDFobject=\count184
\everyMPtoPDFconversion=\toks49
) (/home/blackarrow/texlive/2016/texmf-dist/tex/generic/oberdiek/pdftexcmds.sty
Package: pdftexcmds 2011/11/29 v0.20 Utility functions of pdfTeX for LuaTeX (HO
)
(/home/blackarrow/texlive/2016/texmf-dist/tex/generic/oberdiek/ifluatex.sty
Package: ifluatex 2010/03/01 v1.3 Provides the ifluatex switch (HO)
Package ifluatex Info: LuaTeX not detected.
)
Package pdftexcmds Info: LuaTeX not detected.
Package pdftexcmds Info: \pdf@primitive is available.
Package pdftexcmds Info: \pdf@ifprimitive is available.
Package pdftexcmds Info: \pdfdraftmode found.
)
(/home/blackarrow/texlive/2016/texmf-dist/tex/latex/oberdiek/epstopdf-base.sty
Package: epstopdf-base 2010/02/09 v2.5 Base part for package epstopdf

(/home/blackarrow/texlive/2016/texmf-dist/tex/latex/oberdiek/grfext.sty
Package: grfext 2010/08/19 v1.1 Manage graphics extensions (HO)

(/home/blackarrow/texlive/2016/texmf-dist/tex/generic/oberdiek/kvdefinekeys.sty
Package: kvdefinekeys 2011/04/07 v1.3 Define keys (HO)
)) (/home/blackarrow/texlive/2016/texmf-dist/tex/latex/oberdiek/kvoptions.sty
Package: kvoptions 2011/06/30 v3.11 Key value format for package options (HO)

(/home/blackarrow/texlive/2016/texmf-dist/tex/generic/oberdiek/kvsetkeys.sty
Package: kvsetkeys 2012/04/25 v1.16 Key value parser (HO)

(/home/blackarrow/texlive/2016/texmf-dist/tex/generic/oberdiek/etexcmds.sty
Package: etexcmds 2011/02/16 v1.5 Avoid name clashes with e-TeX commands (HO)
Package etexcmds Info: Could not find \expanded.
(etexcmds)             That can mean that you are not using pdfTeX 1.50 or
(etexcmds)             that some package has redefined \expanded.
(etexcmds)             In the latter case, load this package earlier.
)))
Package grfext Info: Graphics extension search list:
(grfext)             [.png,.pdf,.jpg,.mps,.jpeg,.jbig2,.jb2,.PNG,.PDF,.JPG,.JPE
G,.JBIG2,.JB2,.eps]
(grfext)             \AppendGraphicsExtensions on input line 452.

(/home/blackarrow/texlive/2016/texmf-dist/tex/latex/latexconfig/epstopdf-sys.cf
g
File: epstopdf-sys.cfg 2010/07/13 v1.3 Configuration of (r)epstopdf for TeX Liv
e
)) ABD: EveryShipout initializing macros

Package pgfplots Warning: running in backwards compatibility mode (unsuitable t
ick labels; missing features). Consider writing \pgfplotsset{compat=1.14} into 
your preamble.
 on input line 91.


LaTeX Font Warning: Font shape `T1/cmr/m/n' in size <8.5> not available
(Font)              size <8> substituted on input line 114.


LaTeX Font Warning: Font shape `T1/cmr/m/n' in size <16> not available
(Font)              size <17.28> substituted on input line 114.


LaTeX Font Warning: Font shape `T1/cmr/bx/n' in size <16> not available
(Font)              size <17.28> substituted on input line 114.

LaTeX Font Info:    Try loading font information for U+msa on input line 114.
(/home/blackarrow/texlive/2016/texmf-dist/tex/latex/amsfonts/umsa.fd
File: umsa.fd 2013/01/14 v3.01 AMS symbols A
)
LaTeX Font Info:    Try loading font information for U+msb on input line 114.

(/home/blackarrow/texlive/2016/texmf-dist/tex/latex/amsfonts/umsb.fd
File: umsb.fd 2013/01/14 v3.01 AMS symbols B
)
LaTeX Font Info:    Calculating math sizes for size <8.5> on input line 114.


LaTeX Font Warning: Font shape `OML/cmm/m/it' in size <8.5> not available
(Font)              size <8> substituted on input line 114.


LaTeX Font Warning: Font shape `OML/cmm/m/it' in size <4.25> not available
(Font)              size <5> substituted on input line 114.


LaTeX Font Warning: Font shape `OMS/cmsy/m/n' in size <8.5> not available
(Font)              size <8> substituted on input line 114.


LaTeX Font Warning: Font shape `OMS/cmsy/m/n' in size <4.25> not available
(Font)              size <5> substituted on input line 114.


Package natbib Warning: Citation `joblove1978colo' on page 1 undefined on input
 line 129.

[1{/home/blackarrow/texlive/2016/texmf-var/fonts/map/pdftex/updmap/pdftex.map}


]

Package natbib Warning: Citation `zamora2001comparativos' on page 2 undefined o
n input line 137.


Overfull \hbox (6.53033pt too wide) in paragraph at lines 148--149
\T1/cmr/m/n/10 can men-tion, L*a*b* color spaces [[]], HLS [[]], CIELAB
 []


Package natbib Warning: Citation `apatoula2007comparative' on page 2 undefined 
on input line 155.


Overfull \hbox (9.95093pt too wide) in paragraph at lines 155--156
[]\T1/cmr/m/n/10 Recent pub-li-ca-tions pre-sented gen-er-al-iza-tions of math-

 []


Package natbib Warning: Citation `ortiz2004morphological' on page 2 undefined o
n input line 161.


LaTeX Warning: Command \textordmasculine invalid in math mode on input line 161
.


LaTeX Warning: Command \textordmasculine invalid in math mode on input line 161
.

Missing character: There is no  in font cmr10!
[2] <fig/ImagenRGB.png, id=22, 363.60844pt x 276.28218pt>
File: fig/ImagenRGB.png Graphic file (type png)

<use fig/ImagenRGB.png>
Package pdftex.def Info: fig/ImagenRGB.png used on input line 190.
(pdftex.def)             Requested size: 236.34268pt x 179.58128pt.
 <fig/Filt.jpg, id=24, 444.15938pt x 178.41656pt>
File: fig/Filt.jpg Graphic file (type jpg)

<use fig/Filt.jpg>
Package pdftex.def Info: fig/Filt.jpg used on input line 253.
(pdftex.def)             Requested size: 222.07913pt x 89.20805pt.
 [3 <./fig/ImagenRGB.png> <./fig/Filt.jpg>]
Overfull \hbox (6.39624pt too wide) in paragraph at lines 280--281
\T1/cmr/m/n/10 der-ing com-pares each color com-po-nent in-de-pen-dently. 
 []


Overfull \hbox (0.9809pt too wide) in paragraph at lines 281--282
\T1/cmr/m/n/10 sorted by some marginal com-po-nent se-lected se-quen-
 []


Overfull \hbox (3.5625pt too wide) in paragraph at lines 282--283
[]\T1/cmr/m/n/10 Partial Or-der-ing (P Or-der-ing): This or-der-ing is based
 []


Overfull \hbox (5.7575pt too wide) in paragraph at lines 303--305
[]\T1/cmr/m/n/10 Vectorial meth-ods pro-cesses all avail-able com-po-nents,
 []

[4]

LaTeX Warning: Command \textordmasculine invalid in math mode on input line 399
.


LaTeX Warning: Command \textordmasculine invalid in math mode on input line 399
.

Missing character: There is no  in font cmr10!
[5] <fig/VentanaB.jpg, id=44, 226.59656pt x 207.77625pt>
File: fig/VentanaB.jpg Graphic file (type jpg)

<use fig/VentanaB.jpg>
Package pdftex.def Info: fig/VentanaB.jpg used on input line 460.
(pdftex.def)             Requested size: 148.50151pt x 136.16576pt.

Overfull \hbox (0.81061pt too wide) in paragraph at lines 484--485
\T1/cmr/m/n/10 which we shall cal-cu-late the weights, be-long to the union
 []

<fig/Sub-region.jpg, id=45, 230.36063pt x 207.77625pt>
File: fig/Sub-region.jpg Graphic file (type jpg)

<use fig/Sub-region.jpg>
Package pdftex.def Info: fig/Sub-region.jpg used on input line 488.
(pdftex.def)             Requested size: 148.50151pt x 133.94014pt.

<fig/Sub-regiones.jpg, id=46, 226.59656pt x 207.77625pt>
File: fig/Sub-regiones.jpg Graphic file (type jpg)

<use fig/Sub-regiones.jpg>
Package pdftex.def Info: fig/Sub-regiones.jpg used on input line 495.
(pdftex.def)             Requested size: 148.50151pt x 136.16576pt.
 [6 <./fig/VentanaB.jpg>]
Overfull \hbox (2.89833pt too wide) in paragraph at lines 526--528
\T1/cmr/m/n/10 where the op-er-a-tor $\OMS/cmsy/m/n/10 ^^C$ \T1/cmr/m/n/10 sym-
bol-izes the Hadamard prod-
 []


Overfull \hbox (8.24057pt too wide) in paragraph at lines 529--530
[]\T1/cmr/m/n/10 This noise model, un-like the Gaus-
 []

<fig/Original_SinRuido.jpg, id=50, 482.80376pt x 322.20375pt>
File: fig/Original_SinRuido.jpg Graphic file (type jpg)

<use fig/Original_SinRuido.jpg>
Package pdftex.def Info: fig/Original_SinRuido.jpg used on input line 573.
(pdftex.def)             Requested size: 188.09651pt x 125.5262pt.

<fig/img_gaussian_noise.jpg, id=51, 482.80376pt x 322.20375pt>
File: fig/img_gaussian_noise.jpg Graphic file (type jpg)

<use fig/img_gaussian_noise.jpg>
Package pdftex.def Info: fig/img_gaussian_noise.jpg used on input line 573.
(pdftex.def)             Requested size: 188.09651pt x 125.5262pt.

<fig/img_speckle_noise.jpg, id=52, 482.80376pt x 322.20375pt>
File: fig/img_speckle_noise.jpg Graphic file (type jpg)

<use fig/img_speckle_noise.jpg>
Package pdftex.def Info: fig/img_speckle_noise.jpg used on input line 587.
(pdftex.def)             Requested size: 188.09651pt x 125.5262pt.

<fig/img_salt_and_pepper_noise.jpg, id=53, 482.80376pt x 322.20375pt>
File: fig/img_salt_and_pepper_noise.jpg Graphic file (type jpg)

<use fig/img_salt_and_pepper_noise.jpg>
Package pdftex.def Info: fig/img_salt_and_pepper_noise.jpg used on input line 5
87.
(pdftex.def)             Requested size: 188.09651pt x 125.5262pt.

Underfull \hbox (badness 10000) in paragraph at lines 560--588

 []

[7 <./fig/Sub-region.jpg> <./fig/Sub-regiones.jpg>]
Underfull \vbox (badness 10000) has occurred while \output is active []

 [8 <./fig/Original_SinRuido.jpg> <./fig/img_gaussian_noise.jpg> <./fig/img_spe
ckle_noise.jpg> <./fig/img_salt_and_pepper_noise.jpg (PNG copy)>]
<fig/img_ruido_gaussian_83_0_105.jpg, id=63, 482.80376pt x 322.20375pt>
File: fig/img_ruido_gaussian_83_0_105.jpg Graphic file (type jpg)

<use fig/img_ruido_gaussian_83_0_105.jpg>
Package pdftex.def Info: fig/img_ruido_gaussian_83_0_105.jpg used on input line
 656.
(pdftex.def)             Requested size: 188.10242pt x 125.53113pt.

<fig/ALEX.png, id=64, 192.72pt x 130.4875pt>
File: fig/ALEX.png Graphic file (type png)
 <use fig/ALEX.png>
Package pdftex.def Info: fig/ALEX.png used on input line 689.
(pdftex.def)             Requested size: 117.56212pt x 79.59923pt.

<fig/AMLEX.png, id=65, 192.72pt x 130.4875pt>
File: fig/AMLEX.png Graphic file (type png)
 <use fig/AMLEX.png>
Package pdftex.def Info: fig/AMLEX.png used on input line 689.
(pdftex.def)             Requested size: 117.56212pt x 79.59923pt.

<fig/BM.png, id=66, 192.72pt x 130.4875pt>
File: fig/BM.png Graphic file (type png)
 <use fig/BM.png>
Package pdftex.def Info: fig/BM.png used on input line 689.
(pdftex.def)             Requested size: 117.56212pt x 79.59923pt.

<fig/DLAB.png, id=67, 192.72pt x 130.4875pt>
File: fig/DLAB.png Graphic file (type png)
 <use fig/DLAB.png>
Package pdftex.def Info: fig/DLAB.png used on input line 689.
(pdftex.def)             Requested size: 117.56212pt x 79.59923pt.

<fig/ED.png, id=68, 192.72pt x 130.4875pt>
File: fig/ED.png Graphic file (type png)
 <use fig/ED.png>
Package pdftex.def Info: fig/ED.png used on input line 718.
(pdftex.def)             Requested size: 117.56212pt x 79.59923pt.

<fig/HLEX.png, id=69, 192.72pt x 130.4875pt>
File: fig/HLEX.png Graphic file (type png)
 <use fig/HLEX.png>
Package pdftex.def Info: fig/HLEX.png used on input line 718.
(pdftex.def)             Requested size: 117.56212pt x 79.59923pt.

<fig/LEX.png, id=70, 192.72pt x 130.4875pt>
File: fig/LEX.png Graphic file (type png)
 <use fig/LEX.png>
Package pdftex.def Info: fig/LEX.png used on input line 718.
(pdftex.def)             Requested size: 117.56212pt x 79.59923pt.

<fig/MAXM5.png, id=71, 192.72pt x 130.4875pt>
File: fig/MAXM5.png Graphic file (type png)
 <use fig/MAXM5.png>
Package pdftex.def Info: fig/MAXM5.png used on input line 718.
(pdftex.def)             Requested size: 117.56212pt x 79.59923pt.

<fig/MEANM5.png, id=72, 192.72pt x 130.4875pt>
File: fig/MEANM5.png Graphic file (type png)
 <use fig/MEANM5.png>
Package pdftex.def Info: fig/MEANM5.png used on input line 748.
(pdftex.def)             Requested size: 117.56212pt x 79.59923pt.

<fig/MINM5.png, id=73, 192.72pt x 130.4875pt>
File: fig/MINM5.png Graphic file (type png)
 <use fig/MINM5.png>
Package pdftex.def Info: fig/MINM5.png used on input line 748.
(pdftex.def)             Requested size: 117.56212pt x 79.59923pt.

<fig/MOD2M5.png, id=74, 192.72pt x 130.4875pt>
File: fig/MOD2M5.png Graphic file (type png)
 <use fig/MOD2M5.png>
Package pdftex.def Info: fig/MOD2M5.png used on input line 748.
(pdftex.def)             Requested size: 117.56212pt x 79.59923pt.

<fig/MODM5.png, id=75, 192.72pt x 130.4875pt>
File: fig/MODM5.png Graphic file (type png)
 <use fig/MODM5.png>
Package pdftex.def Info: fig/MODM5.png used on input line 748.
(pdftex.def)             Requested size: 117.56212pt x 79.59923pt.

<fig/SMOM5.png, id=76, 192.72pt x 130.4875pt>
File: fig/SMOM5.png Graphic file (type png)
 <use fig/SMOM5.png>
Package pdftex.def Info: fig/SMOM5.png used on input line 764.
(pdftex.def)             Requested size: 117.56212pt x 79.59923pt.

<fig/VARM5.png, id=77, 192.72pt x 130.4875pt>
File: fig/VARM5.png Graphic file (type png)
 <use fig/VARM5.png>
Package pdftex.def Info: fig/VARM5.png used on input line 764.
(pdftex.def)             Requested size: 117.56212pt x 79.59923pt.

Underfull \hbox (badness 10000) in paragraph at lines 664--765

 []

PGFPlots: reading {anexos/files/color_and_marker_by_filter.txt}
PGFPlots: reading {anexos/files/ventanas_mae_gaussian.txt}
PGFPlots: reading {anexos/files/ventanas_mae_gaussian.txt}
PGFPlots: reading {anexos/files/ventanas_mae_salt_and_pepper.txt}
PGFPlots: reading {anexos/files/ventanas_mae_salt_and_pepper.txt}
PGFPlots: reading {anexos/files/ventanas_mae_speckle.txt}
PGFPlots: reading {anexos/files/ventanas_mae_speckle.txt}
Missing character: There is no . in font nullfont!
Missing character: There is no 0 in font nullfont!
Missing character: There is no . in font nullfont!
Missing character: There is no 0 in font nullfont!
Missing character: There is no . in font nullfont!
Missing character: There is no 0 in font nullfont!
Missing character: There is no . in font nullfont!
Missing character: There is no 0 in font nullfont!
Missing character: There is no . in font nullfont!
Missing character: There is no 0 in font nullfont!
Missing character: There is no . in font nullfont!
Missing character: There is no 0 in font nullfont!
Missing character: There is no . in font nullfont!
Missing character: There is no 0 in font nullfont!
Missing character: There is no . in font nullfont!
Missing character: There is no 0 in font nullfont!
Missing character: There is no . in font nullfont!
Missing character: There is no 0 in font nullfont!
Missing character: There is no . in font nullfont!
Missing character: There is no 0 in font nullfont!
Missing character: There is no . in font nullfont!
Missing character: There is no 0 in font nullfont!
Missing character: There is no . in font nullfont!
Missing character: There is no 0 in font nullfont!
Missing character: There is no . in font nullfont!
Missing character: There is no 0 in font nullfont!
Missing character: There is no . in font nullfont!
Missing character: There is no 0 in font nullfont!
Missing character: There is no . in font nullfont!
Missing character: There is no 0 in font nullfont!

Overfull \hbox (3.1156pt too wide) in paragraph at lines 1406--1407
\T1/cmr/m/n/10 plied to im-ages con-tam-i-nated with salt and pep-per noise.
 []

[9 <./fig/img_ruido_gaussian_83_0_105.jpg>]
Underfull \vbox (badness 1960) has occurred while \output is active []


<fig/ImgCortes.png, id=81, 555.07375pt x 416.55624pt>
File: fig/ImgCortes.png Graphic file (type png)
 <use fig/ImgCortes.png>
Package pdftex.def Info: fig/ImgCortes.png used on input line 1445.
(pdftex.def)             Requested size: 117.56212pt x 88.22305pt.

<fig/Apertura1.png, id=82, 555.07375pt x 416.55624pt>
File: fig/Apertura1.png Graphic file (type png)
 <use fig/Apertura1.png>
Package pdftex.def Info: fig/Apertura1.png used on input line 1445.
(pdftex.def)             Requested size: 117.56212pt x 88.22305pt.

<fig/Apertura2.png, id=83, 555.07375pt x 416.55624pt>
File: fig/Apertura2.png Graphic file (type png)
 <use fig/Apertura2.png>
Package pdftex.def Info: fig/Apertura2.png used on input line 1445.
(pdftex.def)             Requested size: 117.56212pt x 88.22305pt.

<fig/DiferenciaApertura.png, id=84, 555.07375pt x 416.55624pt>
File: fig/DiferenciaApertura.png Graphic file (type png)

<use fig/DiferenciaApertura.png>
Package pdftex.def Info: fig/DiferenciaApertura.png used on input line 1445.
(pdftex.def)             Requested size: 117.56212pt x 88.22305pt.

Underfull \hbox (badness 10000) in paragraph at lines 1420--1446

 []


Underfull \vbox (badness 10000) has occurred while \output is active []

 [10 <./fig/ALEX.png (PNG copy)> <./fig/AMLEX.png (PNG copy)> <./fig/BM.png (PN
G copy)> <./fig/DLAB.png (PNG copy)> <./fig/ED.png (PNG copy)> <./fig/HLEX.png 
(PNG copy)> <./fig/LEX.png (PNG copy)> <./fig/MAXM5.png (PNG copy)> <./fig/MEAN
M5.png (PNG copy)> <./fig/MINM5.png (PNG copy)> <./fig/MOD2M5.png (PNG copy)> <
./fig/MODM5.png (PNG copy)> <./fig/SMOM5.png (PNG copy)> <./fig/VARM5.png (PNG 
copy)>]
Underfull \vbox (badness 1132) has occurred while \output is active []

 [11]
[12 <./fig/ImgCortes.png (PNG copy)> <./fig/Apertura1.png (PNG copy)> <./fig/Ap
ertura2.png (PNG copy)> <./fig/DiferenciaApertura.png (PNG copy)>]

LaTeX Font Warning: Font shape `T1/cmr/bx/n' in size <8.5> not available
(Font)              size <8> substituted on input line 1492.


Underfull \vbox (badness 2310) has occurred while \output is active []


<fig/Imagen3.jpg, id=94, 482.80376pt x 322.20375pt>
File: fig/Imagen3.jpg Graphic file (type jpg)
 <use fig/Imagen3.jpg>
Package pdftex.def Info: fig/Imagen3.jpg used on input line 1537.
(pdftex.def)             Requested size: 198.00075pt x 132.1388pt.

<fig/Resultado3_3_4.jpg, id=95, 482.80376pt x 322.20375pt>
File: fig/Resultado3_3_4.jpg Graphic file (type jpg)

<use fig/Resultado3_3_4.jpg>
Package pdftex.def Info: fig/Resultado3_3_4.jpg used on input line 1545.
(pdftex.def)             Requested size: 198.00075pt x 132.1388pt.

Underfull \hbox (badness 10000) in paragraph at lines 1530--1546

 []

[13] <fig/outex13.png, id=101, 837.1275pt x 559.08875pt>
File: fig/outex13.png Graphic file (type png)
 <use fig/outex13.png>
Package pdftex.def Info: fig/outex13.png used on input line 1589.
(pdftex.def)             Requested size: 209.28136pt x 139.77184pt.

[14 <./fig/Imagen3.jpg> <./fig/Resultado3_3_4.jpg> <./fig/outex13.png>]
Underfull \vbox (badness 10000) has occurred while \output is active []


Overfull \hbox (2.56384pt too wide) in paragraph at lines 1676--1678
[]\T1/cmr/m/n/10 The me-dian fil-ter was used to elim-i-nate noise, achiev-
 []

(./template.bbl
Underfull \vbox (badness 10000) has occurred while \output is active []

 [15]
Underfull \vbox (badness 10000) has occurred while \output is active []


Underfull \hbox (badness 3428) in paragraph at lines 108--111
[]\T1/cmr/m/n/10 Chanussot J, Lam-bert P (1997) Bit mix-ing
 []


Underfull \vbox (badness 10000) has occurred while \output is active []

 [16]
Underfull \hbox (badness 4673) in paragraph at lines 178--180
[]\T1/cmr/m/n/10 Lefvre S (2009) Be-yond mor-pho-log-i-cal size
 []


Underfull \hbox (badness 10000) in paragraph at lines 178--180
\T1/cmr/m/n/10 dis-tri-bu-tion. Jour-nal of Elec-tronic Imag-ing
 []


Underfull \hbox (badness 1194) in paragraph at lines 197--200
\T1/cmr/m/n/10 pho-log-i-cal gran-u-lome-tries for color im-ages. In:
 []


Underfull \vbox (badness 10000) has occurred while \output is active []


Underfull \hbox (badness 1939) in paragraph at lines 235--237
[]\T1/cmr/m/n/10 Ortiz Zamora FG (2002) Proce-samiento mor-
 []


Underfull \hbox (badness 1509) in paragraph at lines 243--245
\T1/cmr/m/n/10 tion strate-gies. Fun-da-menta in-for-mat-i-cae 41(1,
 []


Underfull \hbox (badness 4441) in paragraph at lines 281--283
\T1/cmr/m/n/10 per-cep-tual, his-tor-i-cal and ap-pli-ca-tional back-
 []


Underfull \vbox (badness 10000) has occurred while \output is active []

 [17]
Underfull \hbox (badness 1231) in paragraph at lines 336--337
[]\T1/cmr/m/n/10 Vincent L (2000) Gran-u-lome-tries and open-ing
 []


Underfull \vbox (badness 10000) has occurred while \output is active []

)

Package natbib Warning: There were undefined citations.

[18] (./template.aux)

LaTeX Font Warning: Size substitutions with differences
(Font)              up to 1.28pt have occurred.


LaTeX Warning: There were multiply-defined labels.

 ) 
Here is how much of TeX's memory you used:
 30611 strings out of 494951
 731488 string characters out of 6180429
 1177578 words of memory out of 5000000
 33325 multiletter control sequences out of 15000+600000
 19282 words of font info for 57 fonts, out of 8000000 for 9000
 14 hyphenation exceptions out of 8191
 62i,20n,107p,1306b,2349s stack positions out of 5000i,500n,10000p,200000b,80000s
 </home/blackarrow/texlive/2016/texmf-var/fonts/pk/ljfour/jknappen/ec/ecbx080
0.600pk> </home/blackarrow/texlive/2016/texmf-var/fonts/pk/ljfour/jknappen/ec/t
crm1000.600pk> </home/blackarrow/texlive/2016/texmf-var/fonts/pk/ljfour/jknappe
n/ec/ecti1000.600pk> </home/blackarrow/texlive/2016/texmf-var/fonts/pk/ljfour/j
knappen/ec/ecrm0800.600pk> </home/blackarrow/texlive/2016/texmf-var/fonts/pk/lj
four/jknappen/ec/ecbx1728.600pk> </home/blackarrow/texlive/2016/texmf-var/fonts
/pk/ljfour/jknappen/ec/ecrm1000.600pk> </home/blackarrow/texlive/2016/texmf-var
/fonts/pk/ljfour/jknappen/ec/ecbx1000.600pk></home/blackarrow/texlive/2016/texm
f-dist/fonts/type1/public/amsfonts/cm/cmbsy10.pfb></home/blackarrow/texlive/201
6/texmf-dist/fonts/type1/public/amsfonts/cm/cmbx10.pfb></home/blackarrow/texliv
e/2016/texmf-dist/fonts/type1/public/amsfonts/cm/cmbx7.pfb></home/blackarrow/te
xlive/2016/texmf-dist/fonts/type1/public/amsfonts/cm/cmex10.pfb></home/blackarr
ow/texlive/2016/texmf-dist/fonts/type1/public/amsfonts/cm/cmmi10.pfb></home/bla
ckarrow/texlive/2016/texmf-dist/fonts/type1/public/amsfonts/cm/cmmi5.pfb></home
/blackarrow/texlive/2016/texmf-dist/fonts/type1/public/amsfonts/cm/cmmi7.pfb></
home/blackarrow/texlive/2016/texmf-dist/fonts/type1/public/amsfonts/cm/cmmi8.pf
b></home/blackarrow/texlive/2016/texmf-dist/fonts/type1/public/amsfonts/cm/cmr1
0.pfb></home/blackarrow/texlive/2016/texmf-dist/fonts/type1/public/amsfonts/cm/
cmr5.pfb></home/blackarrow/texlive/2016/texmf-dist/fonts/type1/public/amsfonts/
cm/cmr7.pfb></home/blackarrow/texlive/2016/texmf-dist/fonts/type1/public/amsfon
ts/cm/cmr8.pfb></home/blackarrow/texlive/2016/texmf-dist/fonts/type1/public/ams
fonts/cm/cmsy10.pfb></home/blackarrow/texlive/2016/texmf-dist/fonts/type1/publi
c/amsfonts/cm/cmsy5.pfb></home/blackarrow/texlive/2016/texmf-dist/fonts/type1/p
ublic/amsfonts/cm/cmsy7.pfb></home/blackarrow/texlive/2016/texmf-dist/fonts/typ
e1/public/amsfonts/cm/cmsy8.pfb></home/blackarrow/texlive/2016/texmf-dist/fonts
/type1/public/amsfonts/symbols/msbm10.pfb>
Output written on template.pdf (18 pages, 2730730 bytes).
PDF statistics:
 487 PDF objects out of 1000 (max. 8388607)
 124 compressed objects within 2 object streams
 0 named destinations out of 1000 (max. 500000)
 168 words of extra memory for PDF output out of 10000 (max. 10000000)

