This is pdfTeX, Version 3.14159265-2.6-1.40.16 (MiKTeX 2.9 64-bit) (preloaded format=pdflatex 2016.2.29)  8 SEP 2016 20:10
entering extended mode
**./templateBORR.tex
(templateBORR.tex
LaTeX2e <2015/10/01> patch level 2
Babel <3.9n> and hyphenation patterns for 0 languages loaded.

LaTeX Warning: File `example.eps' already exists on the system.
               Not generating it from this source.

(svjour3.cls
Document Class: svjour3 2007/05/08 v3.2 
LaTeX document class for Springer journals
("C:\Program Files\MiKTeX 2.9\tex\latex\base\fleqn.clo"
File: fleqn.clo 2015/03/31 v1.1i Standard LaTeX option (flush left equations)
\mathindent=\dimen102
Applying: [2015/01/01] Make \[ robust on input line 50.
LaTeX Info: Redefining \[ on input line 51.
Already applied: [0000/00/00] Make \[ robust on input line 62.
Applying: [2015/01/01] Make \] robust on input line 74.
LaTeX Info: Redefining \] on input line 75.
Already applied: [0000/00/00] Make \] robust on input line 83.
)
Class Springer-SVJour3 Info: extra/valid Springer sub-package (-> *.clo) 
(Springer-SVJour3)           not found in option list of \documentclass
(Springer-SVJour3)           - autoactivating "global" style.
 (svglov3.clo
File: svglov3.clo 2009/12/18 v3.2 style option for standardised journals

SVJour Class option: svglov3.clo for standardised journals
)
LaTeX Font Info:    Redeclaring math symbol \Gamma on input line 147.
LaTeX Font Info:    Redeclaring math symbol \Delta on input line 148.
LaTeX Font Info:    Redeclaring math symbol \Theta on input line 149.
LaTeX Font Info:    Redeclaring math symbol \Lambda on input line 150.
LaTeX Font Info:    Redeclaring math symbol \Xi on input line 151.
LaTeX Font Info:    Redeclaring math symbol \Pi on input line 152.
LaTeX Font Info:    Redeclaring math symbol \Sigma on input line 153.
LaTeX Font Info:    Redeclaring math symbol \Upsilon on input line 154.
LaTeX Font Info:    Redeclaring math symbol \Phi on input line 155.
LaTeX Font Info:    Redeclaring math symbol \Psi on input line 156.
LaTeX Font Info:    Redeclaring math symbol \Omega on input line 157.
\logodepth=\dimen103
\headerboxheight=\dimen104
\betweenumberspace=\dimen105
\aftertext=\dimen106
\headlineindent=\dimen107
\c@inst=\count79
\c@auth=\count80
\instindent=\dimen108
\authrun=\box26
\authorrunning=\toks14
\titrun=\box27
\titlerunning=\toks15
\combirun=\box28
\c@lastpage=\count81
\rubricwidth=\dimen109
\c@section=\count82
\c@subsection=\count83
\c@subsubsection=\count84
\c@paragraph=\count85
\c@subparagraph=\count86
\spthmsep=\dimen110
\c@theorem=\count87
\c@case=\count88
\c@conjecture=\count89
\c@corollary=\count90
\c@definition=\count91
\c@example=\count92
\c@exercise=\count93
\c@lemma=\count94
\c@note=\count95
\c@problem=\count96
\c@property=\count97
\c@proposition=\count98
\c@question=\count99
\c@solution=\count100
\c@remark=\count101
\c@figure=\count102
\c@table=\count103
\abovecaptionskip=\skip41
\belowcaptionskip=\skip42
\figcapgap=\dimen111
\tabcapgap=\dimen112
\figgap=\dimen113
\bibindent=\dimen114
\@tempcntc=\count104
) ("C:\Program Files\MiKTeX 2.9\tex\latex\natbib\natbib.sty"
Package: natbib 2010/09/13 8.31b (PWD, AO)
\bibhang=\skip43
\bibsep=\skip44
LaTeX Info: Redefining \cite on input line 694.
\c@NAT@ctr=\count105
)
("C:\Program Files\MiKTeX 2.9\tex\latex\amsfonts\amssymb.sty"
Package: amssymb 2013/01/14 v3.01 AMS font symbols

("C:\Program Files\MiKTeX 2.9\tex\latex\amsfonts\amsfonts.sty"
Package: amsfonts 2013/01/14 v3.01 Basic AMSFonts support
\@emptytoks=\toks16
\symAMSa=\mathgroup4
\symAMSb=\mathgroup5
LaTeX Font Info:    Overwriting math alphabet `\mathfrak' in version `bold'
(Font)                  U/euf/m/n --> U/euf/b/n on input line 106.
))
("C:\Program Files\MiKTeX 2.9\tex\latex\amsmath\amsmath.sty"
Package: amsmath 2013/01/14 v2.14 AMS math features
\@mathmargin=\skip45

For additional information on amsmath, use the `?' option.
("C:\Program Files\MiKTeX 2.9\tex\latex\amsmath\amstext.sty"
Package: amstext 2000/06/29 v2.01

("C:\Program Files\MiKTeX 2.9\tex\latex\amsmath\amsgen.sty"
File: amsgen.sty 1999/11/30 v2.0
\@emptytoks=\toks17
\ex@=\dimen115
))
("C:\Program Files\MiKTeX 2.9\tex\latex\amsmath\amsbsy.sty"
Package: amsbsy 1999/11/29 v1.2d
\pmbraise@=\dimen116
)
("C:\Program Files\MiKTeX 2.9\tex\latex\amsmath\amsopn.sty"
Package: amsopn 1999/12/14 v2.01 operator names
)
\inf@bad=\count106
LaTeX Info: Redefining \frac on input line 210.
\uproot@=\count107
\leftroot@=\count108
LaTeX Info: Redefining \overline on input line 306.
\classnum@=\count109
\DOTSCASE@=\count110
LaTeX Info: Redefining \ldots on input line 378.
LaTeX Info: Redefining \dots on input line 381.
LaTeX Info: Redefining \cdots on input line 466.
\Mathstrutbox@=\box29
\strutbox@=\box30
\big@size=\dimen117
LaTeX Font Info:    Redeclaring font encoding OML on input line 566.
LaTeX Font Info:    Redeclaring font encoding OMS on input line 567.


Package amsmath Warning: Unable to redefine math accent \vec.

\macc@depth=\count111
\c@MaxMatrixCols=\count112
\dotsspace@=\muskip10
\c@parentequation=\count113
\dspbrk@lvl=\count114
\tag@help=\toks18
\row@=\count115
\column@=\count116
\maxfields@=\count117
\andhelp@=\toks19
\eqnshift@=\dimen118
\alignsep@=\dimen119
\tagshift@=\dimen120
\tagwidth@=\dimen121
\totwidth@=\dimen122
\lineht@=\dimen123
\@envbody=\toks20
\multlinegap=\skip46
\multlinetaggap=\skip47
\mathdisplay@stack=\toks21
LaTeX Info: Redefining \[ on input line 2665.
LaTeX Info: Redefining \] on input line 2666.
) ("C:\Program Files\MiKTeX 2.9\tex\latex\base\textcomp.sty"
Package: textcomp 2005/09/27 v1.99g Standard LaTeX package
Package textcomp Info: Sub-encoding information:
(textcomp)               5 = only ISO-Adobe without \textcurrency
(textcomp)               4 = 5 + \texteuro
(textcomp)               3 = 4 + \textohm
(textcomp)               2 = 3 + \textestimated + \textcurrency
(textcomp)               1 = TS1 - \textcircled - \t
(textcomp)               0 = TS1 (full)
(textcomp)             Font families with sub-encoding setting implement
(textcomp)             only a restricted character set as indicated.
(textcomp)             Family '?' is the default used for unknown fonts.
(textcomp)             See the documentation for details.
Package textcomp Info: Setting ? sub-encoding to TS1/1 on input line 79.

("C:\Program Files\MiKTeX 2.9\tex\latex\base\ts1enc.def"
File: ts1enc.def 2001/06/05 v3.0e (jk/car/fm) Standard LaTeX file
)
LaTeX Info: Redefining \oldstylenums on input line 334.
Package textcomp Info: Setting cmr sub-encoding to TS1/0 on input line 349.
Package textcomp Info: Setting cmss sub-encoding to TS1/0 on input line 350.
Package textcomp Info: Setting cmtt sub-encoding to TS1/0 on input line 351.
Package textcomp Info: Setting cmvtt sub-encoding to TS1/0 on input line 352.
Package textcomp Info: Setting cmbr sub-encoding to TS1/0 on input line 353.
Package textcomp Info: Setting cmtl sub-encoding to TS1/0 on input line 354.
Package textcomp Info: Setting ccr sub-encoding to TS1/0 on input line 355.
Package textcomp Info: Setting ptm sub-encoding to TS1/4 on input line 356.
Package textcomp Info: Setting pcr sub-encoding to TS1/4 on input line 357.
Package textcomp Info: Setting phv sub-encoding to TS1/4 on input line 358.
Package textcomp Info: Setting ppl sub-encoding to TS1/3 on input line 359.
Package textcomp Info: Setting pag sub-encoding to TS1/4 on input line 360.
Package textcomp Info: Setting pbk sub-encoding to TS1/4 on input line 361.
Package textcomp Info: Setting pnc sub-encoding to TS1/4 on input line 362.
Package textcomp Info: Setting pzc sub-encoding to TS1/4 on input line 363.
Package textcomp Info: Setting bch sub-encoding to TS1/4 on input line 364.
Package textcomp Info: Setting put sub-encoding to TS1/5 on input line 365.
Package textcomp Info: Setting uag sub-encoding to TS1/5 on input line 366.
Package textcomp Info: Setting ugq sub-encoding to TS1/5 on input line 367.
Package textcomp Info: Setting ul8 sub-encoding to TS1/4 on input line 368.
Package textcomp Info: Setting ul9 sub-encoding to TS1/4 on input line 369.
Package textcomp Info: Setting augie sub-encoding to TS1/5 on input line 370.
Package textcomp Info: Setting dayrom sub-encoding to TS1/3 on input line 371.
Package textcomp Info: Setting dayroms sub-encoding to TS1/3 on input line 372.

Package textcomp Info: Setting pxr sub-encoding to TS1/0 on input line 373.
Package textcomp Info: Setting pxss sub-encoding to TS1/0 on input line 374.
Package textcomp Info: Setting pxtt sub-encoding to TS1/0 on input line 375.
Package textcomp Info: Setting txr sub-encoding to TS1/0 on input line 376.
Package textcomp Info: Setting txss sub-encoding to TS1/0 on input line 377.
Package textcomp Info: Setting txtt sub-encoding to TS1/0 on input line 378.
Package textcomp Info: Setting lmr sub-encoding to TS1/0 on input line 379.
Package textcomp Info: Setting lmdh sub-encoding to TS1/0 on input line 380.
Package textcomp Info: Setting lmss sub-encoding to TS1/0 on input line 381.
Package textcomp Info: Setting lmssq sub-encoding to TS1/0 on input line 382.
Package textcomp Info: Setting lmvtt sub-encoding to TS1/0 on input line 383.
Package textcomp Info: Setting lmtt sub-encoding to TS1/0 on input line 384.
Package textcomp Info: Setting qhv sub-encoding to TS1/0 on input line 385.
Package textcomp Info: Setting qag sub-encoding to TS1/0 on input line 386.
Package textcomp Info: Setting qbk sub-encoding to TS1/0 on input line 387.
Package textcomp Info: Setting qcr sub-encoding to TS1/0 on input line 388.
Package textcomp Info: Setting qcs sub-encoding to TS1/0 on input line 389.
Package textcomp Info: Setting qpl sub-encoding to TS1/0 on input line 390.
Package textcomp Info: Setting qtm sub-encoding to TS1/0 on input line 391.
Package textcomp Info: Setting qzc sub-encoding to TS1/0 on input line 392.
Package textcomp Info: Setting qhvc sub-encoding to TS1/0 on input line 393.
Package textcomp Info: Setting futs sub-encoding to TS1/4 on input line 394.
Package textcomp Info: Setting futx sub-encoding to TS1/4 on input line 395.
Package textcomp Info: Setting futj sub-encoding to TS1/4 on input line 396.
Package textcomp Info: Setting hlh sub-encoding to TS1/3 on input line 397.
Package textcomp Info: Setting hls sub-encoding to TS1/3 on input line 398.
Package textcomp Info: Setting hlst sub-encoding to TS1/3 on input line 399.
Package textcomp Info: Setting hlct sub-encoding to TS1/5 on input line 400.
Package textcomp Info: Setting hlx sub-encoding to TS1/5 on input line 401.
Package textcomp Info: Setting hlce sub-encoding to TS1/5 on input line 402.
Package textcomp Info: Setting hlcn sub-encoding to TS1/5 on input line 403.
Package textcomp Info: Setting hlcw sub-encoding to TS1/5 on input line 404.
Package textcomp Info: Setting hlcf sub-encoding to TS1/5 on input line 405.
Package textcomp Info: Setting pplx sub-encoding to TS1/3 on input line 406.
Package textcomp Info: Setting pplj sub-encoding to TS1/3 on input line 407.
Package textcomp Info: Setting ptmx sub-encoding to TS1/4 on input line 408.
Package textcomp Info: Setting ptmj sub-encoding to TS1/4 on input line 409.
)
("C:\Program Files\MiKTeX 2.9\tex\latex\base\fontenc.sty"
Package: fontenc 2005/09/27 v1.99g Standard LaTeX package

("C:\Program Files\MiKTeX 2.9\tex\latex\base\t1enc.def"
File: t1enc.def 2005/09/27 v1.99g Standard LaTeX file
LaTeX Font Info:    Redeclaring font encoding T1 on input line 48.
))
("C:\Program Files\MiKTeX 2.9\tex\latex\base\inputenc.sty"
Package: inputenc 2015/03/17 v1.2c Input encoding file
\inpenc@prehook=\toks22
\inpenc@posthook=\toks23

("C:\Program Files\MiKTeX 2.9\tex\latex\base\utf8.def"
File: utf8.def 2015/12/03 v1.1r UTF-8 support for inputenc
Now handling font encoding OML ...
... no UTF-8 mapping file for font encoding OML
Now handling font encoding T1 ...
... processing UTF-8 mapping file for font encoding T1

("C:\Program Files\MiKTeX 2.9\tex\latex\base\t1enc.dfu"
File: t1enc.dfu 2015/12/03 v1.1r UTF-8 support for inputenc
   defining Unicode char U+00A0 (decimal 160)
   defining Unicode char U+00A1 (decimal 161)
   defining Unicode char U+00A3 (decimal 163)
   defining Unicode char U+00AB (decimal 171)
   defining Unicode char U+00AD (decimal 173)
   defining Unicode char U+00BB (decimal 187)
   defining Unicode char U+00BF (decimal 191)
   defining Unicode char U+00C0 (decimal 192)
   defining Unicode char U+00C1 (decimal 193)
   defining Unicode char U+00C2 (decimal 194)
   defining Unicode char U+00C3 (decimal 195)
   defining Unicode char U+00C4 (decimal 196)
   defining Unicode char U+00C5 (decimal 197)
   defining Unicode char U+00C6 (decimal 198)
   defining Unicode char U+00C7 (decimal 199)
   defining Unicode char U+00C8 (decimal 200)
   defining Unicode char U+00C9 (decimal 201)
   defining Unicode char U+00CA (decimal 202)
   defining Unicode char U+00CB (decimal 203)
   defining Unicode char U+00CC (decimal 204)
   defining Unicode char U+00CD (decimal 205)
   defining Unicode char U+00CE (decimal 206)
   defining Unicode char U+00CF (decimal 207)
   defining Unicode char U+00D0 (decimal 208)
   defining Unicode char U+00D1 (decimal 209)
   defining Unicode char U+00D2 (decimal 210)
   defining Unicode char U+00D3 (decimal 211)
   defining Unicode char U+00D4 (decimal 212)
   defining Unicode char U+00D5 (decimal 213)
   defining Unicode char U+00D6 (decimal 214)
   defining Unicode char U+00D8 (decimal 216)
   defining Unicode char U+00D9 (decimal 217)
   defining Unicode char U+00DA (decimal 218)
   defining Unicode char U+00DB (decimal 219)
   defining Unicode char U+00DC (decimal 220)
   defining Unicode char U+00DD (decimal 221)
   defining Unicode char U+00DE (decimal 222)
   defining Unicode char U+00DF (decimal 223)
   defining Unicode char U+00E0 (decimal 224)
   defining Unicode char U+00E1 (decimal 225)
   defining Unicode char U+00E2 (decimal 226)
   defining Unicode char U+00E3 (decimal 227)
   defining Unicode char U+00E4 (decimal 228)
   defining Unicode char U+00E5 (decimal 229)
   defining Unicode char U+00E6 (decimal 230)
   defining Unicode char U+00E7 (decimal 231)
   defining Unicode char U+00E8 (decimal 232)
   defining Unicode char U+00E9 (decimal 233)
   defining Unicode char U+00EA (decimal 234)
   defining Unicode char U+00EB (decimal 235)
   defining Unicode char U+00EC (decimal 236)
   defining Unicode char U+00ED (decimal 237)
   defining Unicode char U+00EE (decimal 238)
   defining Unicode char U+00EF (decimal 239)
   defining Unicode char U+00F0 (decimal 240)
   defining Unicode char U+00F1 (decimal 241)
   defining Unicode char U+00F2 (decimal 242)
   defining Unicode char U+00F3 (decimal 243)
   defining Unicode char U+00F4 (decimal 244)
   defining Unicode char U+00F5 (decimal 245)
   defining Unicode char U+00F6 (decimal 246)
   defining Unicode char U+00F8 (decimal 248)
   defining Unicode char U+00F9 (decimal 249)
   defining Unicode char U+00FA (decimal 250)
   defining Unicode char U+00FB (decimal 251)
   defining Unicode char U+00FC (decimal 252)
   defining Unicode char U+00FD (decimal 253)
   defining Unicode char U+00FE (decimal 254)
   defining Unicode char U+00FF (decimal 255)
   defining Unicode char U+0100 (decimal 256)
   defining Unicode char U+0101 (decimal 257)
   defining Unicode char U+0102 (decimal 258)
   defining Unicode char U+0103 (decimal 259)
   defining Unicode char U+0104 (decimal 260)
   defining Unicode char U+0105 (decimal 261)
   defining Unicode char U+0106 (decimal 262)
   defining Unicode char U+0107 (decimal 263)
   defining Unicode char U+0108 (decimal 264)
   defining Unicode char U+0109 (decimal 265)
   defining Unicode char U+010A (decimal 266)
   defining Unicode char U+010B (decimal 267)
   defining Unicode char U+010C (decimal 268)
   defining Unicode char U+010D (decimal 269)
   defining Unicode char U+010E (decimal 270)
   defining Unicode char U+010F (decimal 271)
   defining Unicode char U+0110 (decimal 272)
   defining Unicode char U+0111 (decimal 273)
   defining Unicode char U+0112 (decimal 274)
   defining Unicode char U+0113 (decimal 275)
   defining Unicode char U+0114 (decimal 276)
   defining Unicode char U+0115 (decimal 277)
   defining Unicode char U+0116 (decimal 278)
   defining Unicode char U+0117 (decimal 279)
   defining Unicode char U+0118 (decimal 280)
   defining Unicode char U+0119 (decimal 281)
   defining Unicode char U+011A (decimal 282)
   defining Unicode char U+011B (decimal 283)
   defining Unicode char U+011C (decimal 284)
   defining Unicode char U+011D (decimal 285)
   defining Unicode char U+011E (decimal 286)
   defining Unicode char U+011F (decimal 287)
   defining Unicode char U+0120 (decimal 288)
   defining Unicode char U+0121 (decimal 289)
   defining Unicode char U+0122 (decimal 290)
   defining Unicode char U+0123 (decimal 291)
   defining Unicode char U+0124 (decimal 292)
   defining Unicode char U+0125 (decimal 293)
   defining Unicode char U+0128 (decimal 296)
   defining Unicode char U+0129 (decimal 297)
   defining Unicode char U+012A (decimal 298)
   defining Unicode char U+012B (decimal 299)
   defining Unicode char U+012C (decimal 300)
   defining Unicode char U+012D (decimal 301)
   defining Unicode char U+012E (decimal 302)
   defining Unicode char U+012F (decimal 303)
   defining Unicode char U+0130 (decimal 304)
   defining Unicode char U+0131 (decimal 305)
   defining Unicode char U+0132 (decimal 306)
   defining Unicode char U+0133 (decimal 307)
   defining Unicode char U+0134 (decimal 308)
   defining Unicode char U+0135 (decimal 309)
   defining Unicode char U+0136 (decimal 310)
   defining Unicode char U+0137 (decimal 311)
   defining Unicode char U+0139 (decimal 313)
   defining Unicode char U+013A (decimal 314)
   defining Unicode char U+013B (decimal 315)
   defining Unicode char U+013C (decimal 316)
   defining Unicode char U+013D (decimal 317)
   defining Unicode char U+013E (decimal 318)
   defining Unicode char U+0141 (decimal 321)
   defining Unicode char U+0142 (decimal 322)
   defining Unicode char U+0143 (decimal 323)
   defining Unicode char U+0144 (decimal 324)
   defining Unicode char U+0145 (decimal 325)
   defining Unicode char U+0146 (decimal 326)
   defining Unicode char U+0147 (decimal 327)
   defining Unicode char U+0148 (decimal 328)
   defining Unicode char U+014A (decimal 330)
   defining Unicode char U+014B (decimal 331)
   defining Unicode char U+014C (decimal 332)
   defining Unicode char U+014D (decimal 333)
   defining Unicode char U+014E (decimal 334)
   defining Unicode char U+014F (decimal 335)
   defining Unicode char U+0150 (decimal 336)
   defining Unicode char U+0151 (decimal 337)
   defining Unicode char U+0152 (decimal 338)
   defining Unicode char U+0153 (decimal 339)
   defining Unicode char U+0154 (decimal 340)
   defining Unicode char U+0155 (decimal 341)
   defining Unicode char U+0156 (decimal 342)
   defining Unicode char U+0157 (decimal 343)
   defining Unicode char U+0158 (decimal 344)
   defining Unicode char U+0159 (decimal 345)
   defining Unicode char U+015A (decimal 346)
   defining Unicode char U+015B (decimal 347)
   defining Unicode char U+015C (decimal 348)
   defining Unicode char U+015D (decimal 349)
   defining Unicode char U+015E (decimal 350)
   defining Unicode char U+015F (decimal 351)
   defining Unicode char U+0160 (decimal 352)
   defining Unicode char U+0161 (decimal 353)
   defining Unicode char U+0162 (decimal 354)
   defining Unicode char U+0163 (decimal 355)
   defining Unicode char U+0164 (decimal 356)
   defining Unicode char U+0165 (decimal 357)
   defining Unicode char U+0168 (decimal 360)
   defining Unicode char U+0169 (decimal 361)
   defining Unicode char U+016A (decimal 362)
   defining Unicode char U+016B (decimal 363)
   defining Unicode char U+016C (decimal 364)
   defining Unicode char U+016D (decimal 365)
   defining Unicode char U+016E (decimal 366)
   defining Unicode char U+016F (decimal 367)
   defining Unicode char U+0170 (decimal 368)
   defining Unicode char U+0171 (decimal 369)
   defining Unicode char U+0172 (decimal 370)
   defining Unicode char U+0173 (decimal 371)
   defining Unicode char U+0174 (decimal 372)
   defining Unicode char U+0175 (decimal 373)
   defining Unicode char U+0176 (decimal 374)
   defining Unicode char U+0177 (decimal 375)
   defining Unicode char U+0178 (decimal 376)
   defining Unicode char U+0179 (decimal 377)
   defining Unicode char U+017A (decimal 378)
   defining Unicode char U+017B (decimal 379)
   defining Unicode char U+017C (decimal 380)
   defining Unicode char U+017D (decimal 381)
   defining Unicode char U+017E (decimal 382)
   defining Unicode char U+01CD (decimal 461)
   defining Unicode char U+01CE (decimal 462)
   defining Unicode char U+01CF (decimal 463)
   defining Unicode char U+01D0 (decimal 464)
   defining Unicode char U+01D1 (decimal 465)
   defining Unicode char U+01D2 (decimal 466)
   defining Unicode char U+01D3 (decimal 467)
   defining Unicode char U+01D4 (decimal 468)
   defining Unicode char U+01E2 (decimal 482)
   defining Unicode char U+01E3 (decimal 483)
   defining Unicode char U+01E6 (decimal 486)
   defining Unicode char U+01E7 (decimal 487)
   defining Unicode char U+01E8 (decimal 488)
   defining Unicode char U+01E9 (decimal 489)
   defining Unicode char U+01EA (decimal 490)
   defining Unicode char U+01EB (decimal 491)
   defining Unicode char U+01F0 (decimal 496)
   defining Unicode char U+01F4 (decimal 500)
   defining Unicode char U+01F5 (decimal 501)
   defining Unicode char U+0218 (decimal 536)
   defining Unicode char U+0219 (decimal 537)
   defining Unicode char U+021A (decimal 538)
   defining Unicode char U+021B (decimal 539)
   defining Unicode char U+01E02 (decimal 7682)
   defining Unicode char U+01E03 (decimal 7683)
   defining Unicode char U+200C (decimal 8204)
   defining Unicode char U+2013 (decimal 8211)
   defining Unicode char U+2014 (decimal 8212)
   defining Unicode char U+2018 (decimal 8216)
   defining Unicode char U+2019 (decimal 8217)
   defining Unicode char U+201A (decimal 8218)
   defining Unicode char U+201C (decimal 8220)
   defining Unicode char U+201D (decimal 8221)
   defining Unicode char U+201E (decimal 8222)
   defining Unicode char U+2030 (decimal 8240)
   defining Unicode char U+2031 (decimal 8241)
   defining Unicode char U+2039 (decimal 8249)
   defining Unicode char U+203A (decimal 8250)
   defining Unicode char U+2423 (decimal 9251)
)
Now handling font encoding OT1 ...
... processing UTF-8 mapping file for font encoding OT1

("C:\Program Files\MiKTeX 2.9\tex\latex\base\ot1enc.dfu"
File: ot1enc.dfu 2015/12/03 v1.1r UTF-8 support for inputenc
   defining Unicode char U+00A0 (decimal 160)
   defining Unicode char U+00A1 (decimal 161)
   defining Unicode char U+00A3 (decimal 163)
   defining Unicode char U+00AD (decimal 173)
   defining Unicode char U+00B8 (decimal 184)
   defining Unicode char U+00BF (decimal 191)
   defining Unicode char U+00C5 (decimal 197)
   defining Unicode char U+00C6 (decimal 198)
   defining Unicode char U+00D8 (decimal 216)
   defining Unicode char U+00DF (decimal 223)
   defining Unicode char U+00E6 (decimal 230)
   defining Unicode char U+00EC (decimal 236)
   defining Unicode char U+00ED (decimal 237)
   defining Unicode char U+00EE (decimal 238)
   defining Unicode char U+00EF (decimal 239)
   defining Unicode char U+00F8 (decimal 248)
   defining Unicode char U+0131 (decimal 305)
   defining Unicode char U+0141 (decimal 321)
   defining Unicode char U+0142 (decimal 322)
   defining Unicode char U+0152 (decimal 338)
   defining Unicode char U+0153 (decimal 339)
   defining Unicode char U+0174 (decimal 372)
   defining Unicode char U+0175 (decimal 373)
   defining Unicode char U+0176 (decimal 374)
   defining Unicode char U+0177 (decimal 375)
   defining Unicode char U+0218 (decimal 536)
   defining Unicode char U+0219 (decimal 537)
   defining Unicode char U+021A (decimal 538)
   defining Unicode char U+021B (decimal 539)
   defining Unicode char U+2013 (decimal 8211)
   defining Unicode char U+2014 (decimal 8212)
   defining Unicode char U+2018 (decimal 8216)
   defining Unicode char U+2019 (decimal 8217)
   defining Unicode char U+201C (decimal 8220)
   defining Unicode char U+201D (decimal 8221)
)
Now handling font encoding OMS ...
... processing UTF-8 mapping file for font encoding OMS

("C:\Program Files\MiKTeX 2.9\tex\latex\base\omsenc.dfu"
File: omsenc.dfu 2015/12/03 v1.1r UTF-8 support for inputenc
   defining Unicode char U+00A7 (decimal 167)
   defining Unicode char U+00B6 (decimal 182)
   defining Unicode char U+00B7 (decimal 183)
   defining Unicode char U+2020 (decimal 8224)
   defining Unicode char U+2021 (decimal 8225)
   defining Unicode char U+2022 (decimal 8226)
)
Now handling font encoding OMX ...
... no UTF-8 mapping file for font encoding OMX
Now handling font encoding U ...
... no UTF-8 mapping file for font encoding U
Now handling font encoding TS1 ...
... processing UTF-8 mapping file for font encoding TS1

("C:\Program Files\MiKTeX 2.9\tex\latex\base\ts1enc.dfu"
File: ts1enc.dfu 2015/12/03 v1.1r UTF-8 support for inputenc
   defining Unicode char U+00A2 (decimal 162)
   defining Unicode char U+00A3 (decimal 163)
   defining Unicode char U+00A4 (decimal 164)
   defining Unicode char U+00A5 (decimal 165)
   defining Unicode char U+00A6 (decimal 166)
   defining Unicode char U+00A7 (decimal 167)
   defining Unicode char U+00A8 (decimal 168)
   defining Unicode char U+00A9 (decimal 169)
   defining Unicode char U+00AA (decimal 170)
   defining Unicode char U+00AC (decimal 172)
   defining Unicode char U+00AE (decimal 174)
   defining Unicode char U+00AF (decimal 175)
   defining Unicode char U+00B0 (decimal 176)
   defining Unicode char U+00B1 (decimal 177)
   defining Unicode char U+00B2 (decimal 178)
   defining Unicode char U+00B3 (decimal 179)
   defining Unicode char U+00B4 (decimal 180)
   defining Unicode char U+00B5 (decimal 181)
   defining Unicode char U+00B6 (decimal 182)
   defining Unicode char U+00B7 (decimal 183)
   defining Unicode char U+00B9 (decimal 185)
   defining Unicode char U+00BA (decimal 186)
   defining Unicode char U+00BC (decimal 188)
   defining Unicode char U+00BD (decimal 189)
   defining Unicode char U+00BE (decimal 190)
   defining Unicode char U+00D7 (decimal 215)
   defining Unicode char U+00F7 (decimal 247)
   defining Unicode char U+0192 (decimal 402)
   defining Unicode char U+02C7 (decimal 711)
   defining Unicode char U+02D8 (decimal 728)
   defining Unicode char U+02DD (decimal 733)
   defining Unicode char U+0E3F (decimal 3647)
   defining Unicode char U+2016 (decimal 8214)
   defining Unicode char U+2020 (decimal 8224)
   defining Unicode char U+2021 (decimal 8225)
   defining Unicode char U+2022 (decimal 8226)
   defining Unicode char U+2030 (decimal 8240)
   defining Unicode char U+2031 (decimal 8241)
   defining Unicode char U+203B (decimal 8251)
   defining Unicode char U+203D (decimal 8253)
   defining Unicode char U+2044 (decimal 8260)
   defining Unicode char U+204E (decimal 8270)
   defining Unicode char U+2052 (decimal 8274)
   defining Unicode char U+20A1 (decimal 8353)
   defining Unicode char U+20A4 (decimal 8356)
   defining Unicode char U+20A6 (decimal 8358)
   defining Unicode char U+20A9 (decimal 8361)
   defining Unicode char U+20AB (decimal 8363)
   defining Unicode char U+20AC (decimal 8364)
   defining Unicode char U+20B1 (decimal 8369)
   defining Unicode char U+2103 (decimal 8451)
   defining Unicode char U+2116 (decimal 8470)
   defining Unicode char U+2117 (decimal 8471)
   defining Unicode char U+211E (decimal 8478)
   defining Unicode char U+2120 (decimal 8480)
   defining Unicode char U+2122 (decimal 8482)
   defining Unicode char U+2126 (decimal 8486)
   defining Unicode char U+2127 (decimal 8487)
   defining Unicode char U+212E (decimal 8494)
   defining Unicode char U+2190 (decimal 8592)
   defining Unicode char U+2191 (decimal 8593)
   defining Unicode char U+2192 (decimal 8594)
   defining Unicode char U+2193 (decimal 8595)
   defining Unicode char U+2329 (decimal 9001)
   defining Unicode char U+232A (decimal 9002)
   defining Unicode char U+2422 (decimal 9250)
   defining Unicode char U+25E6 (decimal 9702)
   defining Unicode char U+25EF (decimal 9711)
   defining Unicode char U+266A (decimal 9834)
)
   defining Unicode char U+00A9 (decimal 169)
   defining Unicode char U+00AA (decimal 170)
   defining Unicode char U+00AE (decimal 174)
   defining Unicode char U+00BA (decimal 186)
   defining Unicode char U+02C6 (decimal 710)
   defining Unicode char U+02DC (decimal 732)
   defining Unicode char U+200C (decimal 8204)
   defining Unicode char U+2026 (decimal 8230)
   defining Unicode char U+2122 (decimal 8482)
   defining Unicode char U+2423 (decimal 9251)
))
("C:\Program Files\MiKTeX 2.9\tex\generic\babel\babel.sty"
Package: babel 2016/02/09 3.9q The Babel package

("C:\Program Files\MiKTeX 2.9\tex\generic\babel\switch.def"
File: switch.def 2016/02/09 3.9q Babel switching mechanism
)
*************************************
* Local config file bblopts.cfg used
*
("C:\Program Files\MiKTeX 2.9\tex\latex\00miktex\bblopts.cfg"
File: bblopts.cfg 2006/07/31 v1.0 MiKTeX 'babel' configuration
)
("C:\Program Files\MiKTeX 2.9\tex\latex\babel-spanish\spanish.ldf"
Language: spanish.ldf 2016/01/15 v5.0o Spanish support from the babel system

("C:\Program Files\MiKTeX 2.9\tex\generic\babel\babel.def"
File: babel.def 2016/02/09 3.9q Babel common definitions
\babel@savecnt=\count118
\U@D=\dimen124
)

Package babel Warning: No hyphenation patterns were preloaded for
(babel)                the language `Spanish' into the format.
(babel)                Please, configure your TeX system to add them and
(babel)                rebuild the format. Now I will use the patterns
(babel)                preloaded for \language=0 instead on input line 51.

\l@spanish = a dialect from \language0
\es@quottoks=\toks24
\es@quotdepth=\count119
Package babel Info: Making " an active character on input line 533.
Package babel Info: Making . an active character on input line 634.
Package babel Info: Making < an active character on input line 679.
Package babel Info: Making > an active character on input line 679.
)) ("C:\Program Files\MiKTeX 2.9\tex\latex\csquotes\csquotes.sty"
Package: csquotes 2016/07/14 v5.1h context-sensitive quotations (JAW)

("C:\Program Files\MiKTeX 2.9\tex\latex\etoolbox\etoolbox.sty"
Package: etoolbox 2015/08/02 v2.2a e-TeX tools for LaTeX (JAW)
\etb@tempcnta=\count120
)
("C:\Program Files\MiKTeX 2.9\tex\latex\graphics\keyval.sty"
Package: keyval 2014/10/28 v1.15 key=value parser (DPC)
\KV@toks@=\toks25
)
\csq@reset=\count121
\csq@gtype=\count122
\csq@glevel=\count123
\csq@qlevel=\count124
\csq@maxlvl=\count125
\csq@tshold=\count126
\csq@ltx@everypar=\toks26

("C:\Program Files\MiKTeX 2.9\tex\latex\csquotes\csquotes.def"
File: csquotes.def 2016/07/14 v5.1h csquotes generic definitions (JAW)
)
Package csquotes Info: Trying to load configuration file 'csquotes.cfg'...
Package csquotes Info: ... configuration file loaded successfully.

("C:\Program Files\MiKTeX 2.9\tex\latex\csquotes\csquotes.cfg"
File: csquotes.cfg 
))
("C:\Program Files\MiKTeX 2.9\tex\latex\tools\enumerate.sty"
Package: enumerate 2015/07/23 v3.00 enumerate extensions (DPC)
\@enLab=\toks27
)
("C:\Program Files\MiKTeX 2.9\tex\latex\enumitem\enumitem.sty"
Package: enumitem 2011/09/28 v3.5.2 Customized lists
\labelindent=\skip48
\enit@outerparindent=\dimen125
\enit@toks=\toks28
\enit@inbox=\box31
\enitdp@description=\count127
)
("C:\Program Files\MiKTeX 2.9\tex\latex\caption\caption.sty"
Package: caption 2016/02/21 v3.3-144 Customizing captions (AR)

("C:\Program Files\MiKTeX 2.9\tex\latex\caption\caption3.sty"
Package: caption3 2016/05/22 v1.7-166 caption3 kernel (AR)
Package caption3 Info: TeX engine: e-TeX on input line 67.
\captionmargin=\dimen126
\captionmargin@=\dimen127
\captionwidth=\dimen128
\caption@tempdima=\dimen129
\caption@indent=\dimen130
\caption@parindent=\dimen131
\caption@hangindent=\dimen132
Package caption Info: Unknown document class (or package),
(caption)             standard defaults will be used.
)

Package caption Warning: Unsupported document class (or package) detected,
(caption)                usage of the caption package is not recommended.
See the caption package documentation for explanation.

Package caption Info: \@makecaption = \long macro:#1#2->\captionstyle \ifx \@ca
ptype \fig@type \vskip \figcapgap \fi \setbox \@tempboxa \hbox {{\floatlegendst
yle #1\floatcounterend }\capstrut #2}\ifdim \wd \@tempboxa >\hsize {\floatlegen
dstyle #1\floatcounterend }\capstrut #2\par \else \hbox to\hsize {\leftlegendgl
ue \unhbox \@tempboxa \hfil }\fi \ifx \@captype \fig@type \else \vskip \tabcapg
ap \fi .
\c@ContinuedFloat=\count128
) ("C:\Program Files\MiKTeX 2.9\tex\latex\caption\subcaption.sty"
Package: subcaption 2016/05/22 v1.1-161 Sub-captions (AR)
\c@subfigure=\count129
\c@subtable=\count130
)
("C:\Program Files\MiKTeX 2.9\tex\latex\listings\listings.sty"
\lst@mode=\count131
\lst@gtempboxa=\box32
\lst@token=\toks29
\lst@length=\count132
\lst@currlwidth=\dimen133
\lst@column=\count133
\lst@pos=\count134
\lst@lostspace=\dimen134
\lst@width=\dimen135
\lst@newlines=\count135
\lst@lineno=\count136
\lst@maxwidth=\dimen136

("C:\Program Files\MiKTeX 2.9\tex\latex\listings\lstmisc.sty"
File: lstmisc.sty 2015/06/04 1.6 (Carsten Heinz)
\c@lstnumber=\count137
\lst@skipnumbers=\count138
\lst@framebox=\box33
)
("C:\Program Files\MiKTeX 2.9\tex\latex\listings\listings.cfg"
File: listings.cfg 2015/06/04 1.6 listings configuration
))
Package: listings 2015/06/04 1.6 (Carsten Heinz)

("C:\Program Files\MiKTeX 2.9\tex\latex\tools\array.sty"
Package: array 2014/10/28 v2.4c Tabular extension package (FMi)
\col@sep=\dimen137
\extrarowheight=\dimen138
\NC@list=\toks30
\extratabsurround=\skip49
\backup@length=\skip50
)
("C:\Program Files\MiKTeX 2.9\tex\latex\multirow\multirow.sty"
\bigstrutjot=\dimen139
)
("C:\Program Files\MiKTeX 2.9\tex\latex\units\nicefrac.sty"
Package: nicefrac 1998/08/04 v0.9b Nice fractions
\L@UnitsRaiseDisplaystyle=\skip51
\L@UnitsRaiseTextstyle=\skip52
\L@UnitsRaiseScriptstyle=\skip53

("C:\Program Files\MiKTeX 2.9\tex\latex\base\ifthen.sty"
Package: ifthen 2014/09/29 v1.1c Standard LaTeX ifthen package (DPC)
))
("C:\Program Files\MiKTeX 2.9\tex\latex\xcolor\xcolor.sty"
Package: xcolor 2007/01/21 v2.11 LaTeX color extensions (UK)

("C:\Program Files\MiKTeX 2.9\tex\latex\00miktex\color.cfg"
File: color.cfg 2007/01/18 v1.5 color configuration of teTeX/TeXLive
)
Package xcolor Info: Driver file: pdftex.def on input line 225.

("C:\Program Files\MiKTeX 2.9\tex\latex\pdftex-def\pdftex.def"
File: pdftex.def 2011/05/27 v0.06d Graphics/color for pdfTeX

("C:\Program Files\MiKTeX 2.9\tex\generic\oberdiek\infwarerr.sty"
Package: infwarerr 2010/04/08 v1.3 Providing info/warning/error messages (HO)
)
("C:\Program Files\MiKTeX 2.9\tex\generic\oberdiek\ltxcmds.sty"
Package: ltxcmds 2011/11/09 v1.22 LaTeX kernel commands for general use (HO)
)
\Gread@gobject=\count139
)
Package xcolor Info: Model `cmy' substituted by `cmy0' on input line 1337.
Package xcolor Info: Model `hsb' substituted by `rgb' on input line 1341.
Package xcolor Info: Model `RGB' extended on input line 1353.
Package xcolor Info: Model `HTML' substituted by `rgb' on input line 1355.
Package xcolor Info: Model `Hsb' substituted by `hsb' on input line 1356.
Package xcolor Info: Model `tHsb' substituted by `hsb' on input line 1357.
Package xcolor Info: Model `HSB' substituted by `hsb' on input line 1358.
Package xcolor Info: Model `Gray' substituted by `gray' on input line 1359.
Package xcolor Info: Model `wave' substituted by `hsb' on input line 1360.

("C:\Program Files\MiKTeX 2.9\tex\latex\graphics\dvipsnam.def"
File: dvipsnam.def 2015/12/30 v3.0k Driver-dependent file (DPC,SPQR)
))
("C:\Program Files\MiKTeX 2.9\tex\latex\pgfplots\pgfplots.sty"
("C:\Program Files\MiKTeX 2.9\tex\generic\pgfplots\pgfplots.revision.tex")
Package: pgfplots 2016/01/06 v1.13 Data Visualization (1.13)

("C:\Program Files\MiKTeX 2.9\tex\latex\pgf\frontendlayer\tikz.sty"
("C:\Program Files\MiKTeX 2.9\tex\latex\pgf\basiclayer\pgf.sty"
("C:\Program Files\MiKTeX 2.9\tex\latex\pgf\utilities\pgfrcs.sty"
("C:\Program Files\MiKTeX 2.9\tex\generic\pgf\utilities\pgfutil-common.tex"
\pgfutil@everybye=\toks31
\pgfutil@tempdima=\dimen140
\pgfutil@tempdimb=\dimen141

("C:\Program Files\MiKTeX 2.9\tex\generic\pgf\utilities\pgfutil-common-lists.te
x")) ("C:\Program Files\MiKTeX 2.9\tex\generic\pgf\utilities\pgfutil-latex.def"
\pgfutil@abb=\box34
("C:\Program Files\MiKTeX 2.9\tex\latex\ms\everyshi.sty"
Package: everyshi 2001/05/15 v3.00 EveryShipout Package (MS)
))
("C:\Program Files\MiKTeX 2.9\tex\generic\pgf\utilities\pgfrcs.code.tex"
Package: pgfrcs 2015/08/07 v3.0.1a (rcs-revision 1.31)
))
Package: pgf 2015/08/07 v3.0.1a (rcs-revision 1.15)

("C:\Program Files\MiKTeX 2.9\tex\latex\pgf\basiclayer\pgfcore.sty"
("C:\Program Files\MiKTeX 2.9\tex\latex\graphics\graphicx.sty"
Package: graphicx 2014/10/28 v1.0g Enhanced LaTeX Graphics (DPC,SPQR)

("C:\Program Files\MiKTeX 2.9\tex\latex\graphics\graphics.sty"
Package: graphics 2016/01/03 v1.0q Standard LaTeX Graphics (DPC,SPQR)

("C:\Program Files\MiKTeX 2.9\tex\latex\graphics\trig.sty"
Package: trig 2016/01/03 v1.10 sin cos tan (DPC)
)
("C:\Program Files\MiKTeX 2.9\tex\latex\00miktex\graphics.cfg"
File: graphics.cfg 2010/04/23 v1.9 graphics configuration of TeX Live
)
Package graphics Info: Driver file: pdftex.def on input line 95.
)
\Gin@req@height=\dimen142
\Gin@req@width=\dimen143
)
("C:\Program Files\MiKTeX 2.9\tex\latex\pgf\systemlayer\pgfsys.sty"
("C:\Program Files\MiKTeX 2.9\tex\generic\pgf\systemlayer\pgfsys.code.tex"
Package: pgfsys 2014/07/09 v3.0.1a (rcs-revision 1.48)

("C:\Program Files\MiKTeX 2.9\tex\generic\pgf\utilities\pgfkeys.code.tex"
\pgfkeys@pathtoks=\toks32
\pgfkeys@temptoks=\toks33

("C:\Program Files\MiKTeX 2.9\tex\generic\pgf\utilities\pgfkeysfiltered.code.te
x"
\pgfkeys@tmptoks=\toks34
))
\pgf@x=\dimen144
\pgf@y=\dimen145
\pgf@xa=\dimen146
\pgf@ya=\dimen147
\pgf@xb=\dimen148
\pgf@yb=\dimen149
\pgf@xc=\dimen150
\pgf@yc=\dimen151
\w@pgf@writea=\write3
\r@pgf@reada=\read1
\c@pgf@counta=\count140
\c@pgf@countb=\count141
\c@pgf@countc=\count142
\c@pgf@countd=\count143
\t@pgf@toka=\toks35
\t@pgf@tokb=\toks36
\t@pgf@tokc=\toks37
 ("C:\Program Files\MiKTeX 2.9\tex\generic\pgf\systemlayer\pgf.cfg"
File: pgf.cfg 2008/05/14  (rcs-revision 1.7)
)
Driver file for pgf: pgfsys-pdftex.def

("C:\Program Files\MiKTeX 2.9\tex\generic\pgf\systemlayer\pgfsys-pdftex.def"
File: pgfsys-pdftex.def 2014/10/11  (rcs-revision 1.35)

("C:\Program Files\MiKTeX 2.9\tex\generic\pgf\systemlayer\pgfsys-common-pdf.def
"
File: pgfsys-common-pdf.def 2013/10/10  (rcs-revision 1.13)
)))
("C:\Program Files\MiKTeX 2.9\tex\generic\pgf\systemlayer\pgfsyssoftpath.code.t
ex"
File: pgfsyssoftpath.code.tex 2013/09/09  (rcs-revision 1.9)
\pgfsyssoftpath@smallbuffer@items=\count144
\pgfsyssoftpath@bigbuffer@items=\count145
)
("C:\Program Files\MiKTeX 2.9\tex\generic\pgf\systemlayer\pgfsysprotocol.code.t
ex"
File: pgfsysprotocol.code.tex 2006/10/16  (rcs-revision 1.4)
)) ("C:\Program Files\MiKTeX 2.9\tex\generic\pgf\basiclayer\pgfcore.code.tex"
Package: pgfcore 2010/04/11 v3.0.1a (rcs-revision 1.7)
 ("C:\Program Files\MiKTeX 2.9\tex\generic\pgf\math\pgfmath.code.tex"
("C:\Program Files\MiKTeX 2.9\tex\generic\pgf\math\pgfmathcalc.code.tex"
("C:\Program Files\MiKTeX 2.9\tex\generic\pgf\math\pgfmathutil.code.tex")
("C:\Program Files\MiKTeX 2.9\tex\generic\pgf\math\pgfmathparser.code.tex"
\pgfmath@dimen=\dimen152
\pgfmath@count=\count146
\pgfmath@box=\box35
\pgfmath@toks=\toks38
\pgfmath@stack@operand=\toks39
\pgfmath@stack@operation=\toks40
)
("C:\Program Files\MiKTeX 2.9\tex\generic\pgf\math\pgfmathfunctions.code.tex"
("C:\Program Files\MiKTeX 2.9\tex\generic\pgf\math\pgfmathfunctions.basic.code.
tex")
("C:\Program Files\MiKTeX 2.9\tex\generic\pgf\math\pgfmathfunctions.trigonometr
ic.code.tex")
("C:\Program Files\MiKTeX 2.9\tex\generic\pgf\math\pgfmathfunctions.random.code
.tex")
("C:\Program Files\MiKTeX 2.9\tex\generic\pgf\math\pgfmathfunctions.comparison.
code.tex")
("C:\Program Files\MiKTeX 2.9\tex\generic\pgf\math\pgfmathfunctions.base.code.t
ex")
("C:\Program Files\MiKTeX 2.9\tex\generic\pgf\math\pgfmathfunctions.round.code.
tex")
("C:\Program Files\MiKTeX 2.9\tex\generic\pgf\math\pgfmathfunctions.misc.code.t
ex")
("C:\Program Files\MiKTeX 2.9\tex\generic\pgf\math\pgfmathfunctions.integerarit
hmetics.code.tex")))
("C:\Program Files\MiKTeX 2.9\tex\generic\pgf\math\pgfmathfloat.code.tex"
\c@pgfmathroundto@lastzeros=\count147
))
("C:\Program Files\MiKTeX 2.9\tex\generic\pgf\basiclayer\pgfcorepoints.code.tex
"
File: pgfcorepoints.code.tex 2013/10/07  (rcs-revision 1.27)
\pgf@picminx=\dimen153
\pgf@picmaxx=\dimen154
\pgf@picminy=\dimen155
\pgf@picmaxy=\dimen156
\pgf@pathminx=\dimen157
\pgf@pathmaxx=\dimen158
\pgf@pathminy=\dimen159
\pgf@pathmaxy=\dimen160
\pgf@xx=\dimen161
\pgf@xy=\dimen162
\pgf@yx=\dimen163
\pgf@yy=\dimen164
\pgf@zx=\dimen165
\pgf@zy=\dimen166
)
("C:\Program Files\MiKTeX 2.9\tex\generic\pgf\basiclayer\pgfcorepathconstruct.c
ode.tex"
File: pgfcorepathconstruct.code.tex 2013/10/07  (rcs-revision 1.29)
\pgf@path@lastx=\dimen167
\pgf@path@lasty=\dimen168
)
("C:\Program Files\MiKTeX 2.9\tex\generic\pgf\basiclayer\pgfcorepathusage.code.
tex"
File: pgfcorepathusage.code.tex 2014/11/02  (rcs-revision 1.24)
\pgf@shorten@end@additional=\dimen169
\pgf@shorten@start@additional=\dimen170
)
("C:\Program Files\MiKTeX 2.9\tex\generic\pgf\basiclayer\pgfcorescopes.code.tex
"
File: pgfcorescopes.code.tex 2015/05/08  (rcs-revision 1.46)
\pgfpic=\box36
\pgf@hbox=\box37
\pgf@layerbox@main=\box38
\pgf@picture@serial@count=\count148
)
("C:\Program Files\MiKTeX 2.9\tex\generic\pgf\basiclayer\pgfcoregraphicstate.co
de.tex"
File: pgfcoregraphicstate.code.tex 2014/11/02  (rcs-revision 1.12)
\pgflinewidth=\dimen171
)
("C:\Program Files\MiKTeX 2.9\tex\generic\pgf\basiclayer\pgfcoretransformations
.code.tex"
File: pgfcoretransformations.code.tex 2015/08/07  (rcs-revision 1.20)
\pgf@pt@x=\dimen172
\pgf@pt@y=\dimen173
\pgf@pt@temp=\dimen174
)
("C:\Program Files\MiKTeX 2.9\tex\generic\pgf\basiclayer\pgfcorequick.code.tex"
File: pgfcorequick.code.tex 2008/10/09  (rcs-revision 1.3)
)
("C:\Program Files\MiKTeX 2.9\tex\generic\pgf\basiclayer\pgfcoreobjects.code.te
x"
File: pgfcoreobjects.code.tex 2006/10/11  (rcs-revision 1.2)
)
("C:\Program Files\MiKTeX 2.9\tex\generic\pgf\basiclayer\pgfcorepathprocessing.
code.tex"
File: pgfcorepathprocessing.code.tex 2013/09/09  (rcs-revision 1.9)
)
("C:\Program Files\MiKTeX 2.9\tex\generic\pgf\basiclayer\pgfcorearrows.code.tex
"
File: pgfcorearrows.code.tex 2015/05/14  (rcs-revision 1.43)
\pgfarrowsep=\dimen175
)
("C:\Program Files\MiKTeX 2.9\tex\generic\pgf\basiclayer\pgfcoreshade.code.tex"
File: pgfcoreshade.code.tex 2013/07/15  (rcs-revision 1.15)
\pgf@max=\dimen176
\pgf@sys@shading@range@num=\count149
) ("C:\Program Files\MiKTeX 2.9\tex\generic\pgf\basiclayer\pgfcoreimage.code.te
x"
File: pgfcoreimage.code.tex 2013/07/15  (rcs-revision 1.18)

("C:\Program Files\MiKTeX 2.9\tex\generic\pgf\basiclayer\pgfcoreexternal.code.t
ex"
File: pgfcoreexternal.code.tex 2014/07/09  (rcs-revision 1.21)
\pgfexternal@startupbox=\box39
))
("C:\Program Files\MiKTeX 2.9\tex\generic\pgf\basiclayer\pgfcorelayers.code.tex
"
File: pgfcorelayers.code.tex 2013/07/18  (rcs-revision 1.7)
)
("C:\Program Files\MiKTeX 2.9\tex\generic\pgf\basiclayer\pgfcoretransparency.co
de.tex"
File: pgfcoretransparency.code.tex 2013/09/30  (rcs-revision 1.5)
)
("C:\Program Files\MiKTeX 2.9\tex\generic\pgf\basiclayer\pgfcorepatterns.code.t
ex"
File: pgfcorepatterns.code.tex 2013/11/07  (rcs-revision 1.5)
)))
("C:\Program Files\MiKTeX 2.9\tex\generic\pgf\modules\pgfmoduleshapes.code.tex"
File: pgfmoduleshapes.code.tex 2014/03/21  (rcs-revision 1.35)
\pgfnodeparttextbox=\box40
) ("C:\Program Files\MiKTeX 2.9\tex\generic\pgf\modules\pgfmoduleplot.code.tex"
File: pgfmoduleplot.code.tex 2015/08/03  (rcs-revision 1.13)
)
("C:\Program Files\MiKTeX 2.9\tex\latex\pgf\compatibility\pgfcomp-version-0-65.
sty"
Package: pgfcomp-version-0-65 2007/07/03 v3.0.1a (rcs-revision 1.7)
\pgf@nodesepstart=\dimen177
\pgf@nodesepend=\dimen178
)
("C:\Program Files\MiKTeX 2.9\tex\latex\pgf\compatibility\pgfcomp-version-1-18.
sty"
Package: pgfcomp-version-1-18 2007/07/23 v3.0.1a (rcs-revision 1.1)
)) ("C:\Program Files\MiKTeX 2.9\tex\latex\pgf\utilities\pgffor.sty"
("C:\Program Files\MiKTeX 2.9\tex\latex\pgf\utilities\pgfkeys.sty"
("C:\Program Files\MiKTeX 2.9\tex\generic\pgf\utilities\pgfkeys.code.tex"))
("C:\Program Files\MiKTeX 2.9\tex\latex\pgf\math\pgfmath.sty"
("C:\Program Files\MiKTeX 2.9\tex\generic\pgf\math\pgfmath.code.tex"))
("C:\Program Files\MiKTeX 2.9\tex\generic\pgf\utilities\pgffor.code.tex"
Package: pgffor 2013/12/13 v3.0.1a (rcs-revision 1.25)

("C:\Program Files\MiKTeX 2.9\tex\generic\pgf\math\pgfmath.code.tex")
\pgffor@iter=\dimen179
\pgffor@skip=\dimen180
\pgffor@stack=\toks41
\pgffor@toks=\toks42
))
("C:\Program Files\MiKTeX 2.9\tex\generic\pgf\frontendlayer\tikz\tikz.code.tex"
Package: tikz 2015/08/07 v3.0.1a (rcs-revision 1.151)

("C:\Program Files\MiKTeX 2.9\tex\generic\pgf\libraries\pgflibraryplothandlers.
code.tex"
File: pgflibraryplothandlers.code.tex 2013/08/31 v3.0.1a (rcs-revision 1.20)
\pgf@plot@mark@count=\count150
\pgfplotmarksize=\dimen181
)
\tikz@lastx=\dimen182
\tikz@lasty=\dimen183
\tikz@lastxsaved=\dimen184
\tikz@lastysaved=\dimen185
\tikzleveldistance=\dimen186
\tikzsiblingdistance=\dimen187
\tikz@figbox=\box41
\tikz@figbox@bg=\box42
\tikz@tempbox=\box43
\tikz@tempbox@bg=\box44
\tikztreelevel=\count151
\tikznumberofchildren=\count152
\tikznumberofcurrentchild=\count153
\tikz@fig@count=\count154

("C:\Program Files\MiKTeX 2.9\tex\generic\pgf\modules\pgfmodulematrix.code.tex"
File: pgfmodulematrix.code.tex 2013/09/17  (rcs-revision 1.8)
\pgfmatrixcurrentrow=\count155
\pgfmatrixcurrentcolumn=\count156
\pgf@matrix@numberofcolumns=\count157
)
\tikz@expandcount=\count158

("C:\Program Files\MiKTeX 2.9\tex\generic\pgf\frontendlayer\tikz\libraries\tikz
librarytopaths.code.tex"
File: tikzlibrarytopaths.code.tex 2008/06/17 v3.0.1a (rcs-revision 1.2)
)))
("C:\Program Files\MiKTeX 2.9\tex\generic\pgfplots\pgfplots.code.tex"
("C:\Program Files\MiKTeX 2.9\tex\generic\pgfplots\pgfplotscore.code.tex"
\t@pgfplots@toka=\toks43
\t@pgfplots@tokb=\toks44
\t@pgfplots@tokc=\toks45
\pgfplots@tmpa=\dimen188
\c@pgfplots@coordindex=\count159
\c@pgfplots@scanlineindex=\count160

("C:\Program Files\MiKTeX 2.9\tex\generic\pgfplots\sys\pgfplotssysgeneric.code.
tex"))
("C:\Program Files\MiKTeX 2.9\tex\generic\pgfplots\libs\pgfplotslibrary.code.te
x")
("C:\Program Files\MiKTeX 2.9\tex\generic\pgfplots\oldpgfcompatib\pgfplotsoldpg
fsupp_loader.code.tex"
("C:\Program Files\MiKTeX 2.9\tex\generic\pgf\libraries\pgflibraryfpu.code.tex"
)
Package pgfplots: loading complementary arithmetics for your pgf version...

("C:\Program Files\MiKTeX 2.9\tex\generic\pgfplots\oldpgfcompatib\pgfplotsoldpg
fsupp_pgflibraryfpu.code.tex")
("C:\Program Files\MiKTeX 2.9\tex\generic\pgfplots\oldpgfcompatib\pgfplotsoldpg
fsupp_pgfmathfloat.code.tex"
\c@pgfmathroundto@lastzeros=\count161
))
("C:\Program Files\MiKTeX 2.9\tex\generic\pgfplots\util\pgfplotsutil.code.tex"
("C:\Program Files\MiKTeX 2.9\tex\generic\pgfplots\liststructure\pgfplotslistst
ructure.code.tex")
("C:\Program Files\MiKTeX 2.9\tex\generic\pgfplots\liststructure\pgfplotslistst
ructureext.code.tex")
("C:\Program Files\MiKTeX 2.9\tex\generic\pgfplots\liststructure\pgfplotsarray.
code.tex"
\c@pgfplotsarray@tmp=\count162
)
("C:\Program Files\MiKTeX 2.9\tex\generic\pgfplots\liststructure\pgfplotsmatrix
.code.tex")
("C:\Program Files\MiKTeX 2.9\tex\generic\pgfplots\numtable\pgfplotstableshared
.code.tex"
\c@pgfplotstable@counta=\count163
\t@pgfplotstable@a=\toks46
)
("C:\Program Files\MiKTeX 2.9\tex\generic\pgfplots\liststructure\pgfplotsdeque.
code.tex")
("C:\Program Files\MiKTeX 2.9\tex\generic\pgfplots\util\pgfplotsbinary.code.tex
"
("C:\Program Files\MiKTeX 2.9\tex\generic\pgfplots\util\pgfplotsbinary.data.cod
e.tex"))
("C:\Program Files\MiKTeX 2.9\tex\generic\pgfplots\util\pgfplotsutil.verb.code.
tex")
("C:\Program Files\MiKTeX 2.9\tex\generic\pgfplots\libs\pgflibrarypgfplots.surf
shading.code.tex"
\c@pgfplotslibrarysurf@no=\count164

("C:\Program Files\MiKTeX 2.9\tex\generic\pgfplots\sys\pgflibrarypgfplots.surfs
hading.pgfsys-pdftex.def")))
("C:\Program Files\MiKTeX 2.9\tex\generic\pgfplots\util\pgfplotscolormap.code.t
ex"
("C:\Program Files\MiKTeX 2.9\tex\generic\pgfplots\util\pgfplotscolor.code.tex"
))
("C:\Program Files\MiKTeX 2.9\tex\generic\pgfplots\pgfplotsstackedplots.code.te
x")
("C:\Program Files\MiKTeX 2.9\tex\generic\pgfplots\pgfplotsplothandlers.code.te
x"
("C:\Program Files\MiKTeX 2.9\tex\generic\pgfplots\pgfplotsmeshplothandler.code
.tex"
("C:\Program Files\MiKTeX 2.9\tex\generic\pgfplots\pgfplotsmeshplotimage.code.t
ex")))
("C:\Program Files\MiKTeX 2.9\tex\generic\pgfplots\pgfplots.scaling.code.tex")
("C:\Program Files\MiKTeX 2.9\tex\generic\pgfplots\pgfplotscoordprocessing.code
.tex")
("C:\Program Files\MiKTeX 2.9\tex\generic\pgfplots\pgfplots.errorbars.code.tex"
) ("C:\Program Files\MiKTeX 2.9\tex\generic\pgfplots\pgfplots.markers.code.tex"
) ("C:\Program Files\MiKTeX 2.9\tex\generic\pgfplots\pgfplotsticks.code.tex")
("C:\Program Files\MiKTeX 2.9\tex\generic\pgfplots\pgfplots.paths.code.tex")
("C:\Program Files\MiKTeX 2.9\tex\generic\pgf\frontendlayer\tikz\libraries\tikz
librarydecorations.code.tex"
("C:\Program Files\MiKTeX 2.9\tex\generic\pgf\modules\pgfmoduledecorations.code
.tex"
\pgfdecoratedcompleteddistance=\dimen189
\pgfdecoratedremainingdistance=\dimen190
\pgfdecoratedinputsegmentcompleteddistance=\dimen191
\pgfdecoratedinputsegmentremainingdistance=\dimen192
\pgf@decorate@distancetomove=\dimen193
\pgf@decorate@repeatstate=\count165
\pgfdecorationsegmentamplitude=\dimen194
\pgfdecorationsegmentlength=\dimen195
)
\tikz@lib@dec@box=\box45
)
("C:\Program Files\MiKTeX 2.9\tex\generic\pgf\frontendlayer\tikz\libraries\tikz
librarydecorations.pathmorphing.code.tex"
("C:\Program Files\MiKTeX 2.9\tex\generic\pgf\libraries\decorations\pgflibraryd
ecorations.pathmorphing.code.tex"))
("C:\Program Files\MiKTeX 2.9\tex\generic\pgf\frontendlayer\tikz\libraries\tikz
librarydecorations.pathreplacing.code.tex"
("C:\Program Files\MiKTeX 2.9\tex\generic\pgf\libraries\decorations\pgflibraryd
ecorations.pathreplacing.code.tex"))
\pgfplots@numplots=\count166
\pgfplots@xmin@reg=\dimen196
\pgfplots@xmax@reg=\dimen197
\pgfplots@ymin@reg=\dimen198
\pgfplots@ymax@reg=\dimen199
\pgfplots@zmin@reg=\dimen256
\pgfplots@zmax@reg=\dimen257
)
("C:\Program Files\MiKTeX 2.9\tex\generic\pgf\frontendlayer\tikz\libraries\tikz
libraryplotmarks.code.tex"
File: tikzlibraryplotmarks.code.tex 2008/01/09 v3.0.1a (rcs-revision 1.1)

("C:\Program Files\MiKTeX 2.9\tex\generic\pgf\libraries\pgflibraryplotmarks.cod
e.tex"
File: pgflibraryplotmarks.code.tex 2015/08/03 v3.0.1a (rcs-revision 1.14)
))) ("C:\Program Files\MiKTeX 2.9\tex\latex\pgfplots\pgfplotstable.sty"
("C:\Program Files\MiKTeX 2.9\tex\generic\pgfplots\pgfplots.revision.tex")
Package: pgfplotstable 2016/01/06 v1.13 Table typesetting and Pretty-printing (
1.13)

("C:\Program Files\MiKTeX 2.9\tex\generic\pgfplots\numtable\pgfplotstable.code.
tex"
("C:\Program Files\MiKTeX 2.9\tex\generic\pgfplots\numtable\pgfplotstable.colty
pe.code.tex")))
("C:\Program Files\MiKTeX 2.9\tex\generic\pgfplots\libs\tikzlibrarypgfplots.sta
tistics.code.tex")
("C:\Program Files\MiKTeX 2.9\tex\generic\pgf\frontendlayer\tikz\libraries\tikz
libraryspy.code.tex"
File: tikzlibraryspy.code.tex 2011/05/19 v3.0.1a (rcs-revision 1.4)
\tikz@lib@spybox=\box46
)
("C:\Program Files\MiKTeX 2.9\tex\latex\tools\longtable.sty"
Package: longtable 2014/10/28 v4.11 Multi-page Table package (DPC)
\LTleft=\skip54
\LTright=\skip55
\LTpre=\skip56
\LTpost=\skip57
\LTchunksize=\count167
\LTcapwidth=\dimen258
\LT@head=\box47
\LT@firsthead=\box48
\LT@foot=\box49
\LT@lastfoot=\box50
\LT@cols=\count168
\LT@rows=\count169
\c@LT@tables=\count170
\c@LT@chunks=\count171
\LT@p@ftn=\toks47
)
("C:\Program Files\MiKTeX 2.9\tex\latex\oberdiek\pdflscape.sty"
Package: pdflscape 2008/08/11 v0.10 Display of landscape pages in PDF (HO)

("C:\Program Files\MiKTeX 2.9\tex\latex\graphics\lscape.sty"
Package: lscape 2000/10/22 v3.01 Landscape Pages (DPC)
)
("C:\Program Files\MiKTeX 2.9\tex\generic\oberdiek\ifpdf.sty"
Package: ifpdf 2011/01/30 v2.3 Provides the ifpdf switch (HO)
Package ifpdf Info: pdfTeX in PDF mode is detected.
)
Package pdflscape Info: Auto-detected driver: pdftex on input line 80.

("C:\Program Files\MiKTeX 2.9\tex\generic\ifxetex\ifxetex.sty"
Package: ifxetex 2010/09/12 v0.6 Provides ifxetex conditional
))
("C:\Program Files\MiKTeX 2.9\tex\latex\booktabs\booktabs.sty"
Package: booktabs 2005/04/14 v1.61803 publication quality tables
\heavyrulewidth=\dimen259
\lightrulewidth=\dimen260
\cmidrulewidth=\dimen261
\belowrulesep=\dimen262
\belowbottomsep=\dimen263
\aboverulesep=\dimen264
\abovetopsep=\dimen265
\cmidrulesep=\dimen266
\cmidrulekern=\dimen267
\defaultaddspace=\dimen268
\@cmidla=\count172
\@cmidlb=\count173
\@aboverulesep=\dimen269
\@belowrulesep=\dimen270
\@thisruleclass=\count174
\@lastruleclass=\count175
\@thisrulewidth=\dimen271
)
   defining Unicode char U+2217 (decimal 8727)
Package csquotes Info: Checking for multilingual support...
Package csquotes Info: ... found 'babel' package.
Package csquotes Info: Adjusting default style.
Package csquotes Info: Redefining alias 'default' -> 'spanish'.

No file templateBORR.aux.
\openout1 = `templateBORR.aux'.

LaTeX Font Info:    Checking defaults for OML/cmm/m/it on input line 90.
LaTeX Font Info:    ... okay on input line 90.
LaTeX Font Info:    Checking defaults for T1/cmr/m/n on input line 90.
LaTeX Font Info:    ... okay on input line 90.
LaTeX Font Info:    Checking defaults for OT1/cmr/m/n on input line 90.
LaTeX Font Info:    ... okay on input line 90.
LaTeX Font Info:    Checking defaults for OMS/cmsy/m/n on input line 90.
LaTeX Font Info:    ... okay on input line 90.
LaTeX Font Info:    Checking defaults for OMX/cmex/m/n on input line 90.
LaTeX Font Info:    ... okay on input line 90.
LaTeX Font Info:    Checking defaults for U/cmr/m/n on input line 90.
LaTeX Font Info:    ... okay on input line 90.
LaTeX Font Info:    Checking defaults for TS1/cmr/m/n on input line 90.
LaTeX Font Info:    Try loading font information for TS1+cmr on input line 90.
("C:\Program Files\MiKTeX 2.9\tex\latex\base\ts1cmr.fd"
File: ts1cmr.fd 2014/09/29 v2.5h Standard LaTeX font definitions
)
LaTeX Font Info:    ... okay on input line 90.
LaTeX Info: Redefining \. on input line 90.
LaTeX Info: Redefining \% on input line 90.
Package caption Info: Begin \AtBeginDocument code.
Package caption Info: Incompatible package detected (regarding \@caption).
(caption)             \@caption = \long macro:#1[#2]#3->\par \addcontentsline {
\csname ext@#1\endcsname }{#1}{\protect \numberline {\csname the#1\endcsname }{
\ignorespaces #2}}\begingroup \@parboxrestore \@makecaption {\csname fnum@#1\en
dcsname }{\ignorespaces #3}\par \endgroup .


Package caption Warning: Forced redefinition of \caption since the
(caption)                unsupported(!) package option `compatibility=false'
(caption)                was given.
See the caption package documentation for explanation.

Package caption Info: listings package is loaded.
Package caption Info: longtable package is loaded.
("C:\Program Files\MiKTeX 2.9\tex\latex\caption\ltcaption.sty"
Package: ltcaption 2013/06/09 v1.4-94 longtable captions (AR)
)
Package caption Info: End \AtBeginDocument code.
\c@lstlisting=\count176

("C:\Program Files\MiKTeX 2.9\tex\context\base\supp-pdf.mkii"
[Loading MPS to PDF converter (version 2006.09.02).]
\scratchcounter=\count177
\scratchdimen=\dimen272
\scratchbox=\box51
\nofMPsegments=\count178
\nofMParguments=\count179
\everyMPshowfont=\toks48
\MPscratchCnt=\count180
\MPscratchDim=\dimen273
\MPnumerator=\count181
\makeMPintoPDFobject=\count182
\everyMPtoPDFconversion=\toks49
) ABD: EveryShipout initializing macros
("C:\Program Files\MiKTeX 2.9\tex\generic\oberdiek\pdftexcmds.sty"
Package: pdftexcmds 2011/11/29 v0.20 Utility functions of pdfTeX for LuaTeX (HO
)

("C:\Program Files\MiKTeX 2.9\tex\generic\oberdiek\ifluatex.sty"
Package: ifluatex 2010/03/01 v1.3 Provides the ifluatex switch (HO)
Package ifluatex Info: LuaTeX not detected.
)
Package pdftexcmds Info: LuaTeX not detected.
Package pdftexcmds Info: \pdf@primitive is available.
Package pdftexcmds Info: \pdf@ifprimitive is available.
Package pdftexcmds Info: \pdfdraftmode found.
)
("C:\Program Files\MiKTeX 2.9\tex\latex\oberdiek\epstopdf-base.sty"
Package: epstopdf-base 2010/02/09 v2.5 Base part for package epstopdf

("C:\Program Files\MiKTeX 2.9\tex\latex\oberdiek\grfext.sty"
Package: grfext 2010/08/19 v1.1 Manage graphics extensions (HO)

("C:\Program Files\MiKTeX 2.9\tex\generic\oberdiek\kvdefinekeys.sty"
Package: kvdefinekeys 2011/04/07 v1.3 Define keys (HO)
))
("C:\Program Files\MiKTeX 2.9\tex\latex\oberdiek\kvoptions.sty"
Package: kvoptions 2011/06/30 v3.11 Key value format for package options (HO)

("C:\Program Files\MiKTeX 2.9\tex\generic\oberdiek\kvsetkeys.sty"
Package: kvsetkeys 2012/04/25 v1.16 Key value parser (HO)

("C:\Program Files\MiKTeX 2.9\tex\generic\oberdiek\etexcmds.sty"
Package: etexcmds 2011/02/16 v1.5 Avoid name clashes with e-TeX commands (HO)
Package etexcmds Info: Could not find \expanded.
(etexcmds)             That can mean that you are not using pdfTeX 1.50 or
(etexcmds)             that some package has redefined \expanded.
(etexcmds)             In the latter case, load this package earlier.
)))
Package grfext Info: Graphics extension search list:
(grfext)             [.png,.pdf,.jpg,.mps,.jpeg,.jbig2,.jb2,.PNG,.PDF,.JPG,.JPE
G,.JBIG2,.JB2,.eps]
(grfext)             \AppendGraphicsExtensions on input line 452.
)

Package pgfplots Warning: running in backwards compatibility mode (unsuitable t
ick labels; missing features). Consider writing \pgfplotsset{compat=1.13} into 
your preamble.
 on input line 90.


LaTeX Font Warning: Font shape `T1/cmr/m/n' in size <8.5> not available
(Font)              size <8> substituted on input line 124.


LaTeX Font Warning: Font shape `T1/cmr/m/n' in size <16> not available
(Font)              size <17.28> substituted on input line 124.


LaTeX Font Warning: Font shape `T1/cmr/bx/n' in size <16> not available
(Font)              size <17.28> substituted on input line 124.

LaTeX Font Info:    Try loading font information for U+msa on input line 124.
("C:\Program Files\MiKTeX 2.9\tex\latex\amsfonts\umsa.fd"
File: umsa.fd 2013/01/14 v3.01 AMS symbols A
)
LaTeX Font Info:    Try loading font information for U+msb on input line 124.

("C:\Program Files\MiKTeX 2.9\tex\latex\amsfonts\umsb.fd"
File: umsb.fd 2013/01/14 v3.01 AMS symbols B
)
LaTeX Font Info:    Calculating math sizes for size <8.5> on input line 124.


LaTeX Font Warning: Font shape `OML/cmm/m/it' in size <8.5> not available
(Font)              size <8> substituted on input line 124.


LaTeX Font Warning: Font shape `OML/cmm/m/it' in size <4.25> not available
(Font)              size <5> substituted on input line 124.


LaTeX Font Warning: Font shape `OMS/cmsy/m/n' in size <8.5> not available
(Font)              size <8> substituted on input line 124.


LaTeX Font Warning: Font shape `OMS/cmsy/m/n' in size <4.25> not available
(Font)              size <5> substituted on input line 124.


LaTeX Font Warning: Font shape `TS1/cmr/m/n' in size <8.5> not available
(Font)              size <8> substituted on input line 124.


Package natbib Warning: Citation `roerdink2000watershed' on page 1 undefined on
 input line 135.


Package natbib Warning: Citation `ortiz2002procesamiento' on page 1 undefined o
n input line 135.


Underfull \vbox (badness 10000) has occurred while \output is active []



Package natbib Warning: Citation `ortiz2002procesamiento' on page 1 undefined o
n input line 137.


Package natbib Warning: Citation `ortiz2002procesamiento' on page 1 undefined o
n input line 137.

[1{C:/Users/laptop/AppData/Local/MiKTeX/2.9/pdftex/config/pdftex.map}


]

Package natbib Warning: Citation `joblove1978color' on page 2 undefined on inpu
t line 139.


Package natbib Warning: Citation `meyer1980perceptual' on page 2 undefined on i
nput line 139.


Package natbib Warning: Citation `busin2008color' on page 2 undefined on input 
line 141.


Package natbib Warning: Citation `tkalcic2003colour' on page 2 undefined on inp
ut line 141.


Package natbib Warning: Citation `rolleston1996color' on page 2 undefined on in
put line 141.


Package natbib Warning: Citation `tkalcic2003colour' on page 2 undefined on inp
ut line 141.


Package natbib Warning: Citation `rolleston1996color' on page 2 undefined on in
put line 141.


Package natbib Warning: Citation `ortiz2002procesamiento' on page 2 undefined o
n input line 143.


Package natbib Warning: Citation `leon2006color' on page 2 undefined on input l
ine 145.


Package natbib Warning: Citation `mahy1994evaluation' on page 2 undefined on in
put line 146.


Package natbib Warning: Citation `munson1995color' on page 2 undefined on input
 line 146.


Package natbib Warning: Citation `zamora2001comparative' on page 2 undefined on
 input line 148.


Package natbib Warning: Citation `pitas1992order' on page 2 undefined on input 
line 150.


Package natbib Warning: Citation `ortiz2002procesamiento' on page 2 undefined o
n input line 150.


Package natbib Warning: Citation `hanbury2001mathematical' on page 2 undefined 
on input line 158.


Package natbib Warning: Citation `hanbury2001mathematical2' on page 2 undefined
 on input line 158.


Package natbib Warning: Citation `hanbury2002mathematical3' on page 2 undefined
 on input line 158.


Package natbib Warning: Citation `tobar2007mathematical' on page 2 undefined on
 input line 158.


Package natbib Warning: Citation `lei2013vector' on page 2 undefined on input l
ine 158.


Package natbib Warning: Citation `zaharescu2003color' on page 2 undefined on in
put line 158.


Package natbib Warning: Citation `gao2013adaptive' on page 2 undefined on input
 line 158.


Package natbib Warning: Citation `wang2012edge' on page 2 undefined on input li
ne 158.


Package natbib Warning: Citation `heijmans1990algebraic' on page 2 undefined on
 input line 160.


Package natbib Warning: Citation `aptoula2007comparative' on page 2 undefined o
n input line 163.


Package natbib Warning: Citation `ledoux2012limits' on page 2 undefined on inpu
t line 163.


Package natbib Warning: Citation `van2013group' on page 2 undefined on input li
ne 163.


Package natbib Warning: Citation `velasco2012random' on page 2 undefined on inp
ut line 163.


Package natbib Warning: Citation `lezoray2009learning' on page 2 undefined on i
nput line 163.


Package natbib Warning: Citation `velasco2010morphological' on page 2 undefined
 on input line 163.


Package natbib Warning: Citation `burgeth2013morphology' on page 2 undefined on
 input line 163.


Package natbib Warning: Citation `velasco2011supervised' on page 2 undefined on
 input line 163.


Package natbib Warning: Citation `hanbury2001morphological' on page 2 undefined
 on input line 163.


Package natbib Warning: Citation `angulo2010pseudo' on page 2 undefined on inpu
t line 163.


Package natbib Warning: Citation `aptoula2008alpha' on page 2 undefined on inpu
t line 163.


Package natbib Warning: Citation `kleefeld2015processing' on page 2 undefined o
n input line 163.


Package natbib Warning: Citation `vazquez2014color' on page 2 undefined on inpu
t line 163.


Package natbib Warning: Citation `chanussot1997bit' on page 2 undefined on inpu
t line 164.


Package natbib Warning: Citation `aptoula2007comparative' on page 2 undefined o
n input line 166.


Package natbib Warning: Citation `aptoula2008lexicographical' on page 2 undefin
ed on input line 166.

LaTeX Info: Redefining \. on input line 168.
LaTeX Info: Redefining \% on input line 168.
[2]

Package natbib Warning: Citation `louverdis2002new' on page 3 undefined on inpu
t line 168.


Package natbib Warning: Citation `louverdis2002morphological' on page 3 undefin
ed on input line 168.


Package natbib Warning: Citation `vardavoulia2002vector' on page 3 undefined on
 input line 168.


Package natbib Warning: Citation `ortiz2002colour' on page 3 undefined on input
 line 168.


Package natbib Warning: Citation `ortiz2004gaussian' on page 3 undefined on inp
ut line 168.


Package natbib Warning: Citation `hanbury2002mathematical3' on page 3 undefined
 on input line 168.


Package natbib Warning: Citation `hanbury2001mathematical2' on page 3 undefined
 on input line 168.


Package natbib Warning: Citation `angulo2003mathematical' on page 3 undefined o
n input line 168.


Package natbib Warning: Citation `hanbury2002mathematical3' on page 3 undefined
 on input line 170.


Package natbib Warning: Citation `angulo2005morphological' on page 3 undefined 
on input line 173.


Package natbib Warning: Citation `sartor2001morphological' on page 3 undefined 
on input line 173.


Package natbib Warning: Citation `angulo2003morphological' on page 3 undefined 
on input line 173.


Package natbib Warning: Citation `angulo2003morphologie' on page 3 undefined on
 input line 175.


Package natbib Warning: Citation `angulo2005unified' on page 3 undefined on inp
ut line 175.


Package natbib Warning: Citation `gao2013adaptive' on page 3 undefined on input
 line 175.


Package natbib Warning: Citation `bouchet2016fuzzy' on page 3 undefined on inpu
t line 180.


Package natbib Warning: Citation `benavent2012mathematical' on page 3 undefined
 on input line 180.


Package natbib Warning: Citation `gonzales2004digital' on page 3 undefined on i
nput line 195.


LaTeX Warning: Reference `fig:ImagenRGB' on page 3 undefined on input line 195.



Package natbib Warning: Citation `gonzales2004digital' on page 3 undefined on i
nput line 195.

<fig/ImagenRGB.png, id=19, 363.60844pt x 276.28218pt>
File: fig/ImagenRGB.png Graphic file (type png)
 <use fig/ImagenRGB.png>
Package pdftex.def Info: fig/ImagenRGB.png used on input line 200.
(pdftex.def)             Requested size: 236.34268pt x 179.58128pt.
LaTeX Info: Redefining \. on input line 208.
LaTeX Info: Redefining \% on input line 208.

[3]

LaTeX Warning: Reference `table:orden_color' on page 4 undefined on input line 
235.


LaTeX Warning: Reference `fig:Filt' on page 4 undefined on input line 273.

LaTeX Info: Redefining \. on input line 274.
LaTeX Info: Redefining \% on input line 274.
[4 <./fig/ImagenRGB.png>] <fig/Filt.jpg, id=41, 444.15938pt x 178.41656pt>
File: fig/Filt.jpg Graphic file (type jpg)

<use fig/Filt.jpg>
Package pdftex.def Info: fig/Filt.jpg used on input line 278.
(pdftex.def)             Requested size: 222.07913pt x 89.20805pt.


Package natbib Warning: Citation `aptoula2007pseudo' on page 5 undefined on inp
ut line 290.


Package natbib Warning: Citation `serra1986introduction' on page 5 undefined on
 input line 290.


Overfull \hbox (0.14777pt too wide) in paragraph at lines 290--291
[]\T1/cmr/m/n/10 La ex-ten-sin de la matemti-ca mor-folg-i-ca im-genes
 []


Package natbib Warning: Citation `serra1993anamorphoses' on page 5 undefined on
 input line 328.


Package natbib Warning: Citation `barnett1976ordering' on page 5 undefined on i
nput line 342.


Overfull \hbox (2.06396pt too wide) in paragraph at lines 347--348
[]\T1/cmr/m/n/10 Ordenamiento Re-duci-do (Or-de-namien-to R): Los vec-
 []

LaTeX Info: Redefining \. on input line 348.
LaTeX Info: Redefining \% on input line 348.
[5 <./fig/Filt.jpg>]

Package natbib Warning: Citation `aptoula2007comparative' on page 6 undefined o
n input line 355.


Package natbib Warning: Citation `astola1990vector' on page 6 undefined on inpu
t line 361.


Package natbib Warning: Citation `aptoula2007comparative' on page 6 undefined o
n input line 374.


Overfull \hbox (2.11584pt too wide) in paragraph at lines 384--385
\T1/cmr/m/n/10 es-t basa-do en el Or-de-namien-to Re-duci-do (Or-de-namien-
 []


Package natbib Warning: Citation `aptoula2007comparative' on page 6 undefined o
n input line 389.


Overfull \hbox (0.17554pt too wide) in paragraph at lines 415--417
[]\T1/cmr/m/n/10 Oportunamente, de-spus de la trans-for-ma-cin se po-
 []

LaTeX Info: Redefining \. on input line 417.
LaTeX Info: Redefining \% on input line 417.
[6]

Package natbib Warning: Citation `zamora2001comparative' on page 7 undefined on
 input line 423.


Package natbib Warning: Citation `angulo2003morphological' on page 7 undefined 
on input line 423.


Package natbib Warning: Citation `ortiz2004gaussian' on page 7 undefined on inp
ut line 423.


Package natbib Warning: Citation `ortiz2002procesamiento' on page 7 undefined o
n input line 423.


Package natbib Warning: Citation `chanussot1997bit' on page 7 undefined on inpu
t line 423.


LaTeX Warning: Reference `fig:Ventana B' on page 7 undefined on input line 480.



Overfull \hbox (1.42702pt too wide) in paragraph at lines 480--481
\T1/cmr/m/n/10 tana $\OML/cmm/m/it/10 B$ \T1/cmr/m/n/10 (lla-ma-do el-e-men-to 
es-truc-turante para matemti-
 []

<fig/VentanaB.jpg, id=49, 226.59656pt x 207.77625pt>
File: fig/VentanaB.jpg Graphic file (type jpg)
 <use fig/VentanaB.jpg>
Package pdftex.def Info: fig/VentanaB.jpg used on input line 484.
(pdftex.def)             Requested size: 148.50151pt x 136.16576pt.

Overfull \hbox (5.4761pt too wide) in paragraph at lines 491--492
[]\T1/cmr/m/n/10 La im-a-gen $\OML/cmm/m/it/10 f$ \T1/cmr/m/n/10 se di-vide en 
sub-regiones $\OML/cmm/m/it/10 W[]; W[]; [] W[]$\T1/cmr/m/n/10 ,
 []


LaTeX Warning: Reference `fig:Sub-region' on page 7 undefined on input line 499
.


Overfull \hbox (2.8971pt too wide) in paragraph at lines 499--500
[]\T1/cmr/m/n/10 En la Figu-ra [] la im-a-gen se di-vide en 4 sub-regiones:
 []

<fig/Sub-region.jpg, id=50, 230.36063pt x 207.77625pt>
File: fig/Sub-region.jpg Graphic file (type jpg)

<use fig/Sub-region.jpg>
Package pdftex.def Info: fig/Sub-region.jpg used on input line 517.
(pdftex.def)             Requested size: 148.50151pt x 133.94014pt.
LaTeX Info: Redefining \. on input line 520.
LaTeX Info: Redefining \% on input line 520.
 [7]

LaTeX Warning: Reference `fig:Sub-regiones' on page 8 undefined on input line 5
22.

<fig/Sub-regiones.jpg, id=55, 226.59656pt x 207.77625pt>
File: fig/Sub-regiones.jpg Graphic file (type jpg)

<use fig/Sub-regiones.jpg>
Package pdftex.def Info: fig/Sub-regiones.jpg used on input line 527.
(pdftex.def)             Requested size: 148.50151pt x 136.16576pt.


Package natbib Warning: Citation `tuzlukov2002signal' on page 8 undefined on in
put line 537.


Underfull \vbox (badness 10000) has occurred while \output is active []



Package natbib Warning: Citation `davenport1958random' on page 8 undefined on i
nput line 544.


LaTeX Warning: Reference `fig:ruido' on page 8 undefined on input line 551.


LaTeX Warning: Reference `fig:ruido' on page 8 undefined on input line 551.


LaTeX Warning: Reference `fig:ruido' on page 8 undefined on input line 551.


LaTeX Warning: Reference `fig:ruido' on page 8 undefined on input line 551.

<fig/Original_SinRuido.jpg, id=56, 482.80376pt x 322.20375pt>
File: fig/Original_SinRuido.jpg Graphic file (type jpg)

<use fig/Original_SinRuido.jpg>
Package pdftex.def Info: fig/Original_SinRuido.jpg used on input line 577.
(pdftex.def)             Requested size: 188.09651pt x 125.5262pt.

<fig/img_gaussian_noise.jpg, id=57, 482.80376pt x 322.20375pt>
File: fig/img_gaussian_noise.jpg Graphic file (type jpg)

<use fig/img_gaussian_noise.jpg>
Package pdftex.def Info: fig/img_gaussian_noise.jpg used on input line 577.
(pdftex.def)             Requested size: 188.09651pt x 125.5262pt.

<fig/img_speckle_noise.jpg, id=58, 482.80376pt x 322.20375pt>
File: fig/img_speckle_noise.jpg Graphic file (type jpg)

<use fig/img_speckle_noise.jpg>
Package pdftex.def Info: fig/img_speckle_noise.jpg used on input line 591.
(pdftex.def)             Requested size: 188.09651pt x 125.5262pt.

<fig/img_salt_and_pepper_noise.jpg, id=59, 482.80376pt x 322.20375pt>
File: fig/img_salt_and_pepper_noise.jpg Graphic file (type jpg)

<use fig/img_salt_and_pepper_noise.jpg>
Package pdftex.def Info: fig/img_salt_and_pepper_noise.jpg used on input line 5
91.
(pdftex.def)             Requested size: 188.09651pt x 125.5262pt.

Underfull \hbox (badness 10000) in paragraph at lines 564--592

 []


Package natbib Warning: Citation `willmott2005advantages' on page 8 undefined o
n input line 614.


Overfull \hbox (0.45215pt too wide) in paragraph at lines 614--615
[]\T1/cmr/m/sl/10 MAE (Mean Ab-so-lute Er-ror, Er-ror Ab-so-lu-to Prome-
 []

LaTeX Info: Redefining \. on input line 615.
LaTeX Info: Redefining \% on input line 615.
[8 <./fig/VentanaB.jpg> <./fig/Sub-region.jpg> <./fig/Sub-regiones.jpg>]

Package natbib Warning: Citation `stricker1995similarity' on page 9 undefined o
n input line 630.


Overfull \hbox (3.57419pt too wide) detected at line 635
$\OML/cmm/m/it/10 CDS\OT1/cmr/m/n/10 (\OML/cmm/m/it/10 f; g\OT1/cmr/m/n/10 ) = 
[]$  
 []


Package natbib Warning: Citation `ortiz2002procesamiento' on page 9 undefined o
n input line 644.


Package natbib Warning: Citation `chanussot1997bit' on page 9 undefined on inpu
t line 645.

LaTeX Info: Redefining \. on input line 647.
LaTeX Info: Redefining \% on input line 647.
[9 <./fig/Original_SinRuido.jpg> <./fig/img_gaussian_noise.jpg> <./fig/img_spec
kle_noise.jpg> <./fig/img_salt_and_pepper_noise.jpg (PNG copy)>]

Package natbib Warning: Citation `zamora2001comparative' on page 10 undefined o
n input line 647.


Package natbib Warning: Citation `angulo2003morphological' on page 10 undefined
 on input line 648.


Package natbib Warning: Citation `ortiz2002procesamiento' on page 10 undefined 
on input line 650.


LaTeX Warning: Reference `Transformacion' on page 10 undefined on input line 65
1.


LaTeX Warning: Reference `Transformacion' on page 10 undefined on input line 65
3.


LaTeX Warning: Reference `Transformacion' on page 10 undefined on input line 65
5.


LaTeX Warning: Reference `Transformacion' on page 10 undefined on input line 65
7.


LaTeX Warning: Reference `Transformacion' on page 10 undefined on input line 65
9.


LaTeX Warning: Reference `Transformacion' on page 10 undefined on input line 66
1.


LaTeX Warning: Reference `Transformacion' on page 10 undefined on input line 66
3.


Package natbib Warning: Citation `arbelaez2007berkeley' on page 10 undefined on
 input line 667.


LaTeX Warning: Reference `fig:imagen_ejemplo_ruido_gaussiano' on page 10 undefi
ned on input line 669.


LaTeX Warning: Reference `fig:ruido' on page 10 undefined on input line 669.


LaTeX Warning: Reference `fig:imagenes_resultado' on page 10 undefined on input
 line 669.

<fig/img_ruido_gaussian_83_0_105.jpg, id=67, 482.80376pt x 322.20375pt>
File: fig/img_ruido_gaussian_83_0_105.jpg Graphic file (type jpg)

<use fig/img_ruido_gaussian_83_0_105.jpg>
Package pdftex.def Info: fig/img_ruido_gaussian_83_0_105.jpg used on input line
 674.
(pdftex.def)             Requested size: 188.10242pt x 125.53113pt.

<fig/ALEX.png, id=68, 192.72pt x 130.4875pt>
File: fig/ALEX.png Graphic file (type png)
 <use fig/ALEX.png>
Package pdftex.def Info: fig/ALEX.png used on input line 708.
(pdftex.def)             Requested size: 117.56212pt x 79.59923pt.

<fig/AMLEX.png, id=69, 192.72pt x 130.4875pt>
File: fig/AMLEX.png Graphic file (type png)
 <use fig/AMLEX.png>
Package pdftex.def Info: fig/AMLEX.png used on input line 708.
(pdftex.def)             Requested size: 117.56212pt x 79.59923pt.

<fig/BM.png, id=70, 192.72pt x 130.4875pt>
File: fig/BM.png Graphic file (type png)
 <use fig/BM.png>
Package pdftex.def Info: fig/BM.png used on input line 708.
(pdftex.def)             Requested size: 117.56212pt x 79.59923pt.

<fig/DLAB.png, id=71, 192.72pt x 130.4875pt>
File: fig/DLAB.png Graphic file (type png)
 <use fig/DLAB.png>
Package pdftex.def Info: fig/DLAB.png used on input line 708.
(pdftex.def)             Requested size: 117.56212pt x 79.59923pt.

<fig/ED.png, id=72, 192.72pt x 130.4875pt>
File: fig/ED.png Graphic file (type png)
 <use fig/ED.png>
Package pdftex.def Info: fig/ED.png used on input line 737.
(pdftex.def)             Requested size: 117.56212pt x 79.59923pt.

<fig/HLEX.png, id=73, 192.72pt x 130.4875pt>
File: fig/HLEX.png Graphic file (type png)
 <use fig/HLEX.png>
Package pdftex.def Info: fig/HLEX.png used on input line 737.
(pdftex.def)             Requested size: 117.56212pt x 79.59923pt.

<fig/LEX.png, id=74, 192.72pt x 130.4875pt>
File: fig/LEX.png Graphic file (type png)
 <use fig/LEX.png>
Package pdftex.def Info: fig/LEX.png used on input line 737.
(pdftex.def)             Requested size: 117.56212pt x 79.59923pt.

<fig/MAXM5.png, id=75, 192.72pt x 130.4875pt>
File: fig/MAXM5.png Graphic file (type png)
 <use fig/MAXM5.png>
Package pdftex.def Info: fig/MAXM5.png used on input line 737.
(pdftex.def)             Requested size: 117.56212pt x 79.59923pt.

<fig/MEANM5.png, id=76, 192.72pt x 130.4875pt>
File: fig/MEANM5.png Graphic file (type png)
 <use fig/MEANM5.png>
Package pdftex.def Info: fig/MEANM5.png used on input line 767.
(pdftex.def)             Requested size: 117.56212pt x 79.59923pt.

<fig/MINM5.png, id=77, 192.72pt x 130.4875pt>
File: fig/MINM5.png Graphic file (type png)
 <use fig/MINM5.png>
Package pdftex.def Info: fig/MINM5.png used on input line 767.
(pdftex.def)             Requested size: 117.56212pt x 79.59923pt.

<fig/MOD2M5.png, id=78, 192.72pt x 130.4875pt>
File: fig/MOD2M5.png Graphic file (type png)
 <use fig/MOD2M5.png>
Package pdftex.def Info: fig/MOD2M5.png used on input line 767.
(pdftex.def)             Requested size: 117.56212pt x 79.59923pt.

<fig/MODM5.png, id=79, 192.72pt x 130.4875pt>
File: fig/MODM5.png Graphic file (type png)
 <use fig/MODM5.png>
Package pdftex.def Info: fig/MODM5.png used on input line 767.
(pdftex.def)             Requested size: 117.56212pt x 79.59923pt.

<fig/SMOM5.png, id=80, 192.72pt x 130.4875pt>
File: fig/SMOM5.png Graphic file (type png)
 <use fig/SMOM5.png>
Package pdftex.def Info: fig/SMOM5.png used on input line 783.
(pdftex.def)             Requested size: 117.56212pt x 79.59923pt.

<fig/VARM5.png, id=81, 192.72pt x 130.4875pt>
File: fig/VARM5.png Graphic file (type png)
 <use fig/VARM5.png>
Package pdftex.def Info: fig/VARM5.png used on input line 783.
(pdftex.def)             Requested size: 117.56212pt x 79.59923pt.

Underfull \hbox (badness 10000) in paragraph at lines 683--784

 []


LaTeX Warning: Reference `fig:imagen_ejemplo_ruido_gaussiano' on page 10 undefi
ned on input line 784.


LaTeX Warning: Reference `fig:imagen_ejemplo_ruido_gaussiano' on page 10 undefi
ned on input line 784.

PGFPlots: reading {anexos/files/color_and_marker_by_filter.txt}
PGFPlots: reading {anexos/files/ventanas_mae_gaussian.txt}
Missing character: There is no . in font nullfont!
Missing character: There is no 0 in font nullfont!
Missing character: There is no . in font nullfont!
Missing character: There is no 0 in font nullfont!
Missing character: There is no . in font nullfont!
Missing character: There is no 0 in font nullfont!
Missing character: There is no . in font nullfont!
Missing character: There is no 0 in font nullfont!
Missing character: There is no . in font nullfont!
Missing character: There is no 0 in font nullfont!
PGFPlots: reading {anexos/files/ventanas_mae_gaussian_tabla.txt}

LaTeX Font Warning: Font shape `OT1/cmr/bx/n' in size <8.5> not available
(Font)              size <8> substituted on input line 932.


LaTeX Font Warning: Font shape `OT1/cmr/bx/n' in size <4.25> not available
(Font)              size <5> substituted on input line 932.

PGFPlots: reading {anexos/files/ventanas_mae_salt_and_pepper.txt}
Missing character: There is no . in font nullfont!
Missing character: There is no 0 in font nullfont!
Missing character: There is no . in font nullfont!
Missing character: There is no 0 in font nullfont!
Missing character: There is no . in font nullfont!
Missing character: There is no 0 in font nullfont!
Missing character: There is no . in font nullfont!
Missing character: There is no 0 in font nullfont!
Missing character: There is no . in font nullfont!
Missing character: There is no 0 in font nullfont!
PGFPlots: reading {anexos/files/ventanas_mae_salt_and_pepper_tabla.txt}
PGFPlots: reading {anexos/files/ventanas_mae_speckle.txt}
Missing character: There is no . in font nullfont!
Missing character: There is no 0 in font nullfont!
Missing character: There is no . in font nullfont!
Missing character: There is no 0 in font nullfont!
Missing character: There is no . in font nullfont!
Missing character: There is no 0 in font nullfont!
Missing character: There is no . in font nullfont!
Missing character: There is no 0 in font nullfont!
Missing character: There is no . in font nullfont!
Missing character: There is no 0 in font nullfont!
PGFPlots: reading {anexos/files/ventanas_mae_speckle_tabla.txt}
PGFPlots: reading {anexos/files/ventanas_cds_gaussian.txt}
Missing character: There is no . in font nullfont!
Missing character: There is no 0 in font nullfont!
Missing character: There is no . in font nullfont!
Missing character: There is no 0 in font nullfont!
Missing character: There is no . in font nullfont!
Missing character: There is no 0 in font nullfont!
Missing character: There is no . in font nullfont!
Missing character: There is no 0 in font nullfont!
Missing character: There is no . in font nullfont!
Missing character: There is no 0 in font nullfont!
PGFPlots: reading {anexos/files/ventanas_cds_gaussian_tabla.txt}
PGFPlots: reading {anexos/files/ventanas_cds_salt_and_pepper.txt}
Missing character: There is no . in font nullfont!
Missing character: There is no 0 in font nullfont!
Missing character: There is no . in font nullfont!
Missing character: There is no 0 in font nullfont!
Missing character: There is no . in font nullfont!
Missing character: There is no 0 in font nullfont!
Missing character: There is no . in font nullfont!
Missing character: There is no 0 in font nullfont!
Missing character: There is no . in font nullfont!
Missing character: There is no 0 in font nullfont!
PGFPlots: reading {anexos/files/ventanas_cds_salt_and_pepper_tabla.txt}
PGFPlots: reading {anexos/files/ventanas_cds_speckle.txt}
Missing character: There is no . in font nullfont!
Missing character: There is no 0 in font nullfont!
Missing character: There is no . in font nullfont!
Missing character: There is no 0 in font nullfont!
Missing character: There is no . in font nullfont!
Missing character: There is no 0 in font nullfont!
Missing character: There is no . in font nullfont!
Missing character: There is no 0 in font nullfont!
Missing character: There is no . in font nullfont!
Missing character: There is no 0 in font nullfont!
PGFPlots: reading {anexos/files/ventanas_cds_speckle_tabla.txt}

LaTeX Warning: Reference `fig:gaussian_mae' on page 10 undefined on input line 
1540.


LaTeX Warning: Reference `tabla:gaussian_mae' on page 10 undefined on input lin
e 1540.


Overfull \hbox (3.55994pt too wide) in paragraph at lines 1540--1541
\T1/cmr/m/n/10 con rui-do gaus-siano, segn la mtri-ca MAE. Co-mo puede
 []

LaTeX Info: Redefining \. on input line 1541.
LaTeX Info: Redefining \% on input line 1541.
[10 <./fig/img_ruido_gaussian_83_0_105.jpg>]

LaTeX Warning: Reference `fig:salt_and_pepper_mae' on page 11 undefined on inpu
t line 1542.


LaTeX Warning: Reference `tabla:salt_and_pepper_mae' on page 11 undefined on in
put line 1542.


LaTeX Warning: Reference `fig:salt_and_pepper_mae' on page 11 undefined on inpu
t line 1542.


LaTeX Warning: Reference `fig:speckle_mae' on page 11 undefined on input line 1
544.


LaTeX Warning: Reference `tabla:speckle_mae' on page 11 undefined on input line
 1544.


Underfull \vbox (badness 10000) has occurred while \output is active []



LaTeX Warning: Reference `fig:gaussian_cds' on page 11 undefined on input line 
1546.


LaTeX Warning: Reference `fig:gaussian_cds' on page 11 undefined on input line 
1546.


LaTeX Warning: Reference `tabla:gaussian_cds' on page 11 undefined on input lin
e 1546.


Underfull \vbox (badness 10000) has occurred while \output is active []

LaTeX Info: Redefining \. on input line 1547.
LaTeX Info: Redefining \% on input line 1547.
 [11 <./fig/ALEX.png (PNG copy)> <./fig/AMLEX.png (PNG copy)> <./fig/BM.png (PN
G copy)> <./fig/DLAB.png (PNG copy)> <./fig/ED.png (PNG copy)> <./fig/HLEX.png 
(PNG copy)> <./fig/LEX.png (PNG copy)> <./fig/MAXM5.png (PNG copy)> <./fig/MEAN
M5.png (PNG copy)> <./fig/MINM5.png (PNG copy)> <./fig/MOD2M5.png (PNG copy)> <
./fig/MODM5.png (PNG copy)> <./fig/SMOM5.png (PNG copy)> <./fig/VARM5.png (PNG 
copy)>]

LaTeX Warning: Reference `fig:salt_and_pepper_cds' on page 12 undefined on inpu
t line 1548.


LaTeX Warning: Reference `tabla:gaussian_cds' on page 12 undefined on input lin
e 1548.


Underfull \vbox (badness 10000) has occurred while \output is active []



LaTeX Warning: Reference `fig:speckle_cds' on page 12 undefined on input line 1
550.


LaTeX Warning: Reference `tabla:speckle_cds' on page 12 undefined on input line
 1550.


Underfull \vbox (badness 10000) has occurred while \output is active []

LaTeX Info: Redefining \. on input line 1551.
LaTeX Info: Redefining \% on input line 1551.
 [12]

Package natbib Warning: Citation `hanbury2001morphological' on page 13 undefine
d on input line 1552.


Package natbib Warning: Citation `aptoula2007pseudo' on page 13 undefined on in
put line 1552.


Package natbib Warning: Citation `aptoula2008alpha' on page 13 undefined on inp
ut line 1552.


Package natbib Warning: Citation `angulo2010pseudo' on page 13 undefined on inp
ut line 1552.


Package natbib Warning: Citation `chen2002pseudo' on page 13 undefined on input
 line 1552.


Package natbib Warning: Citation `soille2013morphological' on page 13 undefined
 on input line 1553.


Package natbib Warning: Citation `mukhopadhyay2000multiscale' on page 13 undefi
ned on input line 1553.


Package natbib Warning: Citation `soille1997note' on page 13 undefined on input
 line 1553.


Package natbib Warning: Citation `bai2010analysis' on page 13 undefined on inpu
t line 1553.


Package natbib Warning: Citation `bai2010infrared' on page 13 undefined on inpu
t line 1553.


Package natbib Warning: Citation `bai2010analysis1' on page 13 undefined on inp
ut line 1553.


Underfull \vbox (badness 10000) has occurred while \output is active []

LaTeX Info: Redefining \. on input line 1555.
LaTeX Info: Redefining \% on input line 1555.
 [13]

Package natbib Warning: Citation `soille2013morphological' on page 14 undefined
 on input line 1556.


Underfull \vbox (badness 1648) has occurred while \output is active []



Package natbib Warning: Citation `susstrunk2003color' on page 14 undefined on i
nput line 1565.


LaTeX Warning: Reference `eq:cef' on page 14 undefined on input line 1566.


Underfull \vbox (badness 1178) has occurred while \output is active []

LaTeX Info: Redefining \. on input line 1567.
LaTeX Info: Redefining \% on input line 1567.
 [14]
Underfull \vbox (badness 10000) has occurred while \output is active []

LaTeX Info: Redefining \. on input line 1578.
LaTeX Info: Redefining \% on input line 1578.
 [15]

LaTeX Warning: Reference `eq:cef' on page 16 undefined on input line 1580.


LaTeX Warning: Reference `eq:cef' on page 16 undefined on input line 1580.


LaTeX Warning: Reference `cef' on page 16 undefined on input line 1580.


Package natbib Warning: Citation `arbelaez2007berkeley' on page 16 undefined on
 input line 1585.


LaTeX Warning: Reference `tab:EXP_N1' on page 16 undefined on input line 1586.


LaTeX Warning: Reference `contraste' on page 16 undefined on input line 1586.


Overfull \hbox (3.67468pt too wide) in paragraph at lines 1585--1589
[]\T1/cmr/m/n/10 Las prue-bas fueron re-al-izadas con 100 im-genes difer-
 []


Overfull \hbox (1.1994pt too wide) in paragraph at lines 1585--1589
\T1/cmr/m/n/10 puede ver los re-sul-ta-dos de las dis-tin-tas it-era-ciones (it
er)
 []

LaTeX Info: Redefining \. on input line 1589.
LaTeX Info: Redefining \% on input line 1589.
[16]
Underfull \vbox (badness 10000) has occurred while \output is active []



LaTeX Font Warning: Font shape `T1/cmr/bx/n' in size <8.5> not available
(Font)              size <8> substituted on input line 1595.


LaTeX Warning: Reference `fig:mejora' on page 17 undefined on input line 1622.


LaTeX Warning: Reference `contraste' on page 17 undefined on input line 1622.

<fig/Imagen3.jpg, id=105, 482.80376pt x 322.20375pt>
File: fig/Imagen3.jpg Graphic file (type jpg)
 <use fig/Imagen3.jpg>
Package pdftex.def Info: fig/Imagen3.jpg used on input line 1640.
(pdftex.def)             Requested size: 198.00075pt x 132.1388pt.

<fig/Resultado3_3_4.jpg, id=106, 482.80376pt x 322.20375pt>
File: fig/Resultado3_3_4.jpg Graphic file (type jpg)

<use fig/Resultado3_3_4.jpg>
Package pdftex.def Info: fig/Resultado3_3_4.jpg used on input line 1648.
(pdftex.def)             Requested size: 198.00075pt x 132.1388pt.

Underfull \hbox (badness 10000) in paragraph at lines 1633--1649

 []


LaTeX Warning: Reference `contraste' on page 17 undefined on input line 1649.


LaTeX Warning: Reference `contraste' on page 17 undefined on input line 1649.


Package natbib Warning: Citation `lefevre2009beyond' on page 17 undefined on in
put line 1655.


Underfull \vbox (badness 10000) has occurred while \output is active []

LaTeX Info: Redefining \. on input line 1656.
LaTeX Info: Redefining \% on input line 1656.
 [17]

Package natbib Warning: Citation `palm2004color' on page 18 undefined on input 
line 1659.


Package natbib Warning: Citation `van2005parallel' on page 18 undefined on inpu
t line 1659.


Package natbib Warning: Citation `matheron1975random' on page 18 undefined on i
nput line 1661.


Package natbib Warning: Citation `vincent2000granulometries' on page 18 undefin
ed on input line 1661.


Package natbib Warning: Citation `soille2013morphological' on page 18 undefined
 on input line 1661.


Package natbib Warning: Citation `matheron1975random' on page 18 undefined on i
nput line 1672.


Package natbib Warning: Citation `maragos1989pattern' on page 18 undefined on i
nput line 1672.


Package natbib Warning: Citation `aptoula2007morphological' on page 18 undefine
d on input line 1677.


LaTeX Warning: Reference `fig:outex13' on page 18 undefined on input line 1683.



Package natbib Warning: Citation `ojala2002outex' on page 18 undefined on input
 line 1683.

<fig/outex13.png, id=110, 837.1275pt x 559.08875pt>
File: fig/outex13.png Graphic file (type png)
 <use fig/outex13.png>
Package pdftex.def Info: fig/outex13.png used on input line 1688.
(pdftex.def)             Requested size: 209.28136pt x 139.77184pt.


Package natbib Warning: Citation `de2006selecting' on page 18 undefined on inpu
t line 1696.

LaTeX Info: Redefining \. on input line 1698.
LaTeX Info: Redefining \% on input line 1698.
[18 <./fig/Imagen3.jpg> <./fig/Resultado3_3_4.jpg>]

LaTeX Warning: Reference `tab:experiment1_t1' on page 19 undefined on input lin
e 1762.


Package natbib Warning: Citation `hanbury2005illumination' on page 19 undefined
 on input line 1762.


Package natbib Warning: Citation `bianconi2011theoretical' on page 19 undefined
 on input line 1762.


Underfull \vbox (badness 1067) has occurred while \output is active []



Package natbib Warning: Citation `ortiz2004gaussian' on page 19 undefined on in
put line 1772.


Package natbib Warning: Citation `ortiz2002procesamiento' on page 19 undefined 
on input line 1772.

LaTeX Info: Redefining \. on input line 1774.
LaTeX Info: Redefining \% on input line 1774.
[19 <./fig/outex13.png>]
No file templateBORR.bbl.

Package natbib Warning: There were undefined citations.

LaTeX Info: Redefining \. on input line 1857.
LaTeX Info: Redefining \% on input line 1857.
[20

] (templateBORR.aux
LaTeX Info: Redefining \. on input line 10.
LaTeX Info: Redefining \% on input line 10.
)

LaTeX Font Warning: Size substitutions with differences
(Font)              up to 1.28pt have occurred.


LaTeX Warning: There were undefined references.


LaTeX Warning: Label(s) may have changed. Rerun to get cross-references right.

 ) 
Here is how much of TeX's memory you used:
 30363 strings out of 495255
 716651 string characters out of 3182120
 1463166 words of memory out of 3000000
 33041 multiletter control sequences out of 15000+200000
 19190 words of font info for 58 fonts, out of 3000000 for 9000
 14 hyphenation exceptions out of 8191
 62i,20n,107p,1471b,2341s stack positions out of 5000i,500n,10000p,200000b,50000s
 <C:\Users\laptop\AppData\Local\MiKTeX\2.9\fonts\pk\ljfour\jknappen\ec\dpi600
\ecbx0800.pk> <C:\Users\laptop\AppData\Local\MiKTeX\2.9\fonts\pk\ljfour\jknappe
n\ec\dpi600\ecsl1000.pk> <C:\Users\laptop\AppData\Local\MiKTeX\2.9\fonts\pk\ljf
our\jknappen\ec\dpi600\ecti1000.pk> <C:\Users\laptop\AppData\Local\MiKTeX\2.9\f
onts\pk\ljfour\jknappen\ec\dpi600\tcrm0800.pk> <C:\Users\laptop\AppData\Local\M
iKTeX\2.9\fonts\pk\ljfour\jknappen\ec\dpi600\ecrm0800.pk> <C:\Users\laptop\AppD
ata\Local\MiKTeX\2.9\fonts\pk\ljfour\jknappen\ec\dpi600\ecbx1728.pk> <C:\Users\
laptop\AppData\Local\MiKTeX\2.9\fonts\pk\ljfour\jknappen\ec\dpi600\ecrm1000.pk>
 <C:\Users\laptop\AppData\Local\MiKTeX\2.9\fonts\pk\ljfour\jknappen\ec\dpi600\e
cbx1000.pk><C:/Program Files/MiKTeX 2.9/fonts/type1/public/amsfonts/cm/cmbsy10.
pfb><C:/Program Files/MiKTeX 2.9/fonts/type1/public/amsfonts/cm/cmbx10.pfb><C:/
Program Files/MiKTeX 2.9/fonts/type1/public/amsfonts/cm/cmbx7.pfb><C:/Program F
iles/MiKTeX 2.9/fonts/type1/public/amsfonts/cm/cmbx8.pfb><C:/Program Files/MiKT
eX 2.9/fonts/type1/public/amsfonts/cm/cmex10.pfb><C:/Program Files/MiKTeX 2.9/f
onts/type1/public/amsfonts/cm/cmmi10.pfb><C:/Program Files/MiKTeX 2.9/fonts/typ
e1/public/amsfonts/cm/cmmi5.pfb><C:/Program Files/MiKTeX 2.9/fonts/type1/public
/amsfonts/cm/cmmi6.pfb><C:/Program Files/MiKTeX 2.9/fonts/type1/public/amsfonts
/cm/cmmi7.pfb><C:/Program Files/MiKTeX 2.9/fonts/type1/public/amsfonts/cm/cmmi8
.pfb><C:/Program Files/MiKTeX 2.9/fonts/type1/public/amsfonts/cm/cmr10.pfb><C:/
Program Files/MiKTeX 2.9/fonts/type1/public/amsfonts/cm/cmr5.pfb><C:/Program Fi
les/MiKTeX 2.9/fonts/type1/public/amsfonts/cm/cmr7.pfb><C:/Program Files/MiKTeX
 2.9/fonts/type1/public/amsfonts/cm/cmr8.pfb><C:/Program Files/MiKTeX 2.9/fonts
/type1/public/amsfonts/cm/cmsy10.pfb><C:/Program Files/MiKTeX 2.9/fonts/type1/p
ublic/amsfonts/cm/cmsy5.pfb><C:/Program Files/MiKTeX 2.9/fonts/type1/public/ams
fonts/cm/cmsy7.pfb><C:/Program Files/MiKTeX 2.9/fonts/type1/public/amsfonts/cm/
cmsy8.pfb><C:/Program Files/MiKTeX 2.9/fonts/type1/public/amsfonts/symbols/msbm
10.pfb>
Output written on templateBORR.pdf (20 pages, 2853686 bytes).
PDF statistics:
 528 PDF objects out of 1000 (max. 8388607)
 0 named destinations out of 1000 (max. 500000)
 148 words of extra memory for PDF output out of 10000 (max. 10000000)

